#
# A fatal error has been detected by the Java Runtime Environment:
#
#  EXCEPTION_ACCESS_VIOLATION (0xc0000005) at pc=0x0000012c24ac0031, pid=43844, tid=8892
#
# JRE version: OpenJDK Runtime Environment Temurin-17.0.17+10 (17.0.17+10) (build 17.0.17+10)
# Java VM: OpenJDK 64-Bit Server VM Temurin-17.0.17+10 (17.0.17+10, mixed mode, sharing, tiered, compressed oops, compressed class ptrs, g1 gc, windows-amd64)
# Problematic frame:
# C  0x0000012c24ac0031
#
# No core dump will be written. Minidumps are not enabled by default on client versions of Windows
#
# If you would like to submit a bug report, please visit:
#   https://github.com/adoptium/adoptium-support/issues
# The crash happened outside the Java Virtual Machine in native code.
# See problematic frame for where to report the bug.
#

---------------  S U M M A R Y ------------

Command Line: -javaagent:C:\Program Files\JetBrains\IntelliJ IDEA Community Edition 2025.2.5\lib\idea_rt.jar=65143 -Dfile.encoding=UTF-8 ch.hevs.gdx2d.hello.Launch

Host: Intel(R) Core(TM) Ultra 7 255U, 14 cores, 31G,  Windows 11 , 64 bit Build 26100 (10.0.26100.8246)
Time: Thu May 28 10:56:59 2026 Europe de l , 64 bit Build 26100 (10.0.26100.8246) elapsed time: 7.429719 seconds (0d 0h 0m 7s)

---------------  T H R E A D  ---------------

Current thread (0x0000012c77b15420):  JavaThread "main" [_thread_in_native, id=8892, stack(0x000000071d900000,0x000000071da00000)]

Stack: [0x000000071d900000,0x000000071da00000],  sp=0x000000071d9feb10,  free space=1018k
Native frames: (J=compiled Java code, j=interpreted, Vv=VM code, C=native code)
C  0x0000012c24ac0031

Java frames: (J=compiled Java code, j=interpreted, Vv=VM code)
J 1428  org.lwjgl.system.JNI.invokePV(JJ)V (0 bytes) @ 0x0000012c07b5ae6c [0x0000012c07b5ae20+0x000000000000004c]
J 1518 c1 org.lwjgl.glfw.GLFW.glfwSwapBuffers(J)V (21 bytes) @ 0x0000012c00288c3c [0x0000012c00288b60+0x00000000000000dc]
j  com.badlogic.gdx.backends.lwjgl3.Lwjgl3Window.update()Z+291
j  com.badlogic.gdx.backends.lwjgl3.Lwjgl3Application.loop()V+120
j  com.badlogic.gdx.backends.lwjgl3.Lwjgl3Application.<init>(Lcom/badlogic/gdx/ApplicationListener;Lcom/badlogic/gdx/backends/lwjgl3/Lwjgl3ApplicationConfiguration;)V+269
j  ch.hevs.gdx2d.desktop.DesktopApplication.createLwjglApplication(IIZ)V+34
j  ch.hevs.gdx2d.desktop.DesktopApplication.launch()V+67
j  ch.hevs.gdx2d.hello.Launch$.main([Ljava/lang/String;)V+8
j  ch.hevs.gdx2d.hello.Launch.main([Ljava/lang/String;)V+4
v  ~StubRoutines::call_stub

siginfo: EXCEPTION_ACCESS_VIOLATION (0xc0000005), writing address 0x0000000000022c24


Registers:
RAX=0x0000012c24ac0010, RBX=0x0000000000010001, RCX=0x0000000000010000, RDX=0x000000071d9feb50
RSP=0x000000071d9feb10, RBP=0x000000071d9fec20, RSI=0x0000000000000110, RDI=0x000000000000096c
R8 =0x0000012c246db690, R9 =0x00007ff9a0571d90, R10=0x00007ff9a1c21380, R11=0x000000071d9fef88
R12=0x0000000000000000, R13=0x000000071d9ff090, R14=0x000000071d9fefe0, R15=0x0000012c77b15420
RIP=0x0000012c24ac0031, EFLAGS=0x0000000000010247

XMM[0]=0x7972617262696c20 0x57464c4720656854
XMM[1]=0x696c616974696e69 0x20746f6e20736920
XMM[2]=0x0000000000000000 0x3ff0000000000000
XMM[3]=0x0000000000000000 0x0000000000000000
XMM[4]=0x0000000000000000 0x0000000000000000
XMM[5]=0x0000000000000000 0x0000000000000000
XMM[6]=0x0000000000000000 0x000000003f000000
XMM[7]=0x0000000000000000 0x0000000045700000
XMM[8]=0x0000000000000000 0x0000000045480000
XMM[9]=0x0000000000000000 0x00000000feffffff
XMM[10]=0x0000000000000000 0x0000000000000000
XMM[11]=0x0000000000000000 0x000000003a72b9d6
XMM[12]=0x0000000000000000 0x0000000000000000
XMM[13]=0x0000000000000000 0x0000000000000000
XMM[14]=0x0000000000000000 0x0000000000000000
XMM[15]=0x0000000000000000 0x0000000000000000
  MXCSR=0x00001fa0


Register to memory mapping:

RIP=0x0000012c24ac0031 points into unknown readable memory: 00 b1 24 2c 01 00 00
RAX=0x0000012c24ac0010 points into unknown readable memory: 0x00007ff9a1c90b00 | 00 0b c9 a1 f9 7f 00 00
RBX=0x0000000000010001 is an unknown value
RCX=0x0000000000010000 is an unknown value
RDX=0x000000071d9feb50 is pointing into the stack for thread: 0x0000012c77b15420
RSP=0x000000071d9feb10 is pointing into the stack for thread: 0x0000012c77b15420
RBP=0x000000071d9fec20 is pointing into the stack for thread: 0x0000012c77b15420
RSI=0x0000000000000110 is an unknown value
RDI=0x000000000000096c is an unknown value
R8 =0x0000012c246db690 points into unknown readable memory: 0x0000000000000000 | 00 00 00 00 00 00 00 00
R9 =0x00007ff9a0571d90 glfw.dll
R10=0x00007ff9a1c21380 lwjgl.dll
R11=0x000000071d9fef88 is pointing into the stack for thread: 0x0000012c77b15420
R12=0x0 is NULL
R13=0x000000071d9ff090 is pointing into the stack for thread: 0x0000012c77b15420
R14=0x000000071d9fefe0 is pointing into the stack for thread: 0x0000012c77b15420
R15=0x0000012c77b15420 is a thread


Top of Stack: (sp=0x000000071d9feb10)
0x000000071d9feb10:   fffffffff9a1c454 00007ff9a05722dc
0x000000071d9feb20:   0000000000000080 00007ff8e7ef6690
0x000000071d9feb30:   0000000000000005 000000071d9fecd0
0x000000071d9feb40:   0000012c667eb218 0000012c667eb218
0x000000071d9feb50:   57464c4720656854 7972617262696c20
0x000000071d9feb60:   20746f6e20736920 696c616974696e69
0x000000071d9feb70:   0000012c0064657a 0000012c667f11c8
0x000000071d9feb80:   0000012c260922d0 00007ff8e825a1df
0x000000071d9feb90:   0000012c77b15420 000000071d9fed40
0x000000071d9feba0:   0000012c7582eed0 000000071d9fec38
0x000000071d9febb0:   0000012c260922d0 0000000000000001
0x000000071d9febc0:   0000012c77b15420 0000000000000000
0x000000071d9febd0:   0000012c667eb218 0000012c77b15420
0x000000071d9febe0:   00000000000000b6 00007ff8e7f37569
0x000000071d9febf0:   0000012c7582eed0 000000071d9fed80
0x000000071d9fec00:   000000071d9fed40 0000012c77b15420
0x000000071d9fec10:   0000012c77b15420 00000000000000b6
0x000000071d9fec20:   0000012c77b15420 0000012c77af9800
0x000000071d9fec30:   000000071d9fed80 00007ff8e7f37b0e
0x000000071d9fec40:   0000000000000000 0000012c667f11c8
0x000000071d9fec50:   0000012c667fadf0 000000071d9fecc0
0x000000071d9fec60:   0000000000000000 0000012c000a0101
0x000000071d9fec70:   0000012c77b15420 00007ff8e80788c0
0x000000071d9fec80:   0000012c667eb218 0000012c7582eed0
0x000000071d9fec90:   0000012c77b15420 0000000000000001
0x000000071d9feca0:   00000000000000b6 0000012c77b15420
0x000000071d9fecb0:   0000012c667eb218 0000012c77b15420
0x000000071d9fecc0:   0000012c667eb218 0000012c77b15420
0x000000071d9fecd0:   0000012c667ee168 0000012c77b15420
0x000000071d9fece0:   000000071d9feef0 0000012c07549d9d
0x000000071d9fecf0:   000000044e410638 000000071d9fecf8
0x000000071d9fed00:   0000012c667f4a60 000000071d9fed50 

Instructions: (pc=0x0000012c24ac0031)
0x0000012c24abff31:   ?? ?? ?? ?? ?? ?? ?? ?? ?? ?? ?? ?? ?? ?? ?? ??
0x0000012c24abff41:   ?? ?? ?? ?? ?? ?? ?? ?? ?? ?? ?? ?? ?? ?? ?? ??
0x0000012c24abff51:   ?? ?? ?? ?? ?? ?? ?? ?? ?? ?? ?? ?? ?? ?? ?? ??
0x0000012c24abff61:   ?? ?? ?? ?? ?? ?? ?? ?? ?? ?? ?? ?? ?? ?? ?? ??
0x0000012c24abff71:   ?? ?? ?? ?? ?? ?? ?? ?? ?? ?? ?? ?? ?? ?? ?? ??
0x0000012c24abff81:   ?? ?? ?? ?? ?? ?? ?? ?? ?? ?? ?? ?? ?? ?? ?? ??
0x0000012c24abff91:   ?? ?? ?? ?? ?? ?? ?? ?? ?? ?? ?? ?? ?? ?? ?? ??
0x0000012c24abffa1:   ?? ?? ?? ?? ?? ?? ?? ?? ?? ?? ?? ?? ?? ?? ?? ??
0x0000012c24abffb1:   ?? ?? ?? ?? ?? ?? ?? ?? ?? ?? ?? ?? ?? ?? ?? ??
0x0000012c24abffc1:   ?? ?? ?? ?? ?? ?? ?? ?? ?? ?? ?? ?? ?? ?? ?? ??
0x0000012c24abffd1:   ?? ?? ?? ?? ?? ?? ?? ?? ?? ?? ?? ?? ?? ?? ?? ??
0x0000012c24abffe1:   ?? ?? ?? ?? ?? ?? ?? ?? ?? ?? ?? ?? ?? ?? ?? ??
0x0000012c24abfff1:   ?? ?? ?? ?? ?? ?? ?? ?? ?? ?? ?? ?? ?? ?? ?? 00
0x0000012c24ac0001:   00 00 00 00 00 00 00 41 00 00 00 00 00 00 00 00
0x0000012c24ac0011:   0b c9 a1 f9 7f 00 00 e0 0b c9 a1 f9 7f 00 00 00
0x0000012c24ac0021:   0f 1f 80 00 00 00 00 68 54 c4 a1 f9 7f 00 00 00
0x0000012c24ac0031:   00 b1 24 2c 01 00 00 c0 12 c2 a1 f9 7f 00 00 40
0x0000012c24ac0041:   00 00 00 00 00 00 00 42 00 00 00 00 00 00 00 f3
0x0000012c24ac0051:   0f 1e fa 4c 8d 15 f5 ff ff ff ff 25 07 00 00 00
0x0000012c24ac0061:   0f 1f 80 00 00 00 00 68 54 c4 a1 f9 7f 00 00 20
0x0000012c24ac0071:   00 b1 24 2c 01 00 00 c0 12 c2 a1 f9 7f 00 00 b8
0x0000012c24ac0081:   d4 ee 7f 2c 01 00 00 43 00 00 00 00 00 00 00 f3
0x0000012c24ac0091:   0f 1e fa 4c 8d 15 f5 ff ff ff ff 25 07 00 00 00
0x0000012c24ac00a1:   0f 1f 80 00 00 00 00 68 54 c4 a1 f9 7f 00 00 40
0x0000012c24ac00b1:   00 b1 24 2c 01 00 00 c0 12 c2 a1 f9 7f 00 00 c0
0x0000012c24ac00c1:   d4 ee 7f 2c 01 00 00 43 00 00 00 00 00 00 00 f3
0x0000012c24ac00d1:   0f 1e fa 4c 8d 15 f5 ff ff ff ff 25 07 00 00 00
0x0000012c24ac00e1:   0f 1f 80 00 00 00 00 68 54 c4 a1 f9 7f 00 00 60
0x0000012c24ac00f1:   00 b1 24 2c 01 00 00 c0 12 c2 a1 f9 7f 00 00 c8
0x0000012c24ac0101:   d4 ee 7f 2c 01 00 00 43 00 00 00 00 00 00 00 f3
0x0000012c24ac0111:   0f 1e fa 4c 8d 15 f5 ff ff ff ff 25 07 00 00 00
0x0000012c24ac0121:   0f 1f 80 00 00 00 00 68 54 c4 a1 f9 7f 00 00 80 


Stack slot to memory mapping:
stack at sp + 0 slots: 0xfffffffff9a1c454 is an unknown value
stack at sp + 1 slots: 0x00007ff9a05722dc glfw.dll
stack at sp + 2 slots: 0x0000000000000080 is an unknown value
stack at sp + 3 slots: 0x00007ff8e7ef6690 jvm.dll
stack at sp + 4 slots: 0x0000000000000005 is an unknown value
stack at sp + 5 slots: 0x000000071d9fecd0 is pointing into the stack for thread: 0x0000012c77b15420
stack at sp + 6 slots: {method} {0x0000012c667eb220} 'end' '()V' in 'com/badlogic/gdx/utils/SnapshotArray'
stack at sp + 7 slots: {method} {0x0000012c667eb220} 'end' '()V' in 'com/badlogic/gdx/utils/SnapshotArray'


Compiled method (n/a) 7464 1428     n 0       org.lwjgl.system.JNI::invokePV (native)
 total in heap  [0x0000012c07b5ac90,0x0000012c07b5b048] = 952
 relocation     [0x0000012c07b5adf0,0x0000012c07b5ae20] = 48
 main code      [0x0000012c07b5ae20,0x0000012c07b5b040] = 544
 oops           [0x0000012c07b5b040,0x0000012c07b5b048] = 8

[Constant Pool (empty)]

[MachCode]
[Entry Point]
  # {method} {0x0000012c66519de8} 'invokePV' '(JJ)V' in 'org/lwjgl/system/JNI'
  # parm0:    rdx:rdx   = long
  # parm1:    r8:r8     = long
  #           [sp+0x70]  (sp of caller)
  0x0000012c07b5ae20: 448b 5208 | 49bb 0000 | 0025 2c01 | 0000 4d03 | d349 3bc2 | 0f84 0600 

  0x0000012c07b5ae38: ;   {runtime_call ic_miss_stub}
  0x0000012c07b5ae38: 0000 e941 | 62a2 ff90 
[Verified Entry Point]
  0x0000012c07b5ae40: 8984 2400 | 90ff ff55 | 488b ec48 | 83ec 604d | 8bc8 4c8b 

  0x0000012c07b5ae54: ;   {oop(a 'java/lang/Class'{0x000000044e50bc00} = 'org/lwjgl/system/JNI')}
  0x0000012c07b5ae54: c249 be00 | bc50 4e04 | 0000 004c | 8974 2450 | 4c8d 7424 | 5049 8bd6 

  0x0000012c07b5ae6c: ;   {internal_word}
  0x0000012c07b5ae6c: c5f8 7749 | ba6c aeb5 | 072c 0100 | 004d 8997 | a002 0000 | 4989 a798 

  0x0000012c07b5ae84: ;   {external_word}
  0x0000012c07b5ae84: 0200 0049 | bad5 c687 | e8f8 7f00 | 0041 803a | 000f 8452 | 0000 0052 | 4150 4151 

  0x0000012c07b5aea0: ;   {metadata({method} {0x0000012c66519de8} 'invokePV' '(JJ)V' in 'org/lwjgl/system/JNI')}
  0x0000012c07b5aea0: 48ba e09d | 5166 2c01 | 0000 498b | cf48 83ec | 20f7 c40f | 0000 000f | 841a 0000 | 0048 83ec 
  0x0000012c07b5aec0: ;   {runtime_call}
  0x0000012c07b5aec0: 0849 ba10 | 993d e8f8 | 7f00 0041 | ffd2 4883 | c408 e90d 

  0x0000012c07b5aed4: ;   {runtime_call}
  0x0000012c07b5aed4: 0000 0049 | ba10 993d | e8f8 7f00 | 0041 ffd2 | 4883 c420 | 4159 4158 | 5a49 8d8f | b802 0000 
  0x0000012c07b5aef4: 41c7 8740 | 0300 0004 

  0x0000012c07b5aefc: ;   {runtime_call}
  0x0000012c07b5aefc: 0000 0049 | ba80 13c2 | a1f9 7f00 | 0041 ffd2 | c5f8 7741 | c787 4003 | 0000 0500 | 0000 f083 
  0x0000012c07b5af1c: 4424 c000 | 493b af48 | 0300 000f | 8711 0000 | 0041 81bf | 3003 0000 | 0000 0000 | 0f84 2400 
  0x0000012c07b5af3c: 0000 c5f8 | 7749 8bcf | 4c8b e448 | 83ec 2048 

  0x0000012c07b5af4c: ;   {runtime_call}
  0x0000012c07b5af4c: 83e4 f049 | ba00 a94d | e8f8 7f00 | 0041 ffd2 | 498b e44d | 33e4 41c7 | 8740 0300 | 0008 0000 
  0x0000012c07b5af6c: 0041 81bf | b003 0000 | 0200 0000 | 0f84 9b00 

  0x0000012c07b5af7c: ;   {external_word}
  0x0000012c07b5af7c: 0000 49ba | d5c6 87e8 | f87f 0000 | 4180 3a00 | 0f84 4800 

  0x0000012c07b5af90: ;   {metadata({method} {0x0000012c66519de8} 'invokePV' '(JJ)V' in 'org/lwjgl/system/JNI')}
  0x0000012c07b5af90: 0000 48ba | e09d 5166 | 2c01 0000 | 498b cf48 | 83ec 20f7 | c40f 0000 | 000f 841a | 0000 0048 
  0x0000012c07b5afb0: ;   {runtime_call}
  0x0000012c07b5afb0: 83ec 0849 | ba10 993d | e8f8 7f00 | 0041 ffd2 | 4883 c408 | e90d 0000 

  0x0000012c07b5afc8: ;   {runtime_call}
  0x0000012c07b5afc8: 0049 ba10 | 993d e8f8 | 7f00 0041 | ffd2 4883 | c420 49c7 | 8798 0200 | 0000 0000 | 0049 c787 
  0x0000012c07b5afe8: a002 0000 | 0000 0000 | c5f8 7749 | 8b8f d800 | 0000 c781 | 0001 0000 | 0000 0000 | c949 817f 
  0x0000012c07b5b008: 0800 0000 | 000f 8501 | 0000 00c3 

  0x0000012c07b5b014: ;   {runtime_call StubRoutines (1)}
  0x0000012c07b5b014: e9e7 5e9d | ffc5 f877 | 4c8b e448 | 83ec 2048 

  0x0000012c07b5b024: ;   {runtime_call}
  0x0000012c07b5b024: 83e4 f049 | ba00 ca3d | e8f8 7f00 | 0041 ffd2 | 498b e44d | 33e4 e93f | ffff fff4 
[/MachCode]


Compiled method (c1) 7467 1518       3       org.lwjgl.glfw.GLFW::glfwSwapBuffers (21 bytes)
 total in heap  [0x0000012c00288990,0x0000012c00288f08] = 1400
 relocation     [0x0000012c00288af0,0x0000012c00288b48] = 88
 main code      [0x0000012c00288b60,0x0000012c00288da0] = 576
 stub code      [0x0000012c00288da0,0x0000012c00288df8] = 88
 oops           [0x0000012c00288df8,0x0000012c00288e00] = 8
 metadata       [0x0000012c00288e00,0x0000012c00288e10] = 16
 scopes data    [0x0000012c00288e10,0x0000012c00288e80] = 112
 scopes pcs     [0x0000012c00288e80,0x0000012c00288f00] = 128
 dependencies   [0x0000012c00288f00,0x0000012c00288f08] = 8

[Constant Pool (empty)]

[MachCode]
[Verified Entry Point]
  # {method} {0x0000012c6655f200} 'glfwSwapBuffers' '(J)V' in 'org/lwjgl/glfw/GLFW'
  # parm0:    rdx:rdx   = long
  #           [sp+0x80]  (sp of caller)
  0x0000012c00288b60: 8984 2400 | 90ff ff55 | 4883 ec70 

  0x0000012c00288b6c: ;   {metadata(method data for {method} {0x0000012c6655f200} 'glfwSwapBuffers' '(J)V' in 'org/lwjgl/glfw/GLFW')}
  0x0000012c00288b6c: 49b8 88ca | c666 2c01 | 0000 418b | b0cc 0000 | 0083 c602 | 4189 b0cc | 0000 0081 | e6fe 0700 
  0x0000012c00288b8c: 0083 fe00 | 0f84 5001 

  0x0000012c00288b94: ;   {metadata(method data for {method} {0x0000012c6655f200} 'glfwSwapBuffers' '(J)V' in 'org/lwjgl/glfw/GLFW')}
  0x0000012c00288b94: 0000 49b8 | 88ca c666 | 2c01 0000 | 41ff 8020 

  0x0000012c00288ba4: ;   {metadata(method data for {method} {0x0000012c6655f200} 'glfwSwapBuffers' '(J)V' in 'org/lwjgl/glfw/GLFW')}
  0x0000012c00288ba4: 0100 0049 | b888 cac6 | 662c 0100 | 0049 8380 | 3001 0000 

  0x0000012c00288bb8: ;   {metadata(method data for {method} {0x0000012c664b3a38} 'check' '(J)J' in 'org/lwjgl/system/Checks')}
  0x0000012c00288bb8: 0149 b850 | 2260 662c | 0100 0041 | 8bb0 cc00 | 0000 83c6 | 0241 89b0 | cc00 0000 | 81e6 feff 
  0x0000012c00288bd8: 1f00 83fe | 000f 8424 | 0100 004c | 8bc2 4983 

  0x0000012c00288be8: ;   {metadata(method data for {method} {0x0000012c664b3a38} 'check' '(J)J' in 'org/lwjgl/system/Checks')}
  0x0000012c00288be8: f800 49b8 | 5022 6066 | 2c01 0000 | 48c7 c620 | 0100 000f | 8407 0000 | 0048 c7c6 | 1001 0000 
  0x0000012c00288c08: 498b 3c30 | 488d 7f01 | 4989 3c30 | 0f84 3500 

  0x0000012c00288c18: ;   {metadata(method data for {method} {0x0000012c6655f200} 'glfwSwapBuffers' '(J)V' in 'org/lwjgl/glfw/GLFW')}
  0x0000012c00288c18: 0000 49b8 | 88ca c666 | 2c01 0000 | 4983 8040 | 0100 0001 | 49b8 901d | 57a0 f97f 

  0x0000012c00288c34: ;   {static_call}
  0x0000012c00288c34: 0000 90e8 

  0x0000012c00288c38: ; ImmutableOopMap {}
                      ;*invokestatic invokePV {reexecute=0 rethrow=0 return_oop=0}
                      ; - org.lwjgl.glfw.GLFW::glfwSwapBuffers@17 (line 4937)
  0x0000012c00288c38: 0422 8d07 | 4883 c470 

  0x0000012c00288c40: ;   {poll_return}
  0x0000012c00288c40: 5d49 3ba7 | 4803 0000 | 0f87 da00 | 0000 c348 | 8954 2458 | 0f1f 4000 

  0x0000012c00288c58: ;   {no_reloc}
  0x0000012c00288c58: e9f0 0000 | 0000 0000 | 0000 498b | 8708 0100 | 0048 8d78 | 3049 3bbf | 1801 0000 | 0f87 dd00 
  0x0000012c00288c78: 0000 4989 | bf08 0100 | 0048 c700 | 0100 0000 | 488b ca49 | ba00 0000 | 252c 0100 | 0049 2bca 
  0x0000012c00288c98: 8948 0848 | 33c9 8948 | 0c48 33c9 | 4889 4810 | 4889 4818 | 4889 4820 | 4889 4828 

  0x0000012c00288cb4: ;   {metadata(method data for {method} {0x0000012c664b3a38} 'check' '(J)J' in 'org/lwjgl/system/Checks')}
  0x0000012c00288cb4: 488b d048 | be50 2260 | 662c 0100 | 0048 8386 | 3001 0000 | 0148 8bd0 | 4889 4424 | 5066 0f1f 
  0x0000012c00288cd4: ;   {optimized virtual_call}
  0x0000012c00288cd4: 4400 00e8 

  0x0000012c00288cd8: ; ImmutableOopMap {[80]=Oop }
                      ;*invokespecial <init> {reexecute=0 rethrow=0 return_oop=0}
                      ; - org.lwjgl.system.Checks::check@10 (line 188)
                      ; - org.lwjgl.glfw.GLFW::glfwSwapBuffers@11 (line 4935)
  0x0000012c00288cd8: a486 2f07 | 488b 4424 | 50e9 9d00 

  0x0000012c00288ce4: ;   {metadata({method} {0x0000012c6655f200} 'glfwSwapBuffers' '(J)V' in 'org/lwjgl/glfw/GLFW')}
  0x0000012c00288ce4: 0000 49ba | f8f1 5566 | 2c01 0000 | 4c89 5424 | 0848 c704 | 24ff ffff 

  0x0000012c00288cfc: ;   {runtime_call counter_overflow Runtime1 stub}
  0x0000012c00288cfc: ffe8 7e13 

  0x0000012c00288d00: ; ImmutableOopMap {}
                      ;*synchronization entry
                      ; - org.lwjgl.glfw.GLFW::glfwSwapBuffers@-1 (line 4933)
  0x0000012c00288d00: 3a07 e98f 

  0x0000012c00288d04: ;   {metadata({method} {0x0000012c664b3a38} 'check' '(J)J' in 'org/lwjgl/system/Checks')}
  0x0000012c00288d04: feff ff49 | ba30 3a4b | 662c 0100 | 004c 8954 | 2408 48c7 | 0424 ffff 

  0x0000012c00288d1c: ;   {runtime_call counter_overflow Runtime1 stub}
  0x0000012c00288d1c: ffff e85d 

  0x0000012c00288d20: ; ImmutableOopMap {}
                      ;*synchronization entry
                      ; - org.lwjgl.system.Checks::check@-1 (line 187)
                      ; - org.lwjgl.glfw.GLFW::glfwSwapBuffers@11 (line 4935)
  0x0000012c00288d20: 133a 07e9 | bbfe ffff 

  0x0000012c00288d28: ;   {internal_word}
  0x0000012c00288d28: 49ba 418c | 2800 2c01 | 0000 4d89 | 9760 0300 

  0x0000012c00288d38: ;   {runtime_call SafepointBlob}
  0x0000012c00288d38: 00e9 c2ec 

  0x0000012c00288d3c: ;   {metadata(NULL)}
  0x0000012c00288d3c: 2f07 48ba | 0000 0000 | 0000 0000 | b800 0f05 

  0x0000012c00288d4c: ;   {runtime_call load_klass_patching Runtime1 stub}
  0x0000012c00288d4c: 0ae8 aeff 

  0x0000012c00288d50: ; ImmutableOopMap {}
                      ;*new {reexecute=1 rethrow=0 return_oop=0}
                      ; - (reexecute) org.lwjgl.system.Checks::check@6 (line 188)
                      ; - org.lwjgl.glfw.GLFW::glfwSwapBuffers@11 (line 4935)
  0x0000012c00288d50: 3907 e901 | ffff ff48 

  0x0000012c00288d58: ;   {runtime_call fast_new_instance Runtime1 stub}
  0x0000012c00288d58: 8bd2 e821 

  0x0000012c00288d5c: ; ImmutableOopMap {}
                      ;*new {reexecute=0 rethrow=0 return_oop=0}
                      ; - org.lwjgl.system.Checks::check@6 (line 188)
                      ; - org.lwjgl.glfw.GLFW::glfwSwapBuffers@11 (line 4935)
  0x0000012c00288d5c: c839 07e9 | 50ff ffff | 9090 498b | 87d8 0300 | 0049 c787 | d803 0000 | 0000 0000 | 49c7 87e0 
  0x0000012c00288d7c: 0300 0000 | 0000 0048 | 83c4 705d 

  0x0000012c00288d88: ;   {runtime_call unwind_exception Runtime1 stub}
  0x0000012c00288d88: e9f3 d530 | 07f4 f4f4 | f4f4 f4f4 | f4f4 f4f4 | f4f4 f4f4 | f4f4 f4f4 
[Stub Code]
  0x0000012c00288da0: ;   {no_reloc}
  0x0000012c00288da0: 0f1f 4400 

  0x0000012c00288da4: ;   {static_stub}
  0x0000012c00288da4: 0048 bb00 | 0000 0000 

  0x0000012c00288dac: ;   {runtime_call}
  0x0000012c00288dac: 0000 00e9 | fbff ffff 

  0x0000012c00288db4: ;   {static_stub}
  0x0000012c00288db4: 9048 bb00 | 0000 0000 

  0x0000012c00288dbc: ;   {runtime_call}
  0x0000012c00288dbc: 0000 00e9 | fbff ffff 
[Exception Handler]
  0x0000012c00288dc4: ;   {runtime_call handle_exception_from_callee Runtime1 stub}
  0x0000012c00288dc4: e8b7 dc39 

  0x0000012c00288dc8: ;   {external_word}
  0x0000012c00288dc8: 0748 b900 | fa61 e8f8 | 7f00 0048 

  0x0000012c00288dd4: ;   {runtime_call}
  0x0000012c00288dd4: 83e4 f049 | ba00 8f2a | e8f8 7f00 | 0041 ffd2 

  0x0000012c00288de4: ;   {section_word}
  0x0000012c00288de4: f449 bae5 | 8d28 002c | 0100 0041 

  0x0000012c00288df0: ;   {runtime_call DeoptimizationBlob}
  0x0000012c00288df0: 52e9 aade | 2f07 f4f4 
[/MachCode]


---------------  P R O C E S S  ---------------

Threads class SMR info:
_java_thread_list=0x0000012c6c72d990, length=17, elements={
0x0000012c77b15420, 0x0000012c7fee5930, 0x0000012c7fee8500, 0x0000012c245fed70,
0x0000012c245ff640, 0x0000012c24600000, 0x0000012c246009c0, 0x0000012c246016b0,
0x0000012c24616870, 0x0000012c24619190, 0x0000012c2472af30, 0x0000012c247d6280,
0x0000012c24874b50, 0x0000012c6a62b020, 0x0000012c6be6b3b0, 0x0000012c6c6f6c60,
0x0000012c815f3890
}

Java Threads: ( => current thread )
=>0x0000012c77b15420 JavaThread "main" [_thread_in_native, id=8892, stack(0x000000071d900000,0x000000071da00000)]
  0x0000012c7fee5930 JavaThread "Reference Handler" daemon [_thread_blocked, id=39236, stack(0x000000071e000000,0x000000071e100000)]
  0x0000012c7fee8500 JavaThread "Finalizer" daemon [_thread_blocked, id=15416, stack(0x000000071e100000,0x000000071e200000)]
  0x0000012c245fed70 JavaThread "Signal Dispatcher" daemon [_thread_blocked, id=20904, stack(0x000000071e200000,0x000000071e300000)]
  0x0000012c245ff640 JavaThread "Attach Listener" daemon [_thread_blocked, id=44464, stack(0x000000071e300000,0x000000071e400000)]
  0x0000012c24600000 JavaThread "Service Thread" daemon [_thread_blocked, id=22372, stack(0x000000071e400000,0x000000071e500000)]
  0x0000012c246009c0 JavaThread "Monitor Deflation Thread" daemon [_thread_blocked, id=23928, stack(0x000000071e500000,0x000000071e600000)]
  0x0000012c246016b0 JavaThread "C2 CompilerThread0" daemon [_thread_blocked, id=42092, stack(0x000000071e600000,0x000000071e700000)]
  0x0000012c24616870 JavaThread "C1 CompilerThread0" daemon [_thread_blocked, id=32068, stack(0x000000071e700000,0x000000071e800000)]
  0x0000012c24619190 JavaThread "Sweeper thread" daemon [_thread_blocked, id=42016, stack(0x000000071e800000,0x000000071e900000)]
  0x0000012c2472af30 JavaThread "Common-Cleaner" daemon [_thread_blocked, id=24784, stack(0x000000071e900000,0x000000071ea00000)]
  0x0000012c247d6280 JavaThread "Monitor Ctrl-Break" daemon [_thread_in_native, id=43032, stack(0x000000071ea00000,0x000000071eb00000)]
  0x0000012c24874b50 JavaThread "Notification Thread" daemon [_thread_blocked, id=14156, stack(0x000000071eb00000,0x000000071ec00000)]
  0x0000012c6a62b020 JavaThread "Thread-0" daemon [_thread_blocked, id=35308, stack(0x000000071f300000,0x000000071f400000)]
  0x0000012c6be6b3b0 JavaThread "LWJGL3 Timer" daemon [_thread_blocked, id=38316, stack(0x000000071f800000,0x000000071f900000)]
  0x0000012c6c6f6c60 JavaThread "AssetManager" daemon [_thread_blocked, id=3152, stack(0x0000000720600000,0x0000000720700000)]
  0x0000012c815f3890 JavaThread "LWJGL3 Timer" daemon [_thread_blocked, id=46700, stack(0x0000000720900000,0x0000000720a00000)]

Other Threads:
  0x0000012c7fee13f0 VMThread "VM Thread" [stack: 0x000000071df00000,0x000000071e000000] [id=25100]
  0x0000012c24875030 WatcherThread [stack: 0x000000071ec00000,0x000000071ed00000] [id=18260]
  0x0000012c77bc2250 GCTaskThread "GC Thread#0" [stack: 0x000000071da00000,0x000000071db00000] [id=41672]
  0x0000012c6c4b7660 GCTaskThread "GC Thread#1" [stack: 0x000000071fc00000,0x000000071fd00000] [id=37120]
  0x0000012c6c692aa0 GCTaskThread "GC Thread#2" [stack: 0x000000071fd00000,0x000000071fe00000] [id=23148]
  0x0000012c6c674d90 GCTaskThread "GC Thread#3" [stack: 0x000000071fe00000,0x000000071ff00000] [id=35912]
  0x0000012c6c675050 GCTaskThread "GC Thread#4" [stack: 0x000000071ff00000,0x0000000720000000] [id=16376]
  0x0000012c6c6708a0 GCTaskThread "GC Thread#5" [stack: 0x0000000720000000,0x0000000720100000] [id=39224]
  0x0000012c6c670b60 GCTaskThread "GC Thread#6" [stack: 0x0000000720100000,0x0000000720200000] [id=36004]
  0x0000012c6c670e20 GCTaskThread "GC Thread#7" [stack: 0x0000000720200000,0x0000000720300000] [id=35280]
  0x0000012c6c667730 GCTaskThread "GC Thread#8" [stack: 0x0000000720300000,0x0000000720400000] [id=22936]
  0x0000012c6c6679f0 GCTaskThread "GC Thread#9" [stack: 0x0000000720400000,0x0000000720500000] [id=16900]
  0x0000012c6c667cb0 GCTaskThread "GC Thread#10" [stack: 0x0000000720500000,0x0000000720600000] [id=40144]
  0x0000012c7fcf3f70 ConcurrentGCThread "G1 Main Marker" [stack: 0x000000071db00000,0x000000071dc00000] [id=45464]
  0x0000012c7fcf63b0 ConcurrentGCThread "G1 Conc#0" [stack: 0x000000071dc00000,0x000000071dd00000] [id=41364]
  0x0000012c7fe11f90 ConcurrentGCThread "G1 Refine#0" [stack: 0x000000071dd00000,0x000000071de00000] [id=5340]
  0x0000012c7fe12860 ConcurrentGCThread "G1 Service" [stack: 0x000000071de00000,0x000000071df00000] [id=40900]

Threads with active compile tasks:

VM state: not at safepoint (normal execution)

VM Mutex/Monitor currently owned by a thread: None

Heap address: 0x0000000430800000, size: 8048 MB, Compressed Oops mode: Zero based, Oop shift amount: 3

CDS archive(s) mapped at: [0x0000012c25000000-0x0000012c25bb0000-0x0000012c25bb0000), size 12255232, SharedBaseAddress: 0x0000012c25000000, ArchiveRelocationMode: 1.
Compressed class space mapped at: 0x0000012c26000000-0x0000012c66000000, reserved size: 1073741824
Narrow klass base: 0x0000012c25000000, Narrow klass shift: 0, Narrow klass range: 0x100000000

GC Precious Log:
 CPUs: 14 total, 14 available
 Memory: 32181M
 Large Page Support: Disabled
 NUMA Support: Disabled
 Compressed Oops: Enabled (Zero based)
 Heap Region Size: 4M
 Heap Min Capacity: 8M
 Heap Initial Capacity: 504M
 Heap Max Capacity: 8048M
 Pre-touch: Disabled
 Parallel Workers: 11
 Concurrent Workers: 3
 Concurrent Refinement Workers: 11
 Periodic GC: Disabled

Heap:
 garbage-first heap   total 516096K, used 16313K [0x0000000430800000, 0x0000000627800000)
  region size 4096K, 5 young (20480K), 1 survivors (4096K)
 Metaspace       used 12219K, committed 12416K, reserved 1114112K
  class space    used 1223K, committed 1344K, reserved 1048576K

Heap Regions: E=young(eden), S=young(survivor), O=old, HS=humongous(starts), HC=humongous(continues), CS=collection set, F=free, OA=open archive, CA=closed archive, TAMS=top-at-mark-start (previous, next)
|   0|0x0000000430800000, 0x0000000430800000, 0x0000000430c00000|  0%| F|  |TAMS 0x0000000430800000, 0x0000000430800000| Untracked 
|   1|0x0000000430c00000, 0x0000000430c00000, 0x0000000431000000|  0%| F|  |TAMS 0x0000000430c00000, 0x0000000430c00000| Untracked 
|   2|0x0000000431000000, 0x0000000431000000, 0x0000000431400000|  0%| F|  |TAMS 0x0000000431000000, 0x0000000431000000| Untracked 
|   3|0x0000000431400000, 0x0000000431400000, 0x0000000431800000|  0%| F|  |TAMS 0x0000000431400000, 0x0000000431400000| Untracked 
|   4|0x0000000431800000, 0x0000000431800000, 0x0000000431c00000|  0%| F|  |TAMS 0x0000000431800000, 0x0000000431800000| Untracked 
|   5|0x0000000431c00000, 0x0000000431c00000, 0x0000000432000000|  0%| F|  |TAMS 0x0000000431c00000, 0x0000000431c00000| Untracked 
|   6|0x0000000432000000, 0x0000000432000000, 0x0000000432400000|  0%| F|  |TAMS 0x0000000432000000, 0x0000000432000000| Untracked 
|   7|0x0000000432400000, 0x0000000432400000, 0x0000000432800000|  0%| F|  |TAMS 0x0000000432400000, 0x0000000432400000| Untracked 
|   8|0x0000000432800000, 0x0000000432800000, 0x0000000432c00000|  0%| F|  |TAMS 0x0000000432800000, 0x0000000432800000| Untracked 
|   9|0x0000000432c00000, 0x0000000432c00000, 0x0000000433000000|  0%| F|  |TAMS 0x0000000432c00000, 0x0000000432c00000| Untracked 
|  10|0x0000000433000000, 0x0000000433000000, 0x0000000433400000|  0%| F|  |TAMS 0x0000000433000000, 0x0000000433000000| Untracked 
|  11|0x0000000433400000, 0x0000000433400000, 0x0000000433800000|  0%| F|  |TAMS 0x0000000433400000, 0x0000000433400000| Untracked 
|  12|0x0000000433800000, 0x0000000433800000, 0x0000000433c00000|  0%| F|  |TAMS 0x0000000433800000, 0x0000000433800000| Untracked 
|  13|0x0000000433c00000, 0x0000000433c00000, 0x0000000434000000|  0%| F|  |TAMS 0x0000000433c00000, 0x0000000433c00000| Untracked 
|  14|0x0000000434000000, 0x0000000434000000, 0x0000000434400000|  0%| F|  |TAMS 0x0000000434000000, 0x0000000434000000| Untracked 
|  15|0x0000000434400000, 0x0000000434400000, 0x0000000434800000|  0%| F|  |TAMS 0x0000000434400000, 0x0000000434400000| Untracked 
|  16|0x0000000434800000, 0x0000000434800000, 0x0000000434c00000|  0%| F|  |TAMS 0x0000000434800000, 0x0000000434800000| Untracked 
|  17|0x0000000434c00000, 0x0000000434c00000, 0x0000000435000000|  0%| F|  |TAMS 0x0000000434c00000, 0x0000000434c00000| Untracked 
|  18|0x0000000435000000, 0x0000000435000000, 0x0000000435400000|  0%| F|  |TAMS 0x0000000435000000, 0x0000000435000000| Untracked 
|  19|0x0000000435400000, 0x0000000435400000, 0x0000000435800000|  0%| F|  |TAMS 0x0000000435400000, 0x0000000435400000| Untracked 
|  20|0x0000000435800000, 0x0000000435800000, 0x0000000435c00000|  0%| F|  |TAMS 0x0000000435800000, 0x0000000435800000| Untracked 
|  21|0x0000000435c00000, 0x0000000435c00000, 0x0000000436000000|  0%| F|  |TAMS 0x0000000435c00000, 0x0000000435c00000| Untracked 
|  22|0x0000000436000000, 0x0000000436000000, 0x0000000436400000|  0%| F|  |TAMS 0x0000000436000000, 0x0000000436000000| Untracked 
|  23|0x0000000436400000, 0x0000000436400000, 0x0000000436800000|  0%| F|  |TAMS 0x0000000436400000, 0x0000000436400000| Untracked 
|  24|0x0000000436800000, 0x0000000436800000, 0x0000000436c00000|  0%| F|  |TAMS 0x0000000436800000, 0x0000000436800000| Untracked 
|  25|0x0000000436c00000, 0x0000000436c00000, 0x0000000437000000|  0%| F|  |TAMS 0x0000000436c00000, 0x0000000436c00000| Untracked 
|  26|0x0000000437000000, 0x0000000437000000, 0x0000000437400000|  0%| F|  |TAMS 0x0000000437000000, 0x0000000437000000| Untracked 
|  27|0x0000000437400000, 0x0000000437400000, 0x0000000437800000|  0%| F|  |TAMS 0x0000000437400000, 0x0000000437400000| Untracked 
|  28|0x0000000437800000, 0x0000000437800000, 0x0000000437c00000|  0%| F|  |TAMS 0x0000000437800000, 0x0000000437800000| Untracked 
|  29|0x0000000437c00000, 0x0000000437c00000, 0x0000000438000000|  0%| F|  |TAMS 0x0000000437c00000, 0x0000000437c00000| Untracked 
|  30|0x0000000438000000, 0x0000000438000000, 0x0000000438400000|  0%| F|  |TAMS 0x0000000438000000, 0x0000000438000000| Untracked 
|  31|0x0000000438400000, 0x0000000438400000, 0x0000000438800000|  0%| F|  |TAMS 0x0000000438400000, 0x0000000438400000| Untracked 
|  32|0x0000000438800000, 0x0000000438800000, 0x0000000438c00000|  0%| F|  |TAMS 0x0000000438800000, 0x0000000438800000| Untracked 
|  33|0x0000000438c00000, 0x0000000438c00000, 0x0000000439000000|  0%| F|  |TAMS 0x0000000438c00000, 0x0000000438c00000| Untracked 
|  34|0x0000000439000000, 0x0000000439000000, 0x0000000439400000|  0%| F|  |TAMS 0x0000000439000000, 0x0000000439000000| Untracked 
|  35|0x0000000439400000, 0x0000000439400000, 0x0000000439800000|  0%| F|  |TAMS 0x0000000439400000, 0x0000000439400000| Untracked 
|  36|0x0000000439800000, 0x0000000439800000, 0x0000000439c00000|  0%| F|  |TAMS 0x0000000439800000, 0x0000000439800000| Untracked 
|  37|0x0000000439c00000, 0x0000000439c00000, 0x000000043a000000|  0%| F|  |TAMS 0x0000000439c00000, 0x0000000439c00000| Untracked 
|  38|0x000000043a000000, 0x000000043a000000, 0x000000043a400000|  0%| F|  |TAMS 0x000000043a000000, 0x000000043a000000| Untracked 
|  39|0x000000043a400000, 0x000000043a400000, 0x000000043a800000|  0%| F|  |TAMS 0x000000043a400000, 0x000000043a400000| Untracked 
|  40|0x000000043a800000, 0x000000043a800000, 0x000000043ac00000|  0%| F|  |TAMS 0x000000043a800000, 0x000000043a800000| Untracked 
|  41|0x000000043ac00000, 0x000000043ac00000, 0x000000043b000000|  0%| F|  |TAMS 0x000000043ac00000, 0x000000043ac00000| Untracked 
|  42|0x000000043b000000, 0x000000043b000000, 0x000000043b400000|  0%| F|  |TAMS 0x000000043b000000, 0x000000043b000000| Untracked 
|  43|0x000000043b400000, 0x000000043b400000, 0x000000043b800000|  0%| F|  |TAMS 0x000000043b400000, 0x000000043b400000| Untracked 
|  44|0x000000043b800000, 0x000000043b800000, 0x000000043bc00000|  0%| F|  |TAMS 0x000000043b800000, 0x000000043b800000| Untracked 
|  45|0x000000043bc00000, 0x000000043bc00000, 0x000000043c000000|  0%| F|  |TAMS 0x000000043bc00000, 0x000000043bc00000| Untracked 
|  46|0x000000043c000000, 0x000000043c000000, 0x000000043c400000|  0%| F|  |TAMS 0x000000043c000000, 0x000000043c000000| Untracked 
|  47|0x000000043c400000, 0x000000043c400000, 0x000000043c800000|  0%| F|  |TAMS 0x000000043c400000, 0x000000043c400000| Untracked 
|  48|0x000000043c800000, 0x000000043c800000, 0x000000043cc00000|  0%| F|  |TAMS 0x000000043c800000, 0x000000043c800000| Untracked 
|  49|0x000000043cc00000, 0x000000043cc00000, 0x000000043d000000|  0%| F|  |TAMS 0x000000043cc00000, 0x000000043cc00000| Untracked 
|  50|0x000000043d000000, 0x000000043d000000, 0x000000043d400000|  0%| F|  |TAMS 0x000000043d000000, 0x000000043d000000| Untracked 
|  51|0x000000043d400000, 0x000000043d400000, 0x000000043d800000|  0%| F|  |TAMS 0x000000043d400000, 0x000000043d400000| Untracked 
|  52|0x000000043d800000, 0x000000043d800000, 0x000000043dc00000|  0%| F|  |TAMS 0x000000043d800000, 0x000000043d800000| Untracked 
|  53|0x000000043dc00000, 0x000000043dc00000, 0x000000043e000000|  0%| F|  |TAMS 0x000000043dc00000, 0x000000043dc00000| Untracked 
|  54|0x000000043e000000, 0x000000043e000000, 0x000000043e400000|  0%| F|  |TAMS 0x000000043e000000, 0x000000043e000000| Untracked 
|  55|0x000000043e400000, 0x000000043e400000, 0x000000043e800000|  0%| F|  |TAMS 0x000000043e400000, 0x000000043e400000| Untracked 
|  56|0x000000043e800000, 0x000000043e800000, 0x000000043ec00000|  0%| F|  |TAMS 0x000000043e800000, 0x000000043e800000| Untracked 
|  57|0x000000043ec00000, 0x000000043ec00000, 0x000000043f000000|  0%| F|  |TAMS 0x000000043ec00000, 0x000000043ec00000| Untracked 
|  58|0x000000043f000000, 0x000000043f000000, 0x000000043f400000|  0%| F|  |TAMS 0x000000043f000000, 0x000000043f000000| Untracked 
|  59|0x000000043f400000, 0x000000043f400000, 0x000000043f800000|  0%| F|  |TAMS 0x000000043f400000, 0x000000043f400000| Untracked 
|  60|0x000000043f800000, 0x000000043f800000, 0x000000043fc00000|  0%| F|  |TAMS 0x000000043f800000, 0x000000043f800000| Untracked 
|  61|0x000000043fc00000, 0x000000043fc00000, 0x0000000440000000|  0%| F|  |TAMS 0x000000043fc00000, 0x000000043fc00000| Untracked 
|  62|0x0000000440000000, 0x0000000440000000, 0x0000000440400000|  0%| F|  |TAMS 0x0000000440000000, 0x0000000440000000| Untracked 
|  63|0x0000000440400000, 0x0000000440400000, 0x0000000440800000|  0%| F|  |TAMS 0x0000000440400000, 0x0000000440400000| Untracked 
|  64|0x0000000440800000, 0x0000000440800000, 0x0000000440c00000|  0%| F|  |TAMS 0x0000000440800000, 0x0000000440800000| Untracked 
|  65|0x0000000440c00000, 0x0000000440c00000, 0x0000000441000000|  0%| F|  |TAMS 0x0000000440c00000, 0x0000000440c00000| Untracked 
|  66|0x0000000441000000, 0x0000000441000000, 0x0000000441400000|  0%| F|  |TAMS 0x0000000441000000, 0x0000000441000000| Untracked 
|  67|0x0000000441400000, 0x0000000441400000, 0x0000000441800000|  0%| F|  |TAMS 0x0000000441400000, 0x0000000441400000| Untracked 
|  68|0x0000000441800000, 0x0000000441800000, 0x0000000441c00000|  0%| F|  |TAMS 0x0000000441800000, 0x0000000441800000| Untracked 
|  69|0x0000000441c00000, 0x0000000441c00000, 0x0000000442000000|  0%| F|  |TAMS 0x0000000441c00000, 0x0000000441c00000| Untracked 
|  70|0x0000000442000000, 0x0000000442000000, 0x0000000442400000|  0%| F|  |TAMS 0x0000000442000000, 0x0000000442000000| Untracked 
|  71|0x0000000442400000, 0x0000000442400000, 0x0000000442800000|  0%| F|  |TAMS 0x0000000442400000, 0x0000000442400000| Untracked 
|  72|0x0000000442800000, 0x0000000442800000, 0x0000000442c00000|  0%| F|  |TAMS 0x0000000442800000, 0x0000000442800000| Untracked 
|  73|0x0000000442c00000, 0x0000000442c00000, 0x0000000443000000|  0%| F|  |TAMS 0x0000000442c00000, 0x0000000442c00000| Untracked 
|  74|0x0000000443000000, 0x0000000443000000, 0x0000000443400000|  0%| F|  |TAMS 0x0000000443000000, 0x0000000443000000| Untracked 
|  75|0x0000000443400000, 0x0000000443400000, 0x0000000443800000|  0%| F|  |TAMS 0x0000000443400000, 0x0000000443400000| Untracked 
|  76|0x0000000443800000, 0x0000000443800000, 0x0000000443c00000|  0%| F|  |TAMS 0x0000000443800000, 0x0000000443800000| Untracked 
|  77|0x0000000443c00000, 0x0000000443c00000, 0x0000000444000000|  0%| F|  |TAMS 0x0000000443c00000, 0x0000000443c00000| Untracked 
|  78|0x0000000444000000, 0x0000000444000000, 0x0000000444400000|  0%| F|  |TAMS 0x0000000444000000, 0x0000000444000000| Untracked 
|  79|0x0000000444400000, 0x0000000444400000, 0x0000000444800000|  0%| F|  |TAMS 0x0000000444400000, 0x0000000444400000| Untracked 
|  80|0x0000000444800000, 0x0000000444800000, 0x0000000444c00000|  0%| F|  |TAMS 0x0000000444800000, 0x0000000444800000| Untracked 
|  81|0x0000000444c00000, 0x0000000444c00000, 0x0000000445000000|  0%| F|  |TAMS 0x0000000444c00000, 0x0000000444c00000| Untracked 
|  82|0x0000000445000000, 0x0000000445000000, 0x0000000445400000|  0%| F|  |TAMS 0x0000000445000000, 0x0000000445000000| Untracked 
|  83|0x0000000445400000, 0x0000000445400000, 0x0000000445800000|  0%| F|  |TAMS 0x0000000445400000, 0x0000000445400000| Untracked 
|  84|0x0000000445800000, 0x0000000445800000, 0x0000000445c00000|  0%| F|  |TAMS 0x0000000445800000, 0x0000000445800000| Untracked 
|  85|0x0000000445c00000, 0x0000000445c00000, 0x0000000446000000|  0%| F|  |TAMS 0x0000000445c00000, 0x0000000445c00000| Untracked 
|  86|0x0000000446000000, 0x0000000446000000, 0x0000000446400000|  0%| F|  |TAMS 0x0000000446000000, 0x0000000446000000| Untracked 
|  87|0x0000000446400000, 0x0000000446400000, 0x0000000446800000|  0%| F|  |TAMS 0x0000000446400000, 0x0000000446400000| Untracked 
|  88|0x0000000446800000, 0x0000000446800000, 0x0000000446c00000|  0%| F|  |TAMS 0x0000000446800000, 0x0000000446800000| Untracked 
|  89|0x0000000446c00000, 0x0000000446c00000, 0x0000000447000000|  0%| F|  |TAMS 0x0000000446c00000, 0x0000000446c00000| Untracked 
|  90|0x0000000447000000, 0x0000000447000000, 0x0000000447400000|  0%| F|  |TAMS 0x0000000447000000, 0x0000000447000000| Untracked 
|  91|0x0000000447400000, 0x0000000447400000, 0x0000000447800000|  0%| F|  |TAMS 0x0000000447400000, 0x0000000447400000| Untracked 
|  92|0x0000000447800000, 0x0000000447800000, 0x0000000447c00000|  0%| F|  |TAMS 0x0000000447800000, 0x0000000447800000| Untracked 
|  93|0x0000000447c00000, 0x0000000447c00000, 0x0000000448000000|  0%| F|  |TAMS 0x0000000447c00000, 0x0000000447c00000| Untracked 
|  94|0x0000000448000000, 0x0000000448000000, 0x0000000448400000|  0%| F|  |TAMS 0x0000000448000000, 0x0000000448000000| Untracked 
|  95|0x0000000448400000, 0x0000000448400000, 0x0000000448800000|  0%| F|  |TAMS 0x0000000448400000, 0x0000000448400000| Untracked 
|  96|0x0000000448800000, 0x0000000448800000, 0x0000000448c00000|  0%| F|  |TAMS 0x0000000448800000, 0x0000000448800000| Untracked 
|  97|0x0000000448c00000, 0x0000000448c00000, 0x0000000449000000|  0%| F|  |TAMS 0x0000000448c00000, 0x0000000448c00000| Untracked 
|  98|0x0000000449000000, 0x0000000449000000, 0x0000000449400000|  0%| F|  |TAMS 0x0000000449000000, 0x0000000449000000| Untracked 
|  99|0x0000000449400000, 0x0000000449400000, 0x0000000449800000|  0%| F|  |TAMS 0x0000000449400000, 0x0000000449400000| Untracked 
| 100|0x0000000449800000, 0x0000000449800000, 0x0000000449c00000|  0%| F|  |TAMS 0x0000000449800000, 0x0000000449800000| Untracked 
| 101|0x0000000449c00000, 0x0000000449c00000, 0x000000044a000000|  0%| F|  |TAMS 0x0000000449c00000, 0x0000000449c00000| Untracked 
| 102|0x000000044a000000, 0x000000044a000000, 0x000000044a400000|  0%| F|  |TAMS 0x000000044a000000, 0x000000044a000000| Untracked 
| 103|0x000000044a400000, 0x000000044a400000, 0x000000044a800000|  0%| F|  |TAMS 0x000000044a400000, 0x000000044a400000| Untracked 
| 104|0x000000044a800000, 0x000000044a800000, 0x000000044ac00000|  0%| F|  |TAMS 0x000000044a800000, 0x000000044a800000| Untracked 
| 105|0x000000044ac00000, 0x000000044ac00000, 0x000000044b000000|  0%| F|  |TAMS 0x000000044ac00000, 0x000000044ac00000| Untracked 
| 106|0x000000044b000000, 0x000000044b000000, 0x000000044b400000|  0%| F|  |TAMS 0x000000044b000000, 0x000000044b000000| Untracked 
| 107|0x000000044b400000, 0x000000044b400000, 0x000000044b800000|  0%| F|  |TAMS 0x000000044b400000, 0x000000044b400000| Untracked 
| 108|0x000000044b800000, 0x000000044b800000, 0x000000044bc00000|  0%| F|  |TAMS 0x000000044b800000, 0x000000044b800000| Untracked 
| 109|0x000000044bc00000, 0x000000044bc00000, 0x000000044c000000|  0%| F|  |TAMS 0x000000044bc00000, 0x000000044bc00000| Untracked 
| 110|0x000000044c000000, 0x000000044c000000, 0x000000044c400000|  0%| F|  |TAMS 0x000000044c000000, 0x000000044c000000| Untracked 
| 111|0x000000044c400000, 0x000000044c400000, 0x000000044c800000|  0%| F|  |TAMS 0x000000044c400000, 0x000000044c400000| Untracked 
| 112|0x000000044c800000, 0x000000044c800000, 0x000000044cc00000|  0%| F|  |TAMS 0x000000044c800000, 0x000000044c800000| Untracked 
| 113|0x000000044cc00000, 0x000000044cc00000, 0x000000044d000000|  0%| F|  |TAMS 0x000000044cc00000, 0x000000044cc00000| Untracked 
| 114|0x000000044d000000, 0x000000044d000000, 0x000000044d400000|  0%| F|  |TAMS 0x000000044d000000, 0x000000044d000000| Untracked 
| 115|0x000000044d400000, 0x000000044d400000, 0x000000044d800000|  0%| F|  |TAMS 0x000000044d400000, 0x000000044d400000| Untracked 
| 116|0x000000044d800000, 0x000000044d800000, 0x000000044dc00000|  0%| F|  |TAMS 0x000000044d800000, 0x000000044d800000| Untracked 
| 117|0x000000044dc00000, 0x000000044dc00000, 0x000000044e000000|  0%| F|  |TAMS 0x000000044dc00000, 0x000000044dc00000| Untracked 
| 118|0x000000044e000000, 0x000000044e000000, 0x000000044e400000|  0%| F|  |TAMS 0x000000044e000000, 0x000000044e000000| Untracked 
| 119|0x000000044e400000, 0x000000044e7ee730, 0x000000044e800000| 98%| S|CS|TAMS 0x000000044e400000, 0x000000044e400000| Complete 
| 120|0x000000044e800000, 0x000000044e800000, 0x000000044ec00000|  0%| F|  |TAMS 0x000000044e800000, 0x000000044e800000| Untracked 
| 121|0x000000044ec00000, 0x000000044ec00000, 0x000000044f000000|  0%| F|  |TAMS 0x000000044ec00000, 0x000000044ec00000| Untracked 
| 122|0x000000044f000000, 0x000000044f378260, 0x000000044f400000| 86%| E|  |TAMS 0x000000044f000000, 0x000000044f000000| Complete 
| 123|0x000000044f400000, 0x000000044f800000, 0x000000044f800000|100%| E|CS|TAMS 0x000000044f400000, 0x000000044f400000| Complete 
| 124|0x000000044f800000, 0x000000044fc00000, 0x000000044fc00000|100%| E|CS|TAMS 0x000000044f800000, 0x000000044f800000| Complete 
| 125|0x000000044fc00000, 0x0000000450000000, 0x0000000450000000|100%| E|CS|TAMS 0x000000044fc00000, 0x000000044fc00000| Complete 

Card table byte_map: [0x0000012c0ffc0000,0x0000012c10f80000] _byte_map_base: 0x0000012c0de3c000

Marking Bits (Prev, Next): (CMBitMap*) 0x0000012c77bc2870, (CMBitMap*) 0x0000012c77bc28b0
 Prev Bits: [0x0000012c11f40000, 0x0000012c19d00000)
 Next Bits: [0x0000012c19d00000, 0x0000012c21ac0000)

Polling page: 0x0000012c75c50000

Metaspace:

Usage:
  Non-class:     10.74 MB used.
      Class:      1.19 MB used.
       Both:     11.93 MB used.

Virtual space:
  Non-class space:       64.00 MB reserved,      10.81 MB ( 17%) committed,  1 nodes.
      Class space:        1.00 GB reserved,       1.31 MB ( <1%) committed,  1 nodes.
             Both:        1.06 GB reserved,      12.12 MB (  1%) committed. 

Chunk freelists:
   Non-Class:  3.53 MB
       Class:  14.74 MB
        Both:  18.27 MB

MaxMetaspaceSize: unlimited
CompressedClassSpaceSize: 1.00 GB
Initial GC threshold: 21.00 MB
Current GC threshold: 21.00 MB
CDS: on
MetaspaceReclaimPolicy: balanced
 - commit_granule_bytes: 65536.
 - commit_granule_words: 8192.
 - virtual_space_node_default_size: 8388608.
 - enlarge_chunks_in_place: 1.
 - new_chunks_are_fully_committed: 0.
 - uncommit_free_chunks: 1.
 - use_allocation_guard: 0.
 - handle_deallocations: 1.


Internal statistics:

num_allocs_failed_limit: 0.
num_arena_births: 86.
num_arena_deaths: 0.
num_vsnodes_births: 2.
num_vsnodes_deaths: 0.
num_space_committed: 192.
num_space_uncommitted: 0.
num_chunks_returned_to_freelist: 0.
num_chunks_taken_from_freelist: 428.
num_chunk_merges: 0.
num_chunk_splits: 349.
num_chunks_enlarged: 312.
num_inconsistent_stats: 0.

CodeHeap 'non-profiled nmethods': size=120000Kb used=608Kb max_used=608Kb free=119391Kb
 bounds [0x0000012c07ad0000, 0x0000012c07d40000, 0x0000012c0f000000]
CodeHeap 'profiled nmethods': size=120000Kb used=2651Kb max_used=2651Kb free=117348Kb
 bounds [0x0000012c00000000, 0x0000012c002a0000, 0x0000012c07530000]
CodeHeap 'non-nmethods': size=5760Kb used=1708Kb max_used=1732Kb free=4052Kb
 bounds [0x0000012c07530000, 0x0000012c077a0000, 0x0000012c07ad0000]
 total_blobs=2718 nmethods=1548 adapters=1083
 compilation: enabled
              stopped_count=0, restarted_count=0
 full_count=0

Compilation events (20 events):
Event: 6.500 Thread 0x0000012c246016b0 1539       4       com.badlogic.gdx.math.Matrix4::set (17 bytes)
Event: 6.501 Thread 0x0000012c246016b0 nmethod 1539 0x0000012c07b66d90 code [0x0000012c07b66f20, 0x0000012c07b67038]
Event: 6.750 Thread 0x0000012c246016b0 1540       4       com.badlogic.gdx.math.Matrix4::idt (124 bytes)
Event: 6.750 Thread 0x0000012c246016b0 nmethod 1540 0x0000012c07b67110 code [0x0000012c07b672a0, 0x0000012c07b673b8]
Event: 6.933 Thread 0x0000012c246016b0 1541       4       com.badlogic.gdx.math.Matrix4::setToOrtho (191 bytes)
Event: 6.934 Thread 0x0000012c246016b0 nmethod 1541 0x0000012c07b67490 code [0x0000012c07b67660, 0x0000012c07b677f8]
Event: 6.966 Thread 0x0000012c246016b0 1542       4       com.badlogic.gdx.math.Matrix4::translate (152 bytes)
Event: 6.967 Thread 0x0000012c246016b0 nmethod 1542 0x0000012c07b67910 code [0x0000012c07b67aa0, 0x0000012c07b67c18]
Event: 7.339 Thread 0x0000012c24616870 1543       3       com.badlogic.gdx.utils.IntArray::addAll (70 bytes)
Event: 7.340 Thread 0x0000012c24616870 nmethod 1543 0x0000012c00294c90 code [0x0000012c00294e80, 0x0000012c002952d8]
Event: 7.340 Thread 0x0000012c24616870 1544       3       com.badlogic.gdx.physics.box2d.Contact::<init> (34 bytes)
Event: 7.340 Thread 0x0000012c24616870 nmethod 1544 0x0000012c00295490 code [0x0000012c00295660, 0x0000012c00295a68]
Event: 7.340 Thread 0x0000012c24616870 1545       3       com.badlogic.gdx.physics.box2d.WorldManifold::<init> (51 bytes)
Event: 7.341 Thread 0x0000012c24616870 nmethod 1545 0x0000012c00295b90 code [0x0000012c00295da0, 0x0000012c002967f8]
Event: 7.364 Thread 0x0000012c246016b0 1546       4       org.lwjgl.system.MemoryUtil::memAddress0 (11 bytes)
Event: 7.365 Thread 0x0000012c24616870 1547       3       org.lwjgl.system.MemoryUtil::memAddress (13 bytes)
Event: 7.365 Thread 0x0000012c24616870 nmethod 1547 0x0000012c00296a90 code [0x0000012c00296c40, 0x0000012c00296e68]
Event: 7.365 Thread 0x0000012c246016b0 nmethod 1546 0x0000012c07b67d10 code [0x0000012c07b67e80, 0x0000012c07b67ed8]
Event: 7.365 Thread 0x0000012c246016b0 1548       4       java.lang.ThreadLocal::getMap (5 bytes)
Event: 7.365 Thread 0x0000012c246016b0 nmethod 1548 0x0000012c07b68010 code [0x0000012c07b681a0, 0x0000012c07b68238]

GC Heap History (2 events):
Event: 1.785 GC heap before
{Heap before GC invocations=0 (full 0):
 garbage-first heap   total 516096K, used 24576K [0x0000000430800000, 0x0000000627800000)
  region size 4096K, 6 young (24576K), 0 survivors (0K)
 Metaspace       used 9132K, committed 9280K, reserved 1114112K
  class space    used 787K, committed 832K, reserved 1048576K
}
Event: 1.789 GC heap after
{Heap after GC invocations=1 (full 0):
 garbage-first heap   total 516096K, used 4025K [0x0000000430800000, 0x0000000627800000)
  region size 4096K, 1 young (4096K), 1 survivors (4096K)
 Metaspace       used 9132K, committed 9280K, reserved 1114112K
  class space    used 787K, committed 832K, reserved 1048576K
}

Dll operation events (14 events):
Event: 0.008 Loaded shared library C:\Users\ferch\.jdks\temurin-17.0.17\bin\java.dll
Event: 0.023 Loaded shared library C:\Users\ferch\.jdks\temurin-17.0.17\bin\jsvml.dll
Event: 0.058 Loaded shared library C:\Users\ferch\.jdks\temurin-17.0.17\bin\zip.dll
Event: 0.060 Loaded shared library C:\Users\ferch\.jdks\temurin-17.0.17\bin\instrument.dll
Event: 0.065 Loaded shared library C:\Users\ferch\.jdks\temurin-17.0.17\bin\net.dll
Event: 0.066 Loaded shared library C:\Users\ferch\.jdks\temurin-17.0.17\bin\nio.dll
Event: 0.070 Loaded shared library C:\Users\ferch\.jdks\temurin-17.0.17\bin\zip.dll
Event: 0.093 Loaded shared library C:\Users\ferch\.jdks\temurin-17.0.17\bin\extnet.dll
Event: 0.094 Loaded shared library C:\Users\ferch\.jdks\temurin-17.0.17\bin\jimage.dll
Event: 0.100 Loaded shared library C:\Users\ferch\AppData\Local\Temp\libgdxferch\4c3cbe99\gdx64.dll
Event: 0.146 Loaded shared library C:\Users\ferch\AppData\Local\Temp\lwjgl_ferch\3.3.3-snapshot\x64\lwjgl.dll
Event: 0.412 Loaded shared library C:\Users\ferch\AppData\Local\Temp\lwjgl_ferch\3.3.3-snapshot\x64\lwjgl_opengl.dll
Event: 0.552 Loaded shared library C:\Users\ferch\AppData\Local\Temp\libgdxferch\d0673c77\gdx-freetype64.dll
Event: 1.841 Loaded shared library C:\Users\ferch\AppData\Local\Temp\libgdxferch\e861a04e\gdx-box2d64.dll

Deoptimization events (20 events):
Event: 1.924 Thread 0x0000012c77b15420 DEOPT PACKING pc=0x0000012c07b4e2b4 sp=0x000000071d9fdab0
Event: 1.924 Thread 0x0000012c77b15420 DEOPT UNPACKING pc=0x0000012c075869a3 sp=0x000000071d9fda38 mode 2
Event: 1.924 Thread 0x0000012c77b15420 Uncommon trap: trap_request=0xffffffde fr.pc=0x0000012c07b4e2b4 relative=0x0000000000000114
Event: 1.924 Thread 0x0000012c77b15420 Uncommon trap: reason=class_check action=maybe_recompile pc=0x0000012c07b4e2b4 method=jdk.internal.misc.Unsafe.allocateUninitializedArray(Ljava/lang/Class;I)Ljava/lang/Object; @ 51 c2
Event: 1.924 Thread 0x0000012c77b15420 DEOPT PACKING pc=0x0000012c07b4e2b4 sp=0x000000071d9fd6b0
Event: 1.924 Thread 0x0000012c77b15420 DEOPT UNPACKING pc=0x0000012c075869a3 sp=0x000000071d9fd638 mode 2
Event: 1.926 Thread 0x0000012c77b15420 Uncommon trap: trap_request=0xffffffde fr.pc=0x0000012c07b4e2b4 relative=0x0000000000000114
Event: 1.926 Thread 0x0000012c77b15420 Uncommon trap: reason=class_check action=maybe_recompile pc=0x0000012c07b4e2b4 method=jdk.internal.misc.Unsafe.allocateUninitializedArray(Ljava/lang/Class;I)Ljava/lang/Object; @ 51 c2
Event: 1.926 Thread 0x0000012c77b15420 DEOPT PACKING pc=0x0000012c07b4e2b4 sp=0x000000071d9fd740
Event: 1.926 Thread 0x0000012c77b15420 DEOPT UNPACKING pc=0x0000012c075869a3 sp=0x000000071d9fd6c8 mode 2
Event: 1.926 Thread 0x0000012c77b15420 Uncommon trap: trap_request=0xffffffde fr.pc=0x0000012c07b4e2b4 relative=0x0000000000000114
Event: 1.926 Thread 0x0000012c77b15420 Uncommon trap: reason=class_check action=maybe_recompile pc=0x0000012c07b4e2b4 method=jdk.internal.misc.Unsafe.allocateUninitializedArray(Ljava/lang/Class;I)Ljava/lang/Object; @ 51 c2
Event: 1.926 Thread 0x0000012c77b15420 DEOPT PACKING pc=0x0000012c07b4e2b4 sp=0x000000071d9fd340
Event: 1.926 Thread 0x0000012c77b15420 DEOPT UNPACKING pc=0x0000012c075869a3 sp=0x000000071d9fd2c8 mode 2
Event: 1.944 Thread 0x0000012c77b15420 Uncommon trap: trap_request=0xffffff5c fr.pc=0x0000012c07afc804 relative=0x0000000000000064
Event: 1.944 Thread 0x0000012c77b15420 Uncommon trap: reason=speculate_null_check action=make_not_entrant pc=0x0000012c07afc804 method=jdk.internal.misc.Unsafe.getIntUnaligned(Ljava/lang/Object;JZ)I @ 5 c2
Event: 1.944 Thread 0x0000012c77b15420 DEOPT PACKING pc=0x0000012c07afc804 sp=0x000000071d9fe600
Event: 1.944 Thread 0x0000012c77b15420 DEOPT UNPACKING pc=0x0000012c075869a3 sp=0x000000071d9fe580 mode 2
Event: 2.451 Thread 0x0000012c77b15420 DEOPT PACKING pc=0x0000012c00264cf5 sp=0x000000071d9fe780
Event: 2.451 Thread 0x0000012c77b15420 DEOPT UNPACKING pc=0x0000012c07587143 sp=0x000000071d9fdba8 mode 0

Classes loaded (20 events):
Event: 1.824 Loading class java/util/concurrent/locks/AbstractQueuedSynchronizer$ConditionNode
Event: 1.824 Loading class java/util/concurrent/locks/AbstractQueuedSynchronizer$Node
Event: 1.824 Loading class java/util/concurrent/locks/AbstractQueuedSynchronizer$Node done
Event: 1.824 Loading class java/util/concurrent/locks/AbstractQueuedSynchronizer$ConditionNode done
Event: 1.825 Loading class jdk/internal/math/FDBigInteger
Event: 1.826 Loading class jdk/internal/math/FDBigInteger done
Event: 1.826 Loading class java/util/concurrent/locks/AbstractQueuedSynchronizer$ExclusiveNode
Event: 1.826 Loading class java/util/concurrent/locks/AbstractQueuedSynchronizer$ExclusiveNode done
Event: 1.837 Loading class java/lang/AssertionError
Event: 1.837 Loading class java/lang/AssertionError done
Event: 1.841 Loading class java/util/Vector
Event: 1.842 Loading class java/util/Vector done
Event: 1.900 Loading class java/math/MathContext
Event: 1.901 Loading class java/math/MathContext done
Event: 1.929 Loading class java/util/ConcurrentModificationException
Event: 1.929 Loading class java/util/ConcurrentModificationException done
Event: 1.930 Loading class java/lang/InheritableThreadLocal
Event: 1.930 Loading class java/lang/InheritableThreadLocal done
Event: 1.944 Loading class java/util/Vector$Itr
Event: 1.944 Loading class java/util/Vector$Itr done

Classes unloaded (0 events):
No events

Classes redefined (0 events):
No events

Internal exceptions (20 events):
Event: 0.172 Thread 0x0000012c77b15420 Exception <a 'java/lang/NoSuchMethodError'{0x000000044fb18778}: 'int java.lang.invoke.DirectMethodHandle$Holder.invokeStaticInit(java.lang.Object, java.lang.Object, long, long)'> (0x000000044fb18778) 
thrown [s\src\hotspot\share\interpreter\linkResolver.cpp, line 759]
Event: 0.173 Thread 0x0000012c77b15420 Exception <a 'java/lang/NoSuchMethodError'{0x000000044fb1e888}: 'java.lang.Object java.lang.invoke.DirectMethodHandle$Holder.newInvokeSpecial(java.lang.Object, java.lang.Object, long)'> (0x000000044fb1e888) 
thrown [s\src\hotspot\share\interpreter\linkResolver.cpp, line 759]
Event: 0.173 Thread 0x0000012c77b15420 Exception <a 'java/lang/NoSuchMethodError'{0x000000044fb22938}: 'java.lang.Object java.lang.invoke.Invokers$Holder.linkToTargetMethod(java.lang.Object, long, java.lang.Object)'> (0x000000044fb22938) 
thrown [s\src\hotspot\share\interpreter\linkResolver.cpp, line 759]
Event: 0.173 Thread 0x0000012c77b15420 Exception <a 'java/lang/NoSuchMethodError'{0x000000044fb2a050}: 'int java.lang.invoke.DirectMethodHandle$Holder.invokeStaticInit(java.lang.Object, java.lang.Object, java.lang.Object, long)'> (0x000000044fb2a050) 
thrown [s\src\hotspot\share\interpreter\linkResolver.cpp, line 759]
Event: 0.184 Thread 0x0000012c77b15420 Exception <a 'sun/nio/fs/WindowsException'{0x000000044fb817a8}> (0x000000044fb817a8) 
thrown [s\src\hotspot\share\prims\jni.cpp, line 516]
Event: 0.184 Thread 0x0000012c77b15420 Exception <a 'sun/nio/fs/WindowsException'{0x000000044fb81b68}> (0x000000044fb81b68) 
thrown [s\src\hotspot\share\prims\jni.cpp, line 516]
Event: 0.205 Thread 0x0000012c77b15420 Exception <a 'sun/nio/fs/WindowsException'{0x000000044f412028}> (0x000000044f412028) 
thrown [s\src\hotspot\share\prims\jni.cpp, line 516]
Event: 0.205 Thread 0x0000012c77b15420 Exception <a 'sun/nio/fs/WindowsException'{0x000000044f4123b8}> (0x000000044f4123b8) 
thrown [s\src\hotspot\share\prims\jni.cpp, line 516]
Event: 0.247 Thread 0x0000012c77b15420 Exception <a 'sun/nio/fs/WindowsException'{0x000000044f49fd78}> (0x000000044f49fd78) 
thrown [s\src\hotspot\share\prims\jni.cpp, line 516]
Event: 0.247 Thread 0x0000012c77b15420 Exception <a 'sun/nio/fs/WindowsException'{0x000000044f4a0120}> (0x000000044f4a0120) 
thrown [s\src\hotspot\share\prims\jni.cpp, line 516]
Event: 0.289 Thread 0x0000012c77b15420 Exception <a 'java/lang/NoSuchMethodError'{0x000000044f4cfbb0}: 'java.lang.Object java.lang.invoke.DirectMethodHandle$Holder.newInvokeSpecial(java.lang.Object, long)'> (0x000000044f4cfbb0) 
thrown [s\src\hotspot\share\interpreter\linkResolver.cpp, line 759]
Event: 0.402 Thread 0x0000012c77b15420 Exception <a 'java/lang/NoSuchMethodError'{0x000000044f677ad8}: 'void java.lang.invoke.DirectMethodHandle$Holder.invokeStatic(java.lang.Object, long)'> (0x000000044f677ad8) 
thrown [s\src\hotspot\share\interpreter\linkResolver.cpp, line 759]
Event: 0.411 Thread 0x0000012c77b15420 Exception <a 'sun/nio/fs/WindowsException'{0x000000044f69ed58}> (0x000000044f69ed58) 
thrown [s\src\hotspot\share\prims\jni.cpp, line 516]
Event: 0.411 Thread 0x0000012c77b15420 Exception <a 'sun/nio/fs/WindowsException'{0x000000044f69f118}> (0x000000044f69f118) 
thrown [s\src\hotspot\share\prims\jni.cpp, line 516]
Event: 0.413 Thread 0x0000012c77b15420 Exception <a 'sun/nio/fs/WindowsException'{0x000000044f6a6960}> (0x000000044f6a6960) 
thrown [s\src\hotspot\share\prims\jni.cpp, line 516]
Event: 0.413 Thread 0x0000012c77b15420 Exception <a 'sun/nio/fs/WindowsException'{0x000000044f6a6c60}> (0x000000044f6a6c60) 
thrown [s\src\hotspot\share\prims\jni.cpp, line 516]
Event: 0.553 Thread 0x0000012c77b15420 Exception <a 'java/io/FileNotFoundException'{0x000000044f2e81e8}> (0x000000044f2e81e8) 
thrown [s\src\hotspot\share\prims\jni.cpp, line 516]
Event: 1.803 Thread 0x0000012c77b15420 Exception <a 'java/io/FileNotFoundException'{0x000000044fc270e0}> (0x000000044fc270e0) 
thrown [s\src\hotspot\share\prims\jni.cpp, line 516]
Event: 1.899 Thread 0x0000012c77b15420 Exception <a 'java/lang/NoSuchMethodError'{0x000000044f5f4c70}: 'java.lang.Object java.lang.invoke.Invokers$Holder.invokeExact_MT(java.lang.Object, java.lang.Object, java.lang.Object, java.lang.Object, java.lang.Object, java.lang.Object)'> (0x000000044f5f4c70) 
thrown [s\src\hotspot\share\interpreter\linkResolver.cpp, line 759]
Event: 7.365 Thread 0x0000012c6c049cd0 Exception <a 'java/lang/InterruptedException'{0x000000044f33b380}: sleep interrupted> (0x000000044f33b380) 
thrown [s\src\hotspot\share\prims\jvm.cpp, line 3064]

VM Operations (20 events):
Event: 0.085 Executing VM operation: HandshakeAllThreads
Event: 0.085 Executing VM operation: HandshakeAllThreads done
Event: 0.560 Executing VM operation: HandshakeAllThreads
Event: 0.560 Executing VM operation: HandshakeAllThreads done
Event: 1.567 Executing VM operation: Cleanup
Event: 1.567 Executing VM operation: Cleanup done
Event: 1.784 Executing VM operation: G1CollectForAllocation
Event: 1.789 Executing VM operation: G1CollectForAllocation done
Event: 1.928 Executing VM operation: HandshakeAllThreads
Event: 1.928 Executing VM operation: HandshakeAllThreads done
Event: 1.930 Executing VM operation: HandshakeAllThreads
Event: 1.930 Executing VM operation: HandshakeAllThreads done
Event: 1.941 Executing VM operation: HandshakeAllThreads
Event: 1.941 Executing VM operation: HandshakeAllThreads done
Event: 2.940 Executing VM operation: Cleanup
Event: 2.940 Executing VM operation: Cleanup done
Event: 5.942 Executing VM operation: Cleanup
Event: 5.942 Executing VM operation: Cleanup done
Event: 6.942 Executing VM operation: Cleanup
Event: 6.942 Executing VM operation: Cleanup done

Memory protections (0 events):
No events

Nmethod flushes (0 events):
No events

Events (20 events):
Event: 0.032 Thread 0x0000012c77b15420 Thread added: 0x0000012c245fed70
Event: 0.032 Thread 0x0000012c77b15420 Thread added: 0x0000012c245ff640
Event: 0.032 Thread 0x0000012c77b15420 Thread added: 0x0000012c24600000
Event: 0.032 Thread 0x0000012c77b15420 Thread added: 0x0000012c246009c0
Event: 0.032 Thread 0x0000012c77b15420 Thread added: 0x0000012c246016b0
Event: 0.032 Thread 0x0000012c77b15420 Thread added: 0x0000012c24616870
Event: 0.032 Thread 0x0000012c77b15420 Thread added: 0x0000012c24619190
Event: 0.046 Thread 0x0000012c77b15420 Thread added: 0x0000012c2472af30
Event: 0.083 Thread 0x0000012c77b15420 Thread added: 0x0000012c247d6280
Event: 0.083 Thread 0x0000012c77b15420 Thread added: 0x0000012c24874b50
Event: 0.296 Thread 0x0000012c77b15420 Thread added: 0x0000012c6a62b020
Event: 0.670 Thread 0x0000012c77b15420 Thread added: 0x0000012c6be6b3b0
Event: 1.730 Thread 0x0000012c77b15420 Thread added: 0x0000012c6c049cd0
Event: 1.814 Thread 0x0000012c77b15420 Thread added: 0x0000012c6c6f6c60
Event: 1.819 Thread 0x0000012c246016b0 Thread added: 0x0000012c6be6ea00
Event: 1.836 Thread 0x0000012c24616870 Thread added: 0x0000012c6c77fc80
Event: 1.950 Thread 0x0000012c77b15420 Thread added: 0x0000012c815f3890
Event: 2.100 Thread 0x0000012c6c77fc80 Thread exited: 0x0000012c6c77fc80
Event: 2.100 Thread 0x0000012c6be6ea00 Thread exited: 0x0000012c6be6ea00
Event: 7.365 Thread 0x0000012c6c049cd0 Thread exited: 0x0000012c6c049cd0


Dynamic libraries:
0x00007ff7aeaa0000 - 0x00007ff7aeaae000 	C:\Users\ferch\.jdks\temurin-17.0.17\bin\java.exe
0x00007ff9d7c20000 - 0x00007ff9d7e87000 	C:\Windows\SYSTEM32\ntdll.dll
0x00007ff9d6330000 - 0x00007ff9d63f9000 	C:\Windows\System32\KERNEL32.DLL
0x00007ff9d4d10000 - 0x00007ff9d5104000 	C:\Windows\System32\KERNELBASE.dll
0x00007ff9d4920000 - 0x00007ff9d4a6b000 	C:\Windows\System32\ucrtbase.dll
0x00007ff9b85d0000 - 0x00007ff9b85e8000 	C:\Users\ferch\.jdks\temurin-17.0.17\bin\jli.dll
0x00007ff9b86d0000 - 0x00007ff9b86ee000 	C:\Users\ferch\.jdks\temurin-17.0.17\bin\VCRUNTIME140.dll
0x00007ff9d6400000 - 0x00007ff9d65c5000 	C:\Windows\System32\USER32.dll
0x00007ff9ba260000 - 0x00007ff9ba4f3000 	C:\Windows\WinSxS\amd64_microsoft.windows.common-controls_6595b64144ccf1df_6.0.26100.8115_none_3e075c82e3354f9c\COMCTL32.dll
0x00007ff9d5110000 - 0x00007ff9d5137000 	C:\Windows\System32\win32u.dll
0x00007ff9d5a70000 - 0x00007ff9d5b19000 	C:\Windows\System32\msvcrt.dll
0x00007ff9d5b20000 - 0x00007ff9d5b4b000 	C:\Windows\System32\GDI32.dll
0x00007ff9d4b30000 - 0x00007ff9d4c5b000 	C:\Windows\System32\gdi32full.dll
0x00007ff9d4870000 - 0x00007ff9d4913000 	C:\Windows\System32\msvcp_win.dll
0x00007ff9d66d0000 - 0x00007ff9d6702000 	C:\Windows\System32\IMM32.DLL
0x00007ff9cf620000 - 0x00007ff9cf62c000 	C:\Users\ferch\.jdks\temurin-17.0.17\bin\vcruntime140_1.dll
0x00007ff99ca50000 - 0x00007ff99cadd000 	C:\Users\ferch\.jdks\temurin-17.0.17\bin\msvcp140.dll
0x00007ff8e7cf0000 - 0x00007ff8e895b000 	C:\Users\ferch\.jdks\temurin-17.0.17\bin\server\jvm.dll
0x00007ff9d59b0000 - 0x00007ff9d5a66000 	C:\Windows\System32\ADVAPI32.dll
0x00007ff9d7160000 - 0x00007ff9d7207000 	C:\Windows\System32\sechost.dll
0x00007ff9d5c40000 - 0x00007ff9d5d58000 	C:\Windows\System32\RPCRT4.dll
0x00007ff9d5bb0000 - 0x00007ff9d5c30000 	C:\Windows\System32\WS2_32.dll
0x00007ff9d4350000 - 0x00007ff9d43ae000 	C:\Windows\SYSTEM32\POWRPROF.dll
0x00007ff9bbcc0000 - 0x00007ff9bbccb000 	C:\Windows\SYSTEM32\VERSION.dll
0x00007ff9ba520000 - 0x00007ff9ba556000 	C:\Windows\SYSTEM32\WINMM.dll
0x00007ff9d4330000 - 0x00007ff9d4344000 	C:\Windows\SYSTEM32\UMPDC.dll
0x00007ff9d3240000 - 0x00007ff9d325b000 	C:\Windows\SYSTEM32\kernel.appcore.dll
0x00007ff9b94f0000 - 0x00007ff9b94fa000 	C:\Users\ferch\.jdks\temurin-17.0.17\bin\jimage.dll
0x00007ff9d1f20000 - 0x00007ff9d2162000 	C:\Windows\SYSTEM32\DBGHELP.DLL
0x00007ff9d6dd0000 - 0x00007ff9d7152000 	C:\Windows\System32\combase.dll
0x00007ff9d6880000 - 0x00007ff9d6958000 	C:\Windows\System32\OLEAUT32.dll
0x00007ff9a3470000 - 0x00007ff9a34ab000 	C:\Windows\SYSTEM32\dbgcore.DLL
0x00007ff9d4c60000 - 0x00007ff9d4d05000 	C:\Windows\System32\bcryptPrimitives.dll
0x00007ff9cf670000 - 0x00007ff9cf67e000 	C:\Users\ferch\.jdks\temurin-17.0.17\bin\instrument.dll
0x00007ff9aca90000 - 0x00007ff9acab5000 	C:\Users\ferch\.jdks\temurin-17.0.17\bin\java.dll
0x00007ff98a790000 - 0x00007ff98a867000 	C:\Users\ferch\.jdks\temurin-17.0.17\bin\jsvml.dll
0x00007ff9d7470000 - 0x00007ff9d7bd7000 	C:\Windows\System32\SHELL32.dll
0x00007ff9d44f0000 - 0x00007ff9d465a000 	C:\Windows\System32\wintypes.dll
0x00007ff9d5140000 - 0x00007ff9d59a8000 	C:\Windows\System32\windows.storage.dll
0x00007ff9d6a80000 - 0x00007ff9d6b78000 	C:\Windows\System32\SHCORE.dll
0x00007ff9d7210000 - 0x00007ff9d7276000 	C:\Windows\System32\shlwapi.dll
0x00007ff9d4410000 - 0x00007ff9d4439000 	C:\Windows\SYSTEM32\profapi.dll
0x00007ff9b7ea0000 - 0x00007ff9b7eb8000 	C:\Users\ferch\.jdks\temurin-17.0.17\bin\zip.dll
0x00007ff9b8530000 - 0x00007ff9b854a000 	C:\Users\ferch\.jdks\temurin-17.0.17\bin\net.dll
0x00007ff9cec90000 - 0x00007ff9cedbd000 	C:\Windows\SYSTEM32\WINHTTP.dll
0x00007ff9d3790000 - 0x00007ff9d37fc000 	C:\Windows\system32\mswsock.dll
0x00007ff9b8050000 - 0x00007ff9b8066000 	C:\Users\ferch\.jdks\temurin-17.0.17\bin\nio.dll
0x00007ff9b8b80000 - 0x00007ff9b8b89000 	C:\Users\ferch\.jdks\temurin-17.0.17\bin\extnet.dll
0x00007ff9acc80000 - 0x00007ff9acca7000 	C:\Users\ferch\AppData\Local\Temp\libgdxferch\4c3cbe99\gdx64.dll
0x00007ff9a1c20000 - 0x00007ff9a1c9b000 	C:\Users\ferch\AppData\Local\Temp\lwjgl_ferch\3.3.3-snapshot\x64\lwjgl.dll
0x00007ff967ff0000 - 0x00007ff968260000 	C:\Users\ferch\AppData\Local\Temp\lwjgl_ferch\3.3.3-snapshot\x64\jemalloc.dll
0x00007ff9a0570000 - 0x00007ff9a05f2000 	C:\Users\ferch\AppData\Local\Temp\lwjgl_ferch\3.3.3-snapshot\x64\glfw.dll
0x00007ff984c00000 - 0x00007ff984c4b000 	C:\Windows\SYSTEM32\dinput8.dll
0x00007ff986040000 - 0x00007ff98605e000 	C:\Windows\SYSTEM32\xinput1_4.dll
0x00007ff9d4060000 - 0x00007ff9d40b1000 	C:\Windows\SYSTEM32\cfgmgr32.dll
0x00007ff9d4030000 - 0x00007ff9d405d000 	C:\Windows\SYSTEM32\DEVOBJ.dll
0x00007ff9d1b80000 - 0x00007ff9d1baf000 	C:\Windows\SYSTEM32\dwmapi.dll
0x00007ff9b79c0000 - 0x00007ff9b7ba3000 	C:\Windows\SYSTEM32\inputhost.dll
0x00007ff9d1280000 - 0x00007ff9d13a7000 	C:\Windows\SYSTEM32\CoreMessaging.dll
0x00007ff9d1870000 - 0x00007ff9d1919000 	C:\Windows\system32\uxtheme.dll
0x00007ff9d39f0000 - 0x00007ff9d39fc000 	C:\Windows\SYSTEM32\CRYPTBASE.DLL
0x00007ff9d6710000 - 0x00007ff9d686c000 	C:\Windows\System32\MSCTF.dll
0x00007ff967e20000 - 0x00007ff967fe7000 	C:\Users\ferch\AppData\Local\Temp\lwjgl_ferch\3.3.3-snapshot\x64\OpenAL.dll
0x00007ff9d6c00000 - 0x00007ff9d6d97000 	C:\Windows\System32\ole32.dll
0x00007ff9d6270000 - 0x00007ff9d631e000 	C:\Windows\System32\clbcatq.dll
0x00007ff9baa40000 - 0x00007ff9baad7000 	C:\Windows\System32\MMDevApi.dll
0x00007ff9bb640000 - 0x00007ff9bb7f2000 	C:\Windows\SYSTEM32\AUDIOSES.DLL
0x00007ff9d25a0000 - 0x00007ff9d25b4000 	C:\Windows\SYSTEM32\resourcepolicyclient.dll
0x00007ff96efe0000 - 0x00007ff96f0ef000 	C:\Windows\SYSTEM32\opengl32.dll
0x00007ff9b90f0000 - 0x00007ff9b911d000 	C:\Windows\SYSTEM32\GLU32.dll
0x00007ff9d1de0000 - 0x00007ff9d1e23000 	C:\Windows\SYSTEM32\dxcore.dll
0x00007ff9cee10000 - 0x00007ff9cee71000 	C:\Windows\SYSTEM32\directxdatabasehelper.dll
0x00007ff9bbb90000 - 0x00007ff9bbbad000 	C:\Windows\SYSTEM32\windows.staterepositorycore.dll
0x00007ff920310000 - 0x00007ff921822000 	C:\Windows\System32\DriverStore\FileRepository\iigd_dch.inf_amd64_341b0ed10e7d04b2\igxelpgicd64.dll
0x00007ff99b1f0000 - 0x00007ff99b213000 	C:\Windows\SYSTEM32\d3d12.dll
0x00007ff9d19c0000 - 0x00007ff9d1b01000 	C:\Windows\SYSTEM32\dxgi.dll
0x00007ff9bd3f0000 - 0x00007ff9bd58b000 	C:\Windows\System32\DriverStore\FileRepository\iigd_dch.inf_amd64_341b0ed10e7d04b2\igdml64.dll
0x00007ff9bdbb0000 - 0x00007ff9bdf36000 	C:\Windows\System32\DriverStore\FileRepository\iigd_dch.inf_amd64_341b0ed10e7d04b2\igdgmm64.dll
0x00007ff9bed10000 - 0x00007ff9c3ea8000 	C:\Windows\System32\DriverStore\FileRepository\iigd_dch.inf_amd64_341b0ed10e7d04b2\igc64.dll
0x00007ff9cdea0000 - 0x00007ff9cdf5f000 	C:\Windows\SYSTEM32\mscms.dll
0x00007ff9bbc40000 - 0x00007ff9bbc89000 	C:\Windows\SYSTEM32\icm32.dll
0x00007ff9a6030000 - 0x00007ff9a608e000 	C:\Users\ferch\AppData\Local\Temp\lwjgl_ferch\3.3.3-snapshot\x64\lwjgl_opengl.dll
0x00007ff9b3810000 - 0x00007ff9b3958000 	C:\Windows\SYSTEM32\textinputframework.dll
0x00007ff9ce2a0000 - 0x00007ff9ce582000 	C:\Windows\SYSTEM32\CoreUIComponents.dll
0x00007ff999a70000 - 0x00007ff999ae6000 	C:\Windows\system32\Oleacc.dll
0x00007ff99ba30000 - 0x00007ff99baec000 	C:\Users\ferch\AppData\Local\Temp\libgdxferch\d0673c77\gdx-freetype64.dll
0x00007ff9b8620000 - 0x00007ff9b867e000 	C:\Windows\system32\ApplicationTargetedFeatureDatabase.dll
0x00007ff9bd780000 - 0x00007ff9bd9cd000 	C:\Windows\System32\twinapi.appcore.dll
0x00007ff9a4e80000 - 0x00007ff9a4ed8000 	C:\Users\ferch\AppData\Local\Temp\libgdxferch\e861a04e\gdx-box2d64.dll

dbghelp: loaded successfully - version: 4.0.5 - missing functions: none
symbol engine: initialized successfully - sym options: 0x614 - pdb path: .;C:\Users\ferch\.jdks\temurin-17.0.17\bin;C:\Windows\SYSTEM32;C:\Windows\WinSxS\amd64_microsoft.windows.common-controls_6595b64144ccf1df_6.0.26100.8115_none_3e075c82e3354f9c;C:\Users\ferch\.jdks\temurin-17.0.17\bin\server;C:\Users\ferch\AppData\Local\Temp\libgdxferch\4c3cbe99;C:\Users\ferch\AppData\Local\Temp\lwjgl_ferch\3.3.3-snapshot\x64;C:\Windows\System32\DriverStore\FileRepository\iigd_dch.inf_amd64_341b0ed10e7d04b2;C:\Users\ferch\AppData\Local\Temp\libgdxferch\d0673c77;C:\Users\ferch\AppData\Local\Temp\libgdxferch\e861a04e

VM Arguments:
jvm_args: -javaagent:C:\Program Files\JetBrains\IntelliJ IDEA Community Edition 2025.2.5\lib\idea_rt.jar=65143 -Dfile.encoding=UTF-8 
java_command: ch.hevs.gdx2d.hello.Launch
java_class_path (initial): C:\Users\ferch\IdeaProjects\T2D\out\production\gdx2d-game;C:\Users\ferch\IdeaProjects\T2D\lib\gdx2d-desktop-1.3.0.jar;C:\Users\ferch\IdeaProjects\T2D\lib\accordion-1.2.0-jar-with-dependencies.jar;C:\Users\ferch\.ivy2\cache\org.scala-lang\scala-library\jars\scala-library-2.13.18.jar;C:\Users\ferch\.ivy2\cache\org.scala-lang\scala-reflect\jars\scala-reflect-2.13.18.jar
Launcher Type: SUN_STANDARD

[Global flags]
     intx CICompilerCount                          = 4                                         {product} {ergonomic}
     uint ConcGCThreads                            = 3                                         {product} {ergonomic}
     uint G1ConcRefinementThreads                  = 11                                        {product} {ergonomic}
   size_t G1HeapRegionSize                         = 4194304                                   {product} {ergonomic}
    uintx GCDrainStackTargetSize                   = 64                                        {product} {ergonomic}
   size_t InitialHeapSize                          = 528482304                                 {product} {ergonomic}
   size_t MarkStackSize                            = 4194304                                   {product} {ergonomic}
   size_t MaxHeapSize                              = 8438939648                                {product} {ergonomic}
   size_t MaxNewSize                               = 5062524928                                {product} {ergonomic}
   size_t MinHeapDeltaBytes                        = 4194304                                   {product} {ergonomic}
   size_t MinHeapSize                              = 8388608                                   {product} {ergonomic}
    uintx NonNMethodCodeHeapSize                   = 5839372                                {pd product} {ergonomic}
    uintx NonProfiledCodeHeapSize                  = 122909434                              {pd product} {ergonomic}
    uintx ProfiledCodeHeapSize                     = 122909434                              {pd product} {ergonomic}
    uintx ReservedCodeCacheSize                    = 251658240                              {pd product} {ergonomic}
     bool SegmentedCodeCache                       = true                                      {product} {ergonomic}
   size_t SoftMaxHeapSize                          = 8438939648                             {manageable} {ergonomic}
     bool UseCompressedClassPointers               = true                           {product lp64_product} {ergonomic}
     bool UseCompressedOops                        = true                           {product lp64_product} {ergonomic}
     bool UseG1GC                                  = true                                      {product} {ergonomic}
     bool UseLargePagesIndividualAllocation        = false                                  {pd product} {ergonomic}

Logging:
Log output configuration:
 #0: stdout all=warning uptime,level,tags
 #1: stderr all=off uptime,level,tags

Environment Variables:
PATH=C:\Windows\system32;C:\Windows;C:\Windows\System32\Wbem;C:\Windows\System32\WindowsPowerShell\v1.0\;C:\Windows\System32\OpenSSH\;C:\Program Files\dotnet\;C:\Program Files\Git\cmd;C:\Users\ferch\.local\bin;C:\Users\ferch\scoop\shims;C:\Users\ferch\AppData\Local\Microsoft\WindowsApps;C:\Users\ferch\AppData\Local\Programs\Microsoft VS Code\bin;C:\Users\ferch\AppData\Local\GitHubDesktop\bin;C:\Users\ferch\OneDrive\Documents\win64
USERNAME=ferch
OS=Windows_NT
PROCESSOR_IDENTIFIER=Intel64 Family 6 Model 181 Stepping 0, GenuineIntel
TMP=C:\Users\ferch\AppData\Local\Temp
TEMP=C:\Users\ferch\AppData\Local\Temp



Periodic native trim disabled


---------------  S Y S T E M  ---------------

OS:
 Windows 11 , 64 bit Build 26100 (10.0.26100.8246)
OS uptime: 17 days 0:03 hours
Hyper-V role detected

CPU: total 14 (initial active 14) (7 cores per cpu, 2 threads per core) family 6 model 181 stepping 0 microcode 0xa, cx8, cmov, fxsr, ht, mmx, 3dnowpref, sse, sse2, sse3, ssse3, sse4.1, sse4.2, popcnt, lzcnt, tsc, tscinvbit, avx, avx2, aes, erms, clmul, bmi1, bmi2, adx, sha, fma, vzeroupper, clflush, clflushopt, clwb, hv
Processor Information for processor 0
  Max Mhz: 2000, Current Mhz: 2000, Mhz Limit: 2000
Processor Information for processor 1
  Max Mhz: 2000, Current Mhz: 2000, Mhz Limit: 2000
Processor Information for processor 2
  Max Mhz: 1700, Current Mhz: 1478, Mhz Limit: 1700
Processor Information for processor 3
  Max Mhz: 1700, Current Mhz: 1700, Mhz Limit: 1700
Processor Information for processor 4
  Max Mhz: 1700, Current Mhz: 1700, Mhz Limit: 1700
Processor Information for processor 5
  Max Mhz: 1700, Current Mhz: 1478, Mhz Limit: 1700
Processor Information for processor 6
  Max Mhz: 1700, Current Mhz: 1478, Mhz Limit: 1700
Processor Information for processor 7
  Max Mhz: 1700, Current Mhz: 1700, Mhz Limit: 1700
Processor Information for processor 8
  Max Mhz: 1700, Current Mhz: 1700, Mhz Limit: 1700
Processor Information for processor 9
  Max Mhz: 1700, Current Mhz: 1700, Mhz Limit: 1700
Processor Information for processor 10
  Max Mhz: 2000, Current Mhz: 2000, Mhz Limit: 2000
Processor Information for processor 11
  Max Mhz: 2000, Current Mhz: 2000, Mhz Limit: 2000
Processor Information for processor 12
  Max Mhz: 700, Current Mhz: 700, Mhz Limit: 700
Processor Information for processor 13
  Max Mhz: 700, Current Mhz: 700, Mhz Limit: 700

Memory: 4k page, system-wide physical 32181M (14169M free)
TotalPageFile size 34229M (AvailPageFile size 9149M)
current process WorkingSet (physical memory assigned to process): 233M, peak: 350M
current process commit charge ("private bytes"): 775M, peak: 792M

vm_info: OpenJDK 64-Bit Server VM (17.0.17+10) for windows-amd64 JRE (17.0.17+10), built on Oct 21 2025 23:25:32 by "admin" with unknown MS VC++:1942

END.
