#
# A fatal error has been detected by the Java Runtime Environment:
#
#  EXCEPTION_ACCESS_VIOLATION (0xc0000005) at pc=0x0000023a95e20036, pid=19352, tid=19772
#
# JRE version: OpenJDK Runtime Environment Temurin-17.0.17+10 (17.0.17+10) (build 17.0.17+10)
# Java VM: OpenJDK 64-Bit Server VM Temurin-17.0.17+10 (17.0.17+10, mixed mode, sharing, tiered, compressed oops, compressed class ptrs, g1 gc, windows-amd64)
# Problematic frame:
# C  0x0000023a95e20036
#
# No core dump will be written. Minidumps are not enabled by default on client versions of Windows
#
# If you would like to submit a bug report, please visit:
#   https://github.com/adoptium/adoptium-support/issues
# The crash happened outside the Java Virtual Machine in native code.
# See problematic frame for where to report the bug.
#

---------------  S U M M A R Y ------------

Command Line: -javaagent:C:\Program Files\JetBrains\IntelliJ IDEA Community Edition 2025.2.5\lib\idea_rt.jar=54916 -Dfile.encoding=UTF-8 ch.hevs.gdx2d.hello.Launch

Host: Intel(R) Core(TM) Ultra 7 255U, 14 cores, 31G,  Windows 11 , 64 bit Build 26100 (10.0.26100.8246)
Time: Thu May 28 11:20:05 2026 Europe de l , 64 bit Build 26100 (10.0.26100.8246) elapsed time: 13.662906 seconds (0d 0h 0m 13s)

---------------  T H R E A D  ---------------

Current thread (0x0000023ae92554a0):  JavaThread "main" [_thread_in_native, id=19772, stack(0x000000b398900000,0x000000b398a00000)]

Stack: [0x000000b398900000,0x000000b398a00000],  sp=0x000000b3989feab0,  free space=1018k
Native frames: (J=compiled Java code, j=interpreted, Vv=VM code, C=native code)
C  0x0000023a95e20036

Java frames: (J=compiled Java code, j=interpreted, Vv=VM code)
j  org.lwjgl.system.JNI.invokePPP(JJJ)J+0
j  org.lwjgl.glfw.GLFW.nglfwSetWindowFocusCallback(JJ)J+20
j  org.lwjgl.glfw.GLFW.glfwSetWindowFocusCallback(JLorg/lwjgl/glfw/GLFWWindowFocusCallbackI;)Lorg/lwjgl/glfw/GLFWWindowFocusCallback;+5
j  com.badlogic.gdx.backends.lwjgl3.Lwjgl3Window.dispose()V+43
j  com.badlogic.gdx.backends.lwjgl3.Lwjgl3Application.cleanupWindows()V+89
j  com.badlogic.gdx.backends.lwjgl3.Lwjgl3Application.<init>(Lcom/badlogic/gdx/ApplicationListener;Lcom/badlogic/gdx/backends/lwjgl3/Lwjgl3ApplicationConfiguration;)V+273
j  ch.hevs.gdx2d.desktop.DesktopApplication.createLwjglApplication(IIZ)V+34
j  ch.hevs.gdx2d.desktop.DesktopApplication.launch()V+67
j  ch.hevs.gdx2d.hello.Launch$.main([Ljava/lang/String;)V+7
j  ch.hevs.gdx2d.hello.Launch.main([Ljava/lang/String;)V+4
v  ~StubRoutines::call_stub

siginfo: EXCEPTION_ACCESS_VIOLATION (0xc0000005), writing address 0x00000000989febc0


Registers:
RAX=0x00000000989febc0, RBX=0x0000000000010001, RCX=0x0000000000010000, RDX=0x000000b3989feaf0
RSP=0x000000b3989feab0, RBP=0x0000000095e20010, RSI=0x0000000000000110, RDI=0x0000000000000c3c
R8 =0x0000023ad7129210, R9 =0x0000000000000000, R10=0x0000023af830d6b2, R11=0x000000b3989fef28
R12=0x0000000000000000, R13=0x0000023ad85157b0, R14=0x000000b3989ff040, R15=0x0000023ae92554a0
RIP=0x0000023a95e20036, EFLAGS=0x0000000000010a16

XMM[0]=0x7972617262696c20 0x57464c4720656854
XMM[1]=0x696c616974696e69 0x20746f6e20736920
XMM[2]=0x0000000000000000 0x0000000000000000
XMM[3]=0x0000000000000000 0x0000000000000000
XMM[4]=0x0000000000000000 0x0000000000000000
XMM[5]=0x0000000000000000 0x0000000000000000
XMM[6]=0x0000000000000000 0x000000003f000000
XMM[7]=0x0000000000000000 0x0000000043000000
XMM[8]=0x0000000000000000 0x00000000feffffff
XMM[9]=0x0000000000000000 0x0000000000000000
XMM[10]=0x0000000000000000 0x0000000045480000
XMM[11]=0x0000000000000000 0x000000003a72b9d6
XMM[12]=0x0000000000000000 0x0000000000000000
XMM[13]=0x0000000000000000 0x0000000000000000
XMM[14]=0x0000000000000000 0x0000000000000000
XMM[15]=0x0000000000000000 0x0000000000000000
  MXCSR=0x00001fa0


Register to memory mapping:

RIP=0x0000023a95e20036 points into unknown readable memory: 00 00
RAX=0x00000000989febc0 is an unknown value
RBX=0x0000000000010001 is an unknown value
RCX=0x0000000000010000 is an unknown value
RDX=0x000000b3989feaf0 is pointing into the stack for thread: 0x0000023ae92554a0
RSP=0x000000b3989feab0 is pointing into the stack for thread: 0x0000023ae92554a0
RBP=0x0000000095e20010 is an unknown value
RSI=0x0000000000000110 is an unknown value
RDI=0x0000000000000c3c is an unknown value
R8 =0x0000023ad7129210 points into unknown readable memory: 0x0000000000000000 | 00 00 00 00 00 00 00 00
R9 =0x0 is NULL
R10=0x0000023af830d6b2 is at code_begin+946 in an Interpreter codelet
method entry point (kind = native)  [0x0000023af830d300, 0x0000023af830dc80]  2432 bytes
R11=0x000000b3989fef28 is pointing into the stack for thread: 0x0000023ae92554a0
R12=0x0 is NULL
R13={method} {0x0000023ad85157b8} 'invokePPP' '(JJJ)J' in 'org/lwjgl/system/JNI'
R14=0x000000b3989ff040 is pointing into the stack for thread: 0x0000023ae92554a0
R15=0x0000023ae92554a0 is a thread


Top of Stack: (sp=0x000000b3989feab0)
0x000000b3989feab0:   fffffffff9a1c454 00007ff9a19722dc
0x000000b3989feac0:   0000000000000000 000000000000c2ce
0x000000b3989fead0:   000000b3989feac0 0000000000000000
0x000000b3989feae0:   0000000000000000 0000000000000000
0x000000b3989feaf0:   57464c4720656854 7972617262696c20
0x000000b3989feb00:   20746f6e20736920 696c616974696e69
0x000000b3989feb10:   000000000064657a 0000000000000000
0x000000b3989feb20:   0000000000000000 000000b3989fec20
0x000000b3989feb30:   000000b398404000 0000000000000000
0x000000b3989feb40:   00000000000c0000 00007ff9d6424ffa
0x000000b3989feb50:   0000000000000004 00007ff900000000
0x000000b3989feb60:   000000b398404000 000000b3989fec10
0x000000b3989feb70:   0000000000000048 0000000000000001
0x000000b3989feb80:   0000000000000000 0000000000000000
0x000000b3989feb90:   0000000000000070 0000381e360943e6
0x000000b3989feba0:   ffffffffffffffff 0000000000000000
0x000000b3989febb0:   0000000000000000 0000000000000000
0x000000b3989febc0:   0000000000000000 0000000000000000
0x000000b3989febd0:   0000000000000000 0000000000000000
0x000000b3989febe0:   0000000000000082 00007ff9d6424e4a
0x000000b3989febf0:   0000000000000008 00007ff96efebd30
0x000000b3989fec00:   000000000033096c 0000000080000000
0x000000b3989fec10:   0000000000000000 0000000000000000
0x000000b3989fec20:   0000000000000000 0000000000000082
0x000000b3989fec30:   000000000033096c 000000000033096c
0x000000b3989fec40:   0000000000000000 00007ff9d6450791
0x000000b3989fec50:   000000b3989fed08 0000000000000000
0x000000b3989fec60:   0000000000000000 0000023ad76aac50
0x000000b3989fec70:   00007ff920b3a0f0 00007ff9d7d85b24
0x000000b3989fec80:   0000000000000000 0000000000000000
0x000000b3989fec90:   0000000000000000 00007ff9d64aa710
0x000000b3989feca0:   0000000000000000 00007ff9d7d85b24 

Instructions: (pc=0x0000023a95e20036)
0x0000023a95e1ff36:   ?? ?? ?? ?? ?? ?? ?? ?? ?? ?? ?? ?? ?? ?? ?? ??
0x0000023a95e1ff46:   ?? ?? ?? ?? ?? ?? ?? ?? ?? ?? ?? ?? ?? ?? ?? ??
0x0000023a95e1ff56:   ?? ?? ?? ?? ?? ?? ?? ?? ?? ?? ?? ?? ?? ?? ?? ??
0x0000023a95e1ff66:   ?? ?? ?? ?? ?? ?? ?? ?? ?? ?? ?? ?? ?? ?? ?? ??
0x0000023a95e1ff76:   ?? ?? ?? ?? ?? ?? ?? ?? ?? ?? ?? ?? ?? ?? ?? ??
0x0000023a95e1ff86:   ?? ?? ?? ?? ?? ?? ?? ?? ?? ?? ?? ?? ?? ?? ?? ??
0x0000023a95e1ff96:   ?? ?? ?? ?? ?? ?? ?? ?? ?? ?? ?? ?? ?? ?? ?? ??
0x0000023a95e1ffa6:   ?? ?? ?? ?? ?? ?? ?? ?? ?? ?? ?? ?? ?? ?? ?? ??
0x0000023a95e1ffb6:   ?? ?? ?? ?? ?? ?? ?? ?? ?? ?? ?? ?? ?? ?? ?? ??
0x0000023a95e1ffc6:   ?? ?? ?? ?? ?? ?? ?? ?? ?? ?? ?? ?? ?? ?? ?? ??
0x0000023a95e1ffd6:   ?? ?? ?? ?? ?? ?? ?? ?? ?? ?? ?? ?? ?? ?? ?? ??
0x0000023a95e1ffe6:   ?? ?? ?? ?? ?? ?? ?? ?? ?? ?? ?? ?? ?? ?? ?? ??
0x0000023a95e1fff6:   ?? ?? ?? ?? ?? ?? ?? ?? ?? ?? 00 00 00 00 00 00
0x0000023a95e20006:   00 00 41 00 00 00 00 00 00 00 00 0b c9 a1 f9 7f
0x0000023a95e20016:   00 00 e0 0b c9 a1 f9 7f 00 00 00 0f 1f 80 00 00
0x0000023a95e20026:   00 00 68 54 c4 a1 f9 7f 00 00 00 00 e7 95 3a 02
0x0000023a95e20036:   00 00 c0 12 c2 a1 f9 7f 00 00 40 00 00 00 00 00
0x0000023a95e20046:   00 00 42 00 00 00 00 00 00 00 f3 0f 1e fa 4c 8d
0x0000023a95e20056:   15 f5 ff ff ff ff 25 07 00 00 00 0f 1f 80 00 00
0x0000023a95e20066:   00 00 68 54 c4 a1 f9 7f 00 00 20 00 e7 95 3a 02
0x0000023a95e20076:   00 00 c0 12 c2 a1 f9 7f 00 00 78 76 0c 93 3a 02
0x0000023a95e20086:   00 00 43 00 00 00 00 00 00 00 f3 0f 1e fa 4c 8d
0x0000023a95e20096:   15 f5 ff ff ff ff 25 07 00 00 00 0f 1f 80 00 00
0x0000023a95e200a6:   00 00 68 54 c4 a1 f9 7f 00 00 40 00 e7 95 3a 02
0x0000023a95e200b6:   00 00 c0 12 c2 a1 f9 7f 00 00 80 76 0c 93 3a 02
0x0000023a95e200c6:   00 00 43 00 00 00 00 00 00 00 f3 0f 1e fa 4c 8d
0x0000023a95e200d6:   15 f5 ff ff ff ff 25 07 00 00 00 0f 1f 80 00 00
0x0000023a95e200e6:   00 00 68 54 c4 a1 f9 7f 00 00 60 00 e7 95 3a 02
0x0000023a95e200f6:   00 00 c0 12 c2 a1 f9 7f 00 00 88 76 0c 93 3a 02
0x0000023a95e20106:   00 00 43 00 00 00 00 00 00 00 f3 0f 1e fa 4c 8d
0x0000023a95e20116:   15 f5 ff ff ff ff 25 07 00 00 00 0f 1f 80 00 00
0x0000023a95e20126:   00 00 68 54 c4 a1 f9 7f 00 00 80 00 e7 95 3a 02 


Stack slot to memory mapping:
stack at sp + 0 slots: 0xfffffffff9a1c454 is an unknown value
stack at sp + 1 slots: 0x00007ff9a19722dc glfw.dll
stack at sp + 2 slots: 0x0 is NULL
stack at sp + 3 slots: 0x000000000000c2ce is an unknown value
stack at sp + 4 slots: 0x000000b3989feac0 is pointing into the stack for thread: 0x0000023ae92554a0
stack at sp + 5 slots: 0x0 is NULL
stack at sp + 6 slots: 0x0 is NULL
stack at sp + 7 slots: 0x0 is NULL


---------------  P R O C E S S  ---------------

Threads class SMR info:
_java_thread_list=0x0000023addcd4900, length=17, elements={
0x0000023ae92554a0, 0x0000023a930c2b90, 0x0000023a930c3550, 0x0000023a930d4c90,
0x0000023a930d5650, 0x0000023a930d6010, 0x0000023a930d69d0, 0x0000023a930d7f10,
0x0000023a930da9d0, 0x0000023a930f1bb0, 0x0000023ad7080940, 0x0000023ad72ab860,
0x0000023ad72abd40, 0x0000023ad7a8e160, 0x0000023add696e10, 0x0000023addedce60,
0x0000023addf3b0b0
}

Java Threads: ( => current thread )
=>0x0000023ae92554a0 JavaThread "main" [_thread_in_native, id=19772, stack(0x000000b398900000,0x000000b398a00000)]
  0x0000023a930c2b90 JavaThread "Reference Handler" daemon [_thread_blocked, id=45672, stack(0x000000b399000000,0x000000b399100000)]
  0x0000023a930c3550 JavaThread "Finalizer" daemon [_thread_blocked, id=45220, stack(0x000000b399100000,0x000000b399200000)]
  0x0000023a930d4c90 JavaThread "Signal Dispatcher" daemon [_thread_blocked, id=47076, stack(0x000000b399200000,0x000000b399300000)]
  0x0000023a930d5650 JavaThread "Attach Listener" daemon [_thread_blocked, id=10280, stack(0x000000b399300000,0x000000b399400000)]
  0x0000023a930d6010 JavaThread "Service Thread" daemon [_thread_blocked, id=46028, stack(0x000000b399400000,0x000000b399500000)]
  0x0000023a930d69d0 JavaThread "Monitor Deflation Thread" daemon [_thread_blocked, id=23632, stack(0x000000b399500000,0x000000b399600000)]
  0x0000023a930d7f10 JavaThread "C2 CompilerThread0" daemon [_thread_blocked, id=43772, stack(0x000000b399600000,0x000000b399700000)]
  0x0000023a930da9d0 JavaThread "C1 CompilerThread0" daemon [_thread_blocked, id=26144, stack(0x000000b399700000,0x000000b399800000)]
  0x0000023a930f1bb0 JavaThread "Sweeper thread" daemon [_thread_blocked, id=28696, stack(0x000000b399800000,0x000000b399900000)]
  0x0000023ad7080940 JavaThread "Common-Cleaner" daemon [_thread_blocked, id=40704, stack(0x000000b399900000,0x000000b399a00000)]
  0x0000023ad72ab860 JavaThread "Monitor Ctrl-Break" daemon [_thread_in_native, id=45728, stack(0x000000b399b00000,0x000000b399c00000)]
  0x0000023ad72abd40 JavaThread "Notification Thread" daemon [_thread_blocked, id=23900, stack(0x000000b399c00000,0x000000b399d00000)]
  0x0000023ad7a8e160 JavaThread "Thread-0" daemon [_thread_blocked, id=44612, stack(0x000000b39a400000,0x000000b39a500000)]
  0x0000023add696e10 JavaThread "LWJGL3 Timer" daemon [_thread_blocked, id=38904, stack(0x000000b399a00000,0x000000b399b00000)]
  0x0000023addedce60 JavaThread "AssetManager" daemon [_thread_blocked, id=24728, stack(0x000000b39b600000,0x000000b39b700000)]
  0x0000023addf3b0b0 JavaThread "LWJGL3 Timer" daemon [_thread_blocked, id=8704, stack(0x000000b39b900000,0x000000b39ba00000)]

Other Threads:
  0x0000023a930bdfb0 VMThread "VM Thread" [stack: 0x000000b398f00000,0x000000b399000000] [id=12604]
  0x0000023ae9256230 WatcherThread [stack: 0x000000b399d00000,0x000000b399e00000] [id=30040]
  0x0000023ae9302230 GCTaskThread "GC Thread#0" [stack: 0x000000b398a00000,0x000000b398b00000] [id=13336]
  0x0000023add70eaa0 GCTaskThread "GC Thread#1" [stack: 0x000000b39ac00000,0x000000b39ad00000] [id=11740]
  0x0000023add851f20 GCTaskThread "GC Thread#2" [stack: 0x000000b39ad00000,0x000000b39ae00000] [id=1716]
  0x0000023add6f5a00 GCTaskThread "GC Thread#3" [stack: 0x000000b39ae00000,0x000000b39af00000] [id=39912]
  0x0000023add726a10 GCTaskThread "GC Thread#4" [stack: 0x000000b39af00000,0x000000b39b000000] [id=41384]
  0x0000023addb74240 GCTaskThread "GC Thread#5" [stack: 0x000000b39b000000,0x000000b39b100000] [id=39028]
  0x0000023addb731c0 GCTaskThread "GC Thread#6" [stack: 0x000000b39b100000,0x000000b39b200000] [id=13632]
  0x0000023addb73740 GCTaskThread "GC Thread#7" [stack: 0x000000b39b200000,0x000000b39b300000] [id=9040]
  0x0000023addb747c0 GCTaskThread "GC Thread#8" [stack: 0x000000b39b300000,0x000000b39b400000] [id=35432]
  0x0000023addb73480 GCTaskThread "GC Thread#9" [stack: 0x000000b39b400000,0x000000b39b500000] [id=43244]
  0x0000023addb74a80 GCTaskThread "GC Thread#10" [stack: 0x000000b39b500000,0x000000b39b600000] [id=32204]
  0x0000023a92f03f70 ConcurrentGCThread "G1 Main Marker" [stack: 0x000000b398b00000,0x000000b398c00000] [id=33856]
  0x0000023a92f05500 ConcurrentGCThread "G1 Conc#0" [stack: 0x000000b398c00000,0x000000b398d00000] [id=44760]
  0x0000023a92ff4560 ConcurrentGCThread "G1 Refine#0" [stack: 0x000000b398d00000,0x000000b398e00000] [id=10272]
  0x0000023a92ff4e90 ConcurrentGCThread "G1 Service" [stack: 0x000000b398e00000,0x000000b398f00000] [id=39820]

Threads with active compile tasks:

VM state: not at safepoint (normal execution)

VM Mutex/Monitor currently owned by a thread: None

Heap address: 0x0000000609000000, size: 8048 MB, Compressed Oops mode: Zero based, Oop shift amount: 3

CDS archive(s) mapped at: [0x0000023a96000000-0x0000023a96bb0000-0x0000023a96bb0000), size 12255232, SharedBaseAddress: 0x0000023a96000000, ArchiveRelocationMode: 1.
Compressed class space mapped at: 0x0000023a97000000-0x0000023ad7000000, reserved size: 1073741824
Narrow klass base: 0x0000023a96000000, Narrow klass shift: 0, Narrow klass range: 0x100000000

GC Precious Log:
 CPUs: 14 total, 14 available
 Memory: 32181M
 Large Page Support: Disabled
 NUMA Support: Disabled
 Compressed Oops: Enabled (Zero based)
 Heap Region Size: 4M
 Heap Min Capacity: 8M
 Heap Initial Capacity: 504M
 Heap Max Capacity: 8048M
 Pre-touch: Disabled
 Parallel Workers: 11
 Concurrent Workers: 3
 Concurrent Refinement Workers: 11
 Periodic GC: Disabled

Heap:
 garbage-first heap   total 516096K, used 16097K [0x0000000609000000, 0x0000000800000000)
  region size 4096K, 5 young (20480K), 1 survivors (4096K)
 Metaspace       used 12231K, committed 12416K, reserved 1114112K
  class space    used 1225K, committed 1344K, reserved 1048576K

Heap Regions: E=young(eden), S=young(survivor), O=old, HS=humongous(starts), HC=humongous(continues), CS=collection set, F=free, OA=open archive, CA=closed archive, TAMS=top-at-mark-start (previous, next)
|   0|0x0000000609000000, 0x0000000609000000, 0x0000000609400000|  0%| F|  |TAMS 0x0000000609000000, 0x0000000609000000| Untracked 
|   1|0x0000000609400000, 0x0000000609400000, 0x0000000609800000|  0%| F|  |TAMS 0x0000000609400000, 0x0000000609400000| Untracked 
|   2|0x0000000609800000, 0x0000000609800000, 0x0000000609c00000|  0%| F|  |TAMS 0x0000000609800000, 0x0000000609800000| Untracked 
|   3|0x0000000609c00000, 0x0000000609c00000, 0x000000060a000000|  0%| F|  |TAMS 0x0000000609c00000, 0x0000000609c00000| Untracked 
|   4|0x000000060a000000, 0x000000060a000000, 0x000000060a400000|  0%| F|  |TAMS 0x000000060a000000, 0x000000060a000000| Untracked 
|   5|0x000000060a400000, 0x000000060a400000, 0x000000060a800000|  0%| F|  |TAMS 0x000000060a400000, 0x000000060a400000| Untracked 
|   6|0x000000060a800000, 0x000000060a800000, 0x000000060ac00000|  0%| F|  |TAMS 0x000000060a800000, 0x000000060a800000| Untracked 
|   7|0x000000060ac00000, 0x000000060ac00000, 0x000000060b000000|  0%| F|  |TAMS 0x000000060ac00000, 0x000000060ac00000| Untracked 
|   8|0x000000060b000000, 0x000000060b000000, 0x000000060b400000|  0%| F|  |TAMS 0x000000060b000000, 0x000000060b000000| Untracked 
|   9|0x000000060b400000, 0x000000060b400000, 0x000000060b800000|  0%| F|  |TAMS 0x000000060b400000, 0x000000060b400000| Untracked 
|  10|0x000000060b800000, 0x000000060b800000, 0x000000060bc00000|  0%| F|  |TAMS 0x000000060b800000, 0x000000060b800000| Untracked 
|  11|0x000000060bc00000, 0x000000060bc00000, 0x000000060c000000|  0%| F|  |TAMS 0x000000060bc00000, 0x000000060bc00000| Untracked 
|  12|0x000000060c000000, 0x000000060c000000, 0x000000060c400000|  0%| F|  |TAMS 0x000000060c000000, 0x000000060c000000| Untracked 
|  13|0x000000060c400000, 0x000000060c400000, 0x000000060c800000|  0%| F|  |TAMS 0x000000060c400000, 0x000000060c400000| Untracked 
|  14|0x000000060c800000, 0x000000060c800000, 0x000000060cc00000|  0%| F|  |TAMS 0x000000060c800000, 0x000000060c800000| Untracked 
|  15|0x000000060cc00000, 0x000000060cc00000, 0x000000060d000000|  0%| F|  |TAMS 0x000000060cc00000, 0x000000060cc00000| Untracked 
|  16|0x000000060d000000, 0x000000060d000000, 0x000000060d400000|  0%| F|  |TAMS 0x000000060d000000, 0x000000060d000000| Untracked 
|  17|0x000000060d400000, 0x000000060d400000, 0x000000060d800000|  0%| F|  |TAMS 0x000000060d400000, 0x000000060d400000| Untracked 
|  18|0x000000060d800000, 0x000000060d800000, 0x000000060dc00000|  0%| F|  |TAMS 0x000000060d800000, 0x000000060d800000| Untracked 
|  19|0x000000060dc00000, 0x000000060dc00000, 0x000000060e000000|  0%| F|  |TAMS 0x000000060dc00000, 0x000000060dc00000| Untracked 
|  20|0x000000060e000000, 0x000000060e000000, 0x000000060e400000|  0%| F|  |TAMS 0x000000060e000000, 0x000000060e000000| Untracked 
|  21|0x000000060e400000, 0x000000060e400000, 0x000000060e800000|  0%| F|  |TAMS 0x000000060e400000, 0x000000060e400000| Untracked 
|  22|0x000000060e800000, 0x000000060e800000, 0x000000060ec00000|  0%| F|  |TAMS 0x000000060e800000, 0x000000060e800000| Untracked 
|  23|0x000000060ec00000, 0x000000060ec00000, 0x000000060f000000|  0%| F|  |TAMS 0x000000060ec00000, 0x000000060ec00000| Untracked 
|  24|0x000000060f000000, 0x000000060f000000, 0x000000060f400000|  0%| F|  |TAMS 0x000000060f000000, 0x000000060f000000| Untracked 
|  25|0x000000060f400000, 0x000000060f400000, 0x000000060f800000|  0%| F|  |TAMS 0x000000060f400000, 0x000000060f400000| Untracked 
|  26|0x000000060f800000, 0x000000060f800000, 0x000000060fc00000|  0%| F|  |TAMS 0x000000060f800000, 0x000000060f800000| Untracked 
|  27|0x000000060fc00000, 0x000000060fc00000, 0x0000000610000000|  0%| F|  |TAMS 0x000000060fc00000, 0x000000060fc00000| Untracked 
|  28|0x0000000610000000, 0x0000000610000000, 0x0000000610400000|  0%| F|  |TAMS 0x0000000610000000, 0x0000000610000000| Untracked 
|  29|0x0000000610400000, 0x0000000610400000, 0x0000000610800000|  0%| F|  |TAMS 0x0000000610400000, 0x0000000610400000| Untracked 
|  30|0x0000000610800000, 0x0000000610800000, 0x0000000610c00000|  0%| F|  |TAMS 0x0000000610800000, 0x0000000610800000| Untracked 
|  31|0x0000000610c00000, 0x0000000610c00000, 0x0000000611000000|  0%| F|  |TAMS 0x0000000610c00000, 0x0000000610c00000| Untracked 
|  32|0x0000000611000000, 0x0000000611000000, 0x0000000611400000|  0%| F|  |TAMS 0x0000000611000000, 0x0000000611000000| Untracked 
|  33|0x0000000611400000, 0x0000000611400000, 0x0000000611800000|  0%| F|  |TAMS 0x0000000611400000, 0x0000000611400000| Untracked 
|  34|0x0000000611800000, 0x0000000611800000, 0x0000000611c00000|  0%| F|  |TAMS 0x0000000611800000, 0x0000000611800000| Untracked 
|  35|0x0000000611c00000, 0x0000000611c00000, 0x0000000612000000|  0%| F|  |TAMS 0x0000000611c00000, 0x0000000611c00000| Untracked 
|  36|0x0000000612000000, 0x0000000612000000, 0x0000000612400000|  0%| F|  |TAMS 0x0000000612000000, 0x0000000612000000| Untracked 
|  37|0x0000000612400000, 0x0000000612400000, 0x0000000612800000|  0%| F|  |TAMS 0x0000000612400000, 0x0000000612400000| Untracked 
|  38|0x0000000612800000, 0x0000000612800000, 0x0000000612c00000|  0%| F|  |TAMS 0x0000000612800000, 0x0000000612800000| Untracked 
|  39|0x0000000612c00000, 0x0000000612c00000, 0x0000000613000000|  0%| F|  |TAMS 0x0000000612c00000, 0x0000000612c00000| Untracked 
|  40|0x0000000613000000, 0x0000000613000000, 0x0000000613400000|  0%| F|  |TAMS 0x0000000613000000, 0x0000000613000000| Untracked 
|  41|0x0000000613400000, 0x0000000613400000, 0x0000000613800000|  0%| F|  |TAMS 0x0000000613400000, 0x0000000613400000| Untracked 
|  42|0x0000000613800000, 0x0000000613800000, 0x0000000613c00000|  0%| F|  |TAMS 0x0000000613800000, 0x0000000613800000| Untracked 
|  43|0x0000000613c00000, 0x0000000613c00000, 0x0000000614000000|  0%| F|  |TAMS 0x0000000613c00000, 0x0000000613c00000| Untracked 
|  44|0x0000000614000000, 0x0000000614000000, 0x0000000614400000|  0%| F|  |TAMS 0x0000000614000000, 0x0000000614000000| Untracked 
|  45|0x0000000614400000, 0x0000000614400000, 0x0000000614800000|  0%| F|  |TAMS 0x0000000614400000, 0x0000000614400000| Untracked 
|  46|0x0000000614800000, 0x0000000614800000, 0x0000000614c00000|  0%| F|  |TAMS 0x0000000614800000, 0x0000000614800000| Untracked 
|  47|0x0000000614c00000, 0x0000000614c00000, 0x0000000615000000|  0%| F|  |TAMS 0x0000000614c00000, 0x0000000614c00000| Untracked 
|  48|0x0000000615000000, 0x0000000615000000, 0x0000000615400000|  0%| F|  |TAMS 0x0000000615000000, 0x0000000615000000| Untracked 
|  49|0x0000000615400000, 0x0000000615400000, 0x0000000615800000|  0%| F|  |TAMS 0x0000000615400000, 0x0000000615400000| Untracked 
|  50|0x0000000615800000, 0x0000000615800000, 0x0000000615c00000|  0%| F|  |TAMS 0x0000000615800000, 0x0000000615800000| Untracked 
|  51|0x0000000615c00000, 0x0000000615c00000, 0x0000000616000000|  0%| F|  |TAMS 0x0000000615c00000, 0x0000000615c00000| Untracked 
|  52|0x0000000616000000, 0x0000000616000000, 0x0000000616400000|  0%| F|  |TAMS 0x0000000616000000, 0x0000000616000000| Untracked 
|  53|0x0000000616400000, 0x0000000616400000, 0x0000000616800000|  0%| F|  |TAMS 0x0000000616400000, 0x0000000616400000| Untracked 
|  54|0x0000000616800000, 0x0000000616800000, 0x0000000616c00000|  0%| F|  |TAMS 0x0000000616800000, 0x0000000616800000| Untracked 
|  55|0x0000000616c00000, 0x0000000616c00000, 0x0000000617000000|  0%| F|  |TAMS 0x0000000616c00000, 0x0000000616c00000| Untracked 
|  56|0x0000000617000000, 0x0000000617000000, 0x0000000617400000|  0%| F|  |TAMS 0x0000000617000000, 0x0000000617000000| Untracked 
|  57|0x0000000617400000, 0x0000000617400000, 0x0000000617800000|  0%| F|  |TAMS 0x0000000617400000, 0x0000000617400000| Untracked 
|  58|0x0000000617800000, 0x0000000617800000, 0x0000000617c00000|  0%| F|  |TAMS 0x0000000617800000, 0x0000000617800000| Untracked 
|  59|0x0000000617c00000, 0x0000000617c00000, 0x0000000618000000|  0%| F|  |TAMS 0x0000000617c00000, 0x0000000617c00000| Untracked 
|  60|0x0000000618000000, 0x0000000618000000, 0x0000000618400000|  0%| F|  |TAMS 0x0000000618000000, 0x0000000618000000| Untracked 
|  61|0x0000000618400000, 0x0000000618400000, 0x0000000618800000|  0%| F|  |TAMS 0x0000000618400000, 0x0000000618400000| Untracked 
|  62|0x0000000618800000, 0x0000000618800000, 0x0000000618c00000|  0%| F|  |TAMS 0x0000000618800000, 0x0000000618800000| Untracked 
|  63|0x0000000618c00000, 0x0000000618c00000, 0x0000000619000000|  0%| F|  |TAMS 0x0000000618c00000, 0x0000000618c00000| Untracked 
|  64|0x0000000619000000, 0x0000000619000000, 0x0000000619400000|  0%| F|  |TAMS 0x0000000619000000, 0x0000000619000000| Untracked 
|  65|0x0000000619400000, 0x0000000619400000, 0x0000000619800000|  0%| F|  |TAMS 0x0000000619400000, 0x0000000619400000| Untracked 
|  66|0x0000000619800000, 0x0000000619800000, 0x0000000619c00000|  0%| F|  |TAMS 0x0000000619800000, 0x0000000619800000| Untracked 
|  67|0x0000000619c00000, 0x0000000619c00000, 0x000000061a000000|  0%| F|  |TAMS 0x0000000619c00000, 0x0000000619c00000| Untracked 
|  68|0x000000061a000000, 0x000000061a000000, 0x000000061a400000|  0%| F|  |TAMS 0x000000061a000000, 0x000000061a000000| Untracked 
|  69|0x000000061a400000, 0x000000061a400000, 0x000000061a800000|  0%| F|  |TAMS 0x000000061a400000, 0x000000061a400000| Untracked 
|  70|0x000000061a800000, 0x000000061a800000, 0x000000061ac00000|  0%| F|  |TAMS 0x000000061a800000, 0x000000061a800000| Untracked 
|  71|0x000000061ac00000, 0x000000061ac00000, 0x000000061b000000|  0%| F|  |TAMS 0x000000061ac00000, 0x000000061ac00000| Untracked 
|  72|0x000000061b000000, 0x000000061b000000, 0x000000061b400000|  0%| F|  |TAMS 0x000000061b000000, 0x000000061b000000| Untracked 
|  73|0x000000061b400000, 0x000000061b400000, 0x000000061b800000|  0%| F|  |TAMS 0x000000061b400000, 0x000000061b400000| Untracked 
|  74|0x000000061b800000, 0x000000061b800000, 0x000000061bc00000|  0%| F|  |TAMS 0x000000061b800000, 0x000000061b800000| Untracked 
|  75|0x000000061bc00000, 0x000000061bc00000, 0x000000061c000000|  0%| F|  |TAMS 0x000000061bc00000, 0x000000061bc00000| Untracked 
|  76|0x000000061c000000, 0x000000061c000000, 0x000000061c400000|  0%| F|  |TAMS 0x000000061c000000, 0x000000061c000000| Untracked 
|  77|0x000000061c400000, 0x000000061c400000, 0x000000061c800000|  0%| F|  |TAMS 0x000000061c400000, 0x000000061c400000| Untracked 
|  78|0x000000061c800000, 0x000000061c800000, 0x000000061cc00000|  0%| F|  |TAMS 0x000000061c800000, 0x000000061c800000| Untracked 
|  79|0x000000061cc00000, 0x000000061cc00000, 0x000000061d000000|  0%| F|  |TAMS 0x000000061cc00000, 0x000000061cc00000| Untracked 
|  80|0x000000061d000000, 0x000000061d000000, 0x000000061d400000|  0%| F|  |TAMS 0x000000061d000000, 0x000000061d000000| Untracked 
|  81|0x000000061d400000, 0x000000061d400000, 0x000000061d800000|  0%| F|  |TAMS 0x000000061d400000, 0x000000061d400000| Untracked 
|  82|0x000000061d800000, 0x000000061d800000, 0x000000061dc00000|  0%| F|  |TAMS 0x000000061d800000, 0x000000061d800000| Untracked 
|  83|0x000000061dc00000, 0x000000061dc00000, 0x000000061e000000|  0%| F|  |TAMS 0x000000061dc00000, 0x000000061dc00000| Untracked 
|  84|0x000000061e000000, 0x000000061e000000, 0x000000061e400000|  0%| F|  |TAMS 0x000000061e000000, 0x000000061e000000| Untracked 
|  85|0x000000061e400000, 0x000000061e400000, 0x000000061e800000|  0%| F|  |TAMS 0x000000061e400000, 0x000000061e400000| Untracked 
|  86|0x000000061e800000, 0x000000061e800000, 0x000000061ec00000|  0%| F|  |TAMS 0x000000061e800000, 0x000000061e800000| Untracked 
|  87|0x000000061ec00000, 0x000000061ec00000, 0x000000061f000000|  0%| F|  |TAMS 0x000000061ec00000, 0x000000061ec00000| Untracked 
|  88|0x000000061f000000, 0x000000061f000000, 0x000000061f400000|  0%| F|  |TAMS 0x000000061f000000, 0x000000061f000000| Untracked 
|  89|0x000000061f400000, 0x000000061f400000, 0x000000061f800000|  0%| F|  |TAMS 0x000000061f400000, 0x000000061f400000| Untracked 
|  90|0x000000061f800000, 0x000000061f800000, 0x000000061fc00000|  0%| F|  |TAMS 0x000000061f800000, 0x000000061f800000| Untracked 
|  91|0x000000061fc00000, 0x000000061fc00000, 0x0000000620000000|  0%| F|  |TAMS 0x000000061fc00000, 0x000000061fc00000| Untracked 
|  92|0x0000000620000000, 0x0000000620000000, 0x0000000620400000|  0%| F|  |TAMS 0x0000000620000000, 0x0000000620000000| Untracked 
|  93|0x0000000620400000, 0x0000000620400000, 0x0000000620800000|  0%| F|  |TAMS 0x0000000620400000, 0x0000000620400000| Untracked 
|  94|0x0000000620800000, 0x0000000620800000, 0x0000000620c00000|  0%| F|  |TAMS 0x0000000620800000, 0x0000000620800000| Untracked 
|  95|0x0000000620c00000, 0x0000000620c00000, 0x0000000621000000|  0%| F|  |TAMS 0x0000000620c00000, 0x0000000620c00000| Untracked 
|  96|0x0000000621000000, 0x0000000621000000, 0x0000000621400000|  0%| F|  |TAMS 0x0000000621000000, 0x0000000621000000| Untracked 
|  97|0x0000000621400000, 0x0000000621400000, 0x0000000621800000|  0%| F|  |TAMS 0x0000000621400000, 0x0000000621400000| Untracked 
|  98|0x0000000621800000, 0x0000000621800000, 0x0000000621c00000|  0%| F|  |TAMS 0x0000000621800000, 0x0000000621800000| Untracked 
|  99|0x0000000621c00000, 0x0000000621c00000, 0x0000000622000000|  0%| F|  |TAMS 0x0000000621c00000, 0x0000000621c00000| Untracked 
| 100|0x0000000622000000, 0x0000000622000000, 0x0000000622400000|  0%| F|  |TAMS 0x0000000622000000, 0x0000000622000000| Untracked 
| 101|0x0000000622400000, 0x0000000622400000, 0x0000000622800000|  0%| F|  |TAMS 0x0000000622400000, 0x0000000622400000| Untracked 
| 102|0x0000000622800000, 0x0000000622800000, 0x0000000622c00000|  0%| F|  |TAMS 0x0000000622800000, 0x0000000622800000| Untracked 
| 103|0x0000000622c00000, 0x0000000622c00000, 0x0000000623000000|  0%| F|  |TAMS 0x0000000622c00000, 0x0000000622c00000| Untracked 
| 104|0x0000000623000000, 0x0000000623000000, 0x0000000623400000|  0%| F|  |TAMS 0x0000000623000000, 0x0000000623000000| Untracked 
| 105|0x0000000623400000, 0x0000000623400000, 0x0000000623800000|  0%| F|  |TAMS 0x0000000623400000, 0x0000000623400000| Untracked 
| 106|0x0000000623800000, 0x0000000623800000, 0x0000000623c00000|  0%| F|  |TAMS 0x0000000623800000, 0x0000000623800000| Untracked 
| 107|0x0000000623c00000, 0x0000000623c00000, 0x0000000624000000|  0%| F|  |TAMS 0x0000000623c00000, 0x0000000623c00000| Untracked 
| 108|0x0000000624000000, 0x0000000624000000, 0x0000000624400000|  0%| F|  |TAMS 0x0000000624000000, 0x0000000624000000| Untracked 
| 109|0x0000000624400000, 0x0000000624400000, 0x0000000624800000|  0%| F|  |TAMS 0x0000000624400000, 0x0000000624400000| Untracked 
| 110|0x0000000624800000, 0x0000000624800000, 0x0000000624c00000|  0%| F|  |TAMS 0x0000000624800000, 0x0000000624800000| Untracked 
| 111|0x0000000624c00000, 0x0000000624c00000, 0x0000000625000000|  0%| F|  |TAMS 0x0000000624c00000, 0x0000000624c00000| Untracked 
| 112|0x0000000625000000, 0x0000000625000000, 0x0000000625400000|  0%| F|  |TAMS 0x0000000625000000, 0x0000000625000000| Untracked 
| 113|0x0000000625400000, 0x0000000625400000, 0x0000000625800000|  0%| F|  |TAMS 0x0000000625400000, 0x0000000625400000| Untracked 
| 114|0x0000000625800000, 0x0000000625800000, 0x0000000625c00000|  0%| F|  |TAMS 0x0000000625800000, 0x0000000625800000| Untracked 
| 115|0x0000000625c00000, 0x0000000625c00000, 0x0000000626000000|  0%| F|  |TAMS 0x0000000625c00000, 0x0000000625c00000| Untracked 
| 116|0x0000000626000000, 0x0000000626000000, 0x0000000626400000|  0%| F|  |TAMS 0x0000000626000000, 0x0000000626000000| Untracked 
| 117|0x0000000626400000, 0x0000000626400000, 0x0000000626800000|  0%| F|  |TAMS 0x0000000626400000, 0x0000000626400000| Untracked 
| 118|0x0000000626800000, 0x0000000626800000, 0x0000000626c00000|  0%| F|  |TAMS 0x0000000626800000, 0x0000000626800000| Untracked 
| 119|0x0000000626c00000, 0x0000000626fb8408, 0x0000000627000000| 92%| S|CS|TAMS 0x0000000626c00000, 0x0000000626c00000| Complete 
| 120|0x0000000627000000, 0x0000000627000000, 0x0000000627400000|  0%| F|  |TAMS 0x0000000627000000, 0x0000000627000000| Untracked 
| 121|0x0000000627400000, 0x0000000627400000, 0x0000000627800000|  0%| F|  |TAMS 0x0000000627400000, 0x0000000627400000| Untracked 
| 122|0x0000000627800000, 0x0000000627b7a958, 0x0000000627c00000| 86%| E|  |TAMS 0x0000000627800000, 0x0000000627800000| Complete 
| 123|0x0000000627c00000, 0x0000000628000000, 0x0000000628000000|100%| E|CS|TAMS 0x0000000627c00000, 0x0000000627c00000| Complete 
| 124|0x0000000628000000, 0x0000000628400000, 0x0000000628400000|100%| E|CS|TAMS 0x0000000628000000, 0x0000000628000000| Complete 
| 125|0x0000000628400000, 0x0000000628800000, 0x0000000628800000|100%| E|CS|TAMS 0x0000000628400000, 0x0000000628400000| Complete 

Card table byte_map: [0x0000023a81400000,0x0000023a823c0000] _byte_map_base: 0x0000023a7e3b8000

Marking Bits (Prev, Next): (CMBitMap*) 0x0000023ae9302850, (CMBitMap*) 0x0000023ae9302890
 Prev Bits: [0x0000023a83380000, 0x0000023a8b140000)
 Next Bits: [0x0000023a8b140000, 0x0000023a92f00000)

Polling page: 0x0000023ae71a0000

Metaspace:

Usage:
  Non-class:     10.75 MB used.
      Class:      1.20 MB used.
       Both:     11.94 MB used.

Virtual space:
  Non-class space:       64.00 MB reserved,      10.81 MB ( 17%) committed,  1 nodes.
      Class space:        1.00 GB reserved,       1.31 MB ( <1%) committed,  1 nodes.
             Both:        1.06 GB reserved,      12.12 MB (  1%) committed. 

Chunk freelists:
   Non-Class:  3.52 MB
       Class:  14.74 MB
        Both:  18.25 MB

MaxMetaspaceSize: unlimited
CompressedClassSpaceSize: 1.00 GB
Initial GC threshold: 21.00 MB
Current GC threshold: 21.00 MB
CDS: on
MetaspaceReclaimPolicy: balanced
 - commit_granule_bytes: 65536.
 - commit_granule_words: 8192.
 - virtual_space_node_default_size: 8388608.
 - enlarge_chunks_in_place: 1.
 - new_chunks_are_fully_committed: 0.
 - uncommit_free_chunks: 1.
 - use_allocation_guard: 0.
 - handle_deallocations: 1.


Internal statistics:

num_allocs_failed_limit: 0.
num_arena_births: 86.
num_arena_deaths: 0.
num_vsnodes_births: 2.
num_vsnodes_deaths: 0.
num_space_committed: 192.
num_space_uncommitted: 0.
num_chunks_returned_to_freelist: 0.
num_chunks_taken_from_freelist: 431.
num_chunk_merges: 0.
num_chunk_splits: 347.
num_chunks_enlarged: 311.
num_inconsistent_stats: 0.

CodeHeap 'non-profiled nmethods': size=120000Kb used=627Kb max_used=627Kb free=119372Kb
 bounds [0x0000023af88a0000, 0x0000023af8b10000, 0x0000023affdd0000]
CodeHeap 'profiled nmethods': size=120000Kb used=2621Kb max_used=2621Kb free=117378Kb
 bounds [0x0000023af0dd0000, 0x0000023af1060000, 0x0000023af8300000]
CodeHeap 'non-nmethods': size=5760Kb used=1708Kb max_used=1732Kb free=4051Kb
 bounds [0x0000023af8300000, 0x0000023af8570000, 0x0000023af88a0000]
 total_blobs=2723 nmethods=1553 adapters=1083
 compilation: enabled
              stopped_count=0, restarted_count=0
 full_count=0

Compilation events (20 events):
Event: 10.669 Thread 0x0000023a930da9d0 1545       3       com.badlogic.gdx.graphics.OrthographicCamera::translate (8 bytes)
Event: 10.669 Thread 0x0000023a930da9d0 nmethod 1545 0x0000023af105c090 code [0x0000023af105c240, 0x0000023af105c468]
Event: 10.669 Thread 0x0000023a930da9d0 1546       3       com.badlogic.gdx.graphics.Camera::translate (12 bytes)
Event: 10.669 Thread 0x0000023a930da9d0 nmethod 1546 0x0000023af105c590 code [0x0000023af105c740, 0x0000023af105c888]
Event: 11.500 Thread 0x0000023a930d7f10 1547       4       com.badlogic.gdx.math.Frustum::update (263 bytes)
Event: 11.510 Thread 0x0000023a930d7f10 nmethod 1547 0x0000023af893ac90 code [0x0000023af893af00, 0x0000023af893bf48]
Event: 12.632 Thread 0x0000023a930d7f10 1548       4       java.lang.ThreadLocal::get (38 bytes)
Event: 12.633 Thread 0x0000023a930d7f10 nmethod 1548 0x0000023af893c710 code [0x0000023af893c8c0, 0x0000023af893ca38]
Event: 12.801 Thread 0x0000023a930da9d0 1549       3       com.badlogic.gdx.math.Vector3::add (23 bytes)
Event: 12.802 Thread 0x0000023a930da9d0 nmethod 1549 0x0000023af105c990 code [0x0000023af105cb40, 0x0000023af105ccd8]
Event: 12.802 Thread 0x0000023a930da9d0 1550       3       com.badlogic.gdx.maps.tiled.renderers.BatchTiledMapRenderer::setView (124 bytes)
Event: 12.802 Thread 0x0000023a930da9d0 nmethod 1550 0x0000023af105cd90 code [0x0000023af105cfe0, 0x0000023af105d768]
Event: 12.802 Thread 0x0000023a930da9d0 1551       3       com.badlogic.gdx.math.Rectangle::set (23 bytes)
Event: 12.802 Thread 0x0000023a930da9d0 nmethod 1551 0x0000023af105db10 code [0x0000023af105dca0, 0x0000023af105ddb8]
Event: 13.101 Thread 0x0000023a930d7f10 1552       4       com.badlogic.gdx.math.Vector3::crs (62 bytes)
Event: 13.101 Thread 0x0000023a930d7f10 nmethod 1552 0x0000023af893cc10 code [0x0000023af893cda0, 0x0000023af893ce78]
Event: 13.577 Thread 0x0000023a930da9d0 1553       3       com.badlogic.gdx.physics.box2d.Contact::<init> (34 bytes)
Event: 13.577 Thread 0x0000023a930da9d0 nmethod 1553 0x0000023af105de90 code [0x0000023af105e060, 0x0000023af105e468]
Event: 13.577 Thread 0x0000023a930da9d0 1554       3       com.badlogic.gdx.physics.box2d.WorldManifold::<init> (51 bytes)
Event: 13.577 Thread 0x0000023a930da9d0 nmethod 1554 0x0000023af105e590 code [0x0000023af105e7a0, 0x0000023af105f1f8]

GC Heap History (2 events):
Event: 1.563 GC heap before
{Heap before GC invocations=0 (full 0):
 garbage-first heap   total 516096K, used 24576K [0x0000000609000000, 0x0000000800000000)
  region size 4096K, 6 young (24576K), 0 survivors (0K)
 Metaspace       used 9146K, committed 9280K, reserved 1114112K
  class space    used 791K, committed 832K, reserved 1048576K
}
Event: 1.566 GC heap after
{Heap after GC invocations=1 (full 0):
 garbage-first heap   total 516096K, used 3809K [0x0000000609000000, 0x0000000800000000)
  region size 4096K, 1 young (4096K), 1 survivors (4096K)
 Metaspace       used 9146K, committed 9280K, reserved 1114112K
  class space    used 791K, committed 832K, reserved 1048576K
}

Dll operation events (14 events):
Event: 0.009 Loaded shared library C:\Users\ferch\.jdks\temurin-17.0.17\bin\java.dll
Event: 0.021 Loaded shared library C:\Users\ferch\.jdks\temurin-17.0.17\bin\jsvml.dll
Event: 0.050 Loaded shared library C:\Users\ferch\.jdks\temurin-17.0.17\bin\zip.dll
Event: 0.052 Loaded shared library C:\Users\ferch\.jdks\temurin-17.0.17\bin\instrument.dll
Event: 0.055 Loaded shared library C:\Users\ferch\.jdks\temurin-17.0.17\bin\net.dll
Event: 0.055 Loaded shared library C:\Users\ferch\.jdks\temurin-17.0.17\bin\nio.dll
Event: 0.059 Loaded shared library C:\Users\ferch\.jdks\temurin-17.0.17\bin\zip.dll
Event: 0.073 Loaded shared library C:\Users\ferch\.jdks\temurin-17.0.17\bin\extnet.dll
Event: 0.076 Loaded shared library C:\Users\ferch\.jdks\temurin-17.0.17\bin\jimage.dll
Event: 0.080 Loaded shared library C:\Users\ferch\AppData\Local\Temp\libgdxferch\4c3cbe99\gdx64.dll
Event: 0.126 Loaded shared library C:\Users\ferch\AppData\Local\Temp\lwjgl_ferch\3.3.3-snapshot\x64\lwjgl.dll
Event: 0.386 Loaded shared library C:\Users\ferch\AppData\Local\Temp\lwjgl_ferch\3.3.3-snapshot\x64\lwjgl_opengl.dll
Event: 0.573 Loaded shared library C:\Users\ferch\AppData\Local\Temp\libgdxferch\d0673c77\gdx-freetype64.dll
Event: 1.531 Loaded shared library C:\Users\ferch\AppData\Local\Temp\libgdxferch\e861a04e\gdx-box2d64.dll

Deoptimization events (20 events):
Event: 1.794 Thread 0x0000023ae92554a0 Uncommon trap: trap_request=0xffffffde fr.pc=0x0000023af891e834 relative=0x0000000000000114
Event: 1.794 Thread 0x0000023ae92554a0 Uncommon trap: reason=class_check action=maybe_recompile pc=0x0000023af891e834 method=jdk.internal.misc.Unsafe.allocateUninitializedArray(Ljava/lang/Class;I)Ljava/lang/Object; @ 51 c2
Event: 1.794 Thread 0x0000023ae92554a0 DEOPT PACKING pc=0x0000023af891e834 sp=0x000000b3989fbd10
Event: 1.794 Thread 0x0000023ae92554a0 DEOPT UNPACKING pc=0x0000023af83569a3 sp=0x000000b3989fbc98 mode 2
Event: 1.798 Thread 0x0000023ae92554a0 DEOPT PACKING pc=0x0000023af0fe87f6 sp=0x000000b3989fe7b0
Event: 1.798 Thread 0x0000023ae92554a0 DEOPT UNPACKING pc=0x0000023af8357143 sp=0x000000b3989fdd68 mode 0
Event: 1.806 Thread 0x0000023ae92554a0 Uncommon trap: trap_request=0xffffff6e fr.pc=0x0000023af891511c relative=0x000000000000053c
Event: 1.806 Thread 0x0000023ae92554a0 Uncommon trap: reason=loop_limit_check action=maybe_recompile pc=0x0000023af891511c method=com.badlogic.gdx.maps.tiled.TiledMapTileSets.getTile(I)Lcom/badlogic/gdx/maps/tiled/TiledMapTile; @ 11 c2
Event: 1.806 Thread 0x0000023ae92554a0 DEOPT PACKING pc=0x0000023af891511c sp=0x000000b3989fe7d0
Event: 1.806 Thread 0x0000023ae92554a0 DEOPT UNPACKING pc=0x0000023af83569a3 sp=0x000000b3989fe788 mode 2
Event: 1.814 Thread 0x0000023ae92554a0 Uncommon trap: trap_request=0xffffff5c fr.pc=0x0000023af88ca304 relative=0x0000000000000064
Event: 1.814 Thread 0x0000023ae92554a0 Uncommon trap: reason=speculate_null_check action=make_not_entrant pc=0x0000023af88ca304 method=jdk.internal.misc.Unsafe.getIntUnaligned(Ljava/lang/Object;JZ)I @ 5 c2
Event: 1.814 Thread 0x0000023ae92554a0 DEOPT PACKING pc=0x0000023af88ca304 sp=0x000000b3989fe910
Event: 1.814 Thread 0x0000023ae92554a0 DEOPT UNPACKING pc=0x0000023af83569a3 sp=0x000000b3989fe890 mode 2
Event: 1.870 Thread 0x0000023ae92554a0 Uncommon trap: trap_request=0xffffff45 fr.pc=0x0000023af892a6fc relative=0x000000000000005c
Event: 1.870 Thread 0x0000023ae92554a0 Uncommon trap: reason=unstable_if action=reinterpret pc=0x0000023af892a6fc method=jdk.internal.misc.Unsafe.convEndian(ZI)I @ 4 c2
Event: 1.870 Thread 0x0000023ae92554a0 DEOPT PACKING pc=0x0000023af892a6fc sp=0x000000b3989fe910
Event: 1.870 Thread 0x0000023ae92554a0 DEOPT UNPACKING pc=0x0000023af83569a3 sp=0x000000b3989fe840 mode 2
Event: 2.320 Thread 0x0000023ae92554a0 DEOPT PACKING pc=0x0000023af101bff5 sp=0x000000b3989feaa0
Event: 2.320 Thread 0x0000023ae92554a0 DEOPT UNPACKING pc=0x0000023af8357143 sp=0x000000b3989fdec8 mode 0

Classes loaded (20 events):
Event: 1.681 Loading class java/util/concurrent/ThreadPoolExecutor$Worker
Event: 1.681 Loading class java/util/concurrent/ThreadPoolExecutor$Worker done
Event: 1.681 Loading class java/lang/Thread$State
Event: 1.681 Loading class java/lang/Thread$State done
Event: 1.687 Loading class java/util/concurrent/locks/AbstractQueuedSynchronizer$ConditionNode
Event: 1.687 Loading class java/util/concurrent/locks/AbstractQueuedSynchronizer$Node
Event: 1.688 Loading class java/util/concurrent/locks/AbstractQueuedSynchronizer$Node done
Event: 1.688 Loading class java/util/concurrent/locks/AbstractQueuedSynchronizer$ConditionNode done
Event: 1.688 Loading class java/util/concurrent/locks/AbstractQueuedSynchronizer$ExclusiveNode
Event: 1.688 Loading class java/util/concurrent/locks/AbstractQueuedSynchronizer$ExclusiveNode done
Event: 1.694 Loading class jdk/internal/math/FDBigInteger
Event: 1.694 Loading class jdk/internal/math/FDBigInteger done
Event: 1.769 Loading class java/math/MathContext
Event: 1.769 Loading class java/math/MathContext done
Event: 1.796 Loading class java/util/ConcurrentModificationException
Event: 1.796 Loading class java/util/ConcurrentModificationException done
Event: 1.797 Loading class java/lang/InheritableThreadLocal
Event: 1.797 Loading class java/lang/InheritableThreadLocal done
Event: 1.814 Loading class java/util/Vector$Itr
Event: 1.814 Loading class java/util/Vector$Itr done

Classes unloaded (0 events):
No events

Classes redefined (0 events):
No events

Internal exceptions (20 events):
Event: 0.151 Thread 0x0000023ae92554a0 Exception <a 'java/lang/NoSuchMethodError'{0x0000000628317aa8}: 'int java.lang.invoke.DirectMethodHandle$Holder.invokeStaticInit(java.lang.Object, java.lang.Object, long, long)'> (0x0000000628317aa8) 
thrown [s\src\hotspot\share\interpreter\linkResolver.cpp, line 759]
Event: 0.151 Thread 0x0000023ae92554a0 Exception <a 'java/lang/NoSuchMethodError'{0x000000062831dbb8}: 'java.lang.Object java.lang.invoke.DirectMethodHandle$Holder.newInvokeSpecial(java.lang.Object, java.lang.Object, long)'> (0x000000062831dbb8) 
thrown [s\src\hotspot\share\interpreter\linkResolver.cpp, line 759]
Event: 0.152 Thread 0x0000023ae92554a0 Exception <a 'java/lang/NoSuchMethodError'{0x0000000628321c00}: 'java.lang.Object java.lang.invoke.Invokers$Holder.linkToTargetMethod(java.lang.Object, long, java.lang.Object)'> (0x0000000628321c00) 
thrown [s\src\hotspot\share\interpreter\linkResolver.cpp, line 759]
Event: 0.152 Thread 0x0000023ae92554a0 Exception <a 'java/lang/NoSuchMethodError'{0x0000000628329318}: 'int java.lang.invoke.DirectMethodHandle$Holder.invokeStaticInit(java.lang.Object, java.lang.Object, java.lang.Object, long)'> (0x0000000628329318) 
thrown [s\src\hotspot\share\interpreter\linkResolver.cpp, line 759]
Event: 0.163 Thread 0x0000023ae92554a0 Exception <a 'sun/nio/fs/WindowsException'{0x00000006283809b8}> (0x00000006283809b8) 
thrown [s\src\hotspot\share\prims\jni.cpp, line 516]
Event: 0.163 Thread 0x0000023ae92554a0 Exception <a 'sun/nio/fs/WindowsException'{0x0000000628380d78}> (0x0000000628380d78) 
thrown [s\src\hotspot\share\prims\jni.cpp, line 516]
Event: 0.177 Thread 0x0000023ae92554a0 Exception <a 'sun/nio/fs/WindowsException'{0x0000000627c10ec0}> (0x0000000627c10ec0) 
thrown [s\src\hotspot\share\prims\jni.cpp, line 516]
Event: 0.177 Thread 0x0000023ae92554a0 Exception <a 'sun/nio/fs/WindowsException'{0x0000000627c11250}> (0x0000000627c11250) 
thrown [s\src\hotspot\share\prims\jni.cpp, line 516]
Event: 0.215 Thread 0x0000023ae92554a0 Exception <a 'sun/nio/fs/WindowsException'{0x0000000627c9ed10}> (0x0000000627c9ed10) 
thrown [s\src\hotspot\share\prims\jni.cpp, line 516]
Event: 0.215 Thread 0x0000023ae92554a0 Exception <a 'sun/nio/fs/WindowsException'{0x0000000627c9f0b8}> (0x0000000627c9f0b8) 
thrown [s\src\hotspot\share\prims\jni.cpp, line 516]
Event: 0.261 Thread 0x0000023ae92554a0 Exception <a 'java/lang/NoSuchMethodError'{0x0000000627cce810}: 'java.lang.Object java.lang.invoke.DirectMethodHandle$Holder.newInvokeSpecial(java.lang.Object, long)'> (0x0000000627cce810) 
thrown [s\src\hotspot\share\interpreter\linkResolver.cpp, line 759]
Event: 0.377 Thread 0x0000023ae92554a0 Exception <a 'java/lang/NoSuchMethodError'{0x0000000627e753d8}: 'void java.lang.invoke.DirectMethodHandle$Holder.invokeStatic(java.lang.Object, long)'> (0x0000000627e753d8) 
thrown [s\src\hotspot\share\interpreter\linkResolver.cpp, line 759]
Event: 0.385 Thread 0x0000023ae92554a0 Exception <a 'sun/nio/fs/WindowsException'{0x0000000627e9c898}> (0x0000000627e9c898) 
thrown [s\src\hotspot\share\prims\jni.cpp, line 516]
Event: 0.385 Thread 0x0000023ae92554a0 Exception <a 'sun/nio/fs/WindowsException'{0x0000000627e9cc58}> (0x0000000627e9cc58) 
thrown [s\src\hotspot\share\prims\jni.cpp, line 516]
Event: 0.388 Thread 0x0000023ae92554a0 Exception <a 'sun/nio/fs/WindowsException'{0x0000000627ea44a0}> (0x0000000627ea44a0) 
thrown [s\src\hotspot\share\prims\jni.cpp, line 516]
Event: 0.388 Thread 0x0000023ae92554a0 Exception <a 'sun/nio/fs/WindowsException'{0x0000000627ea47a0}> (0x0000000627ea47a0) 
thrown [s\src\hotspot\share\prims\jni.cpp, line 516]
Event: 0.575 Thread 0x0000023ae92554a0 Exception <a 'java/io/FileNotFoundException'{0x0000000627ae5688}> (0x0000000627ae5688) 
thrown [s\src\hotspot\share\prims\jni.cpp, line 516]
Event: 1.670 Thread 0x0000023ae92554a0 Exception <a 'java/io/FileNotFoundException'{0x00000006284d6318}> (0x00000006284d6318) 
thrown [s\src\hotspot\share\prims\jni.cpp, line 516]
Event: 1.767 Thread 0x0000023ae92554a0 Exception <a 'java/lang/NoSuchMethodError'{0x0000000627e36fe0}: 'java.lang.Object java.lang.invoke.Invokers$Holder.invokeExact_MT(java.lang.Object, java.lang.Object, java.lang.Object, java.lang.Object, java.lang.Object, java.lang.Object)'> (0x0000000627e36fe0) 
thrown [s\src\hotspot\share\interpreter\linkResolver.cpp, line 759]
Event: 13.599 Thread 0x0000023add6967c0 Exception <a 'java/lang/InterruptedException'{0x0000000628405360}: sleep interrupted> (0x0000000628405360) 
thrown [s\src\hotspot\share\prims\jvm.cpp, line 3064]

VM Operations (20 events):
Event: 0.582 Executing VM operation: HandshakeAllThreads
Event: 0.582 Executing VM operation: HandshakeAllThreads done
Event: 1.542 Executing VM operation: ICBufferFull
Event: 1.542 Executing VM operation: ICBufferFull done
Event: 1.563 Executing VM operation: G1CollectForAllocation
Event: 1.566 Executing VM operation: G1CollectForAllocation done
Event: 1.795 Executing VM operation: HandshakeAllThreads
Event: 1.795 Executing VM operation: HandshakeAllThreads done
Event: 1.797 Executing VM operation: HandshakeAllThreads
Event: 1.797 Executing VM operation: HandshakeAllThreads done
Event: 1.812 Executing VM operation: HandshakeAllThreads
Event: 1.812 Executing VM operation: HandshakeAllThreads done
Event: 2.812 Executing VM operation: Cleanup
Event: 2.812 Executing VM operation: Cleanup done
Event: 5.813 Executing VM operation: Cleanup
Event: 5.813 Executing VM operation: Cleanup done
Event: 6.813 Executing VM operation: Cleanup
Event: 6.813 Executing VM operation: Cleanup done
Event: 12.818 Executing VM operation: Cleanup
Event: 12.818 Executing VM operation: Cleanup done

Memory protections (0 events):
No events

Nmethod flushes (0 events):
No events

Events (20 events):
Event: 0.027 Thread 0x0000023ae92554a0 Thread added: 0x0000023a930d6010
Event: 0.027 Thread 0x0000023ae92554a0 Thread added: 0x0000023a930d69d0
Event: 0.027 Thread 0x0000023ae92554a0 Thread added: 0x0000023a930d7f10
Event: 0.027 Thread 0x0000023ae92554a0 Thread added: 0x0000023a930da9d0
Event: 0.027 Thread 0x0000023ae92554a0 Thread added: 0x0000023a930f1bb0
Event: 0.039 Thread 0x0000023ae92554a0 Thread added: 0x0000023ad7080940
Event: 0.047 Thread 0x0000023a930da9d0 Thread added: 0x0000023ad71a26b0
Event: 0.065 Thread 0x0000023ae92554a0 Thread added: 0x0000023ad72ab860
Event: 0.065 Thread 0x0000023ae92554a0 Thread added: 0x0000023ad72abd40
Event: 0.268 Thread 0x0000023ae92554a0 Thread added: 0x0000023ad7a8e160
Event: 0.372 Thread 0x0000023ad71a26b0 Thread exited: 0x0000023ad71a26b0
Event: 0.678 Thread 0x0000023ae92554a0 Thread added: 0x0000023add696e10
Event: 1.561 Thread 0x0000023ae92554a0 Thread added: 0x0000023add6967c0
Event: 1.681 Thread 0x0000023ae92554a0 Thread added: 0x0000023addedce60
Event: 1.685 Thread 0x0000023a930d7f10 Thread added: 0x0000023addef9c20
Event: 1.700 Thread 0x0000023a930da9d0 Thread added: 0x0000023addf30f10
Event: 1.820 Thread 0x0000023ae92554a0 Thread added: 0x0000023addf3b0b0
Event: 1.971 Thread 0x0000023addf30f10 Thread exited: 0x0000023addf30f10
Event: 1.988 Thread 0x0000023addef9c20 Thread exited: 0x0000023addef9c20
Event: 13.599 Thread 0x0000023add6967c0 Thread exited: 0x0000023add6967c0


Dynamic libraries:
0x00007ff7aeaa0000 - 0x00007ff7aeaae000 	C:\Users\ferch\.jdks\temurin-17.0.17\bin\java.exe
0x00007ff9d7c20000 - 0x00007ff9d7e87000 	C:\Windows\SYSTEM32\ntdll.dll
0x00007ff9d6330000 - 0x00007ff9d63f9000 	C:\Windows\System32\KERNEL32.DLL
0x00007ff9d4d10000 - 0x00007ff9d5104000 	C:\Windows\System32\KERNELBASE.dll
0x00007ff9d4920000 - 0x00007ff9d4a6b000 	C:\Windows\System32\ucrtbase.dll
0x00007ff9b86d0000 - 0x00007ff9b86ee000 	C:\Users\ferch\.jdks\temurin-17.0.17\bin\VCRUNTIME140.dll
0x00007ff9b85d0000 - 0x00007ff9b85e8000 	C:\Users\ferch\.jdks\temurin-17.0.17\bin\jli.dll
0x00007ff9d6400000 - 0x00007ff9d65c5000 	C:\Windows\System32\USER32.dll
0x00007ff9d5110000 - 0x00007ff9d5137000 	C:\Windows\System32\win32u.dll
0x00007ff9ba260000 - 0x00007ff9ba4f3000 	C:\Windows\WinSxS\amd64_microsoft.windows.common-controls_6595b64144ccf1df_6.0.26100.8115_none_3e075c82e3354f9c\COMCTL32.dll
0x00007ff9d5b20000 - 0x00007ff9d5b4b000 	C:\Windows\System32\GDI32.dll
0x00007ff9d4b30000 - 0x00007ff9d4c5b000 	C:\Windows\System32\gdi32full.dll
0x00007ff9d5a70000 - 0x00007ff9d5b19000 	C:\Windows\System32\msvcrt.dll
0x00007ff9d4870000 - 0x00007ff9d4913000 	C:\Windows\System32\msvcp_win.dll
0x00007ff9d66d0000 - 0x00007ff9d6702000 	C:\Windows\System32\IMM32.DLL
0x00007ff9cf620000 - 0x00007ff9cf62c000 	C:\Users\ferch\.jdks\temurin-17.0.17\bin\vcruntime140_1.dll
0x00007ff99ca50000 - 0x00007ff99cadd000 	C:\Users\ferch\.jdks\temurin-17.0.17\bin\msvcp140.dll
0x00007ff8e7cf0000 - 0x00007ff8e895b000 	C:\Users\ferch\.jdks\temurin-17.0.17\bin\server\jvm.dll
0x00007ff9d59b0000 - 0x00007ff9d5a66000 	C:\Windows\System32\ADVAPI32.dll
0x00007ff9d7160000 - 0x00007ff9d7207000 	C:\Windows\System32\sechost.dll
0x00007ff9d5c40000 - 0x00007ff9d5d58000 	C:\Windows\System32\RPCRT4.dll
0x00007ff9d5bb0000 - 0x00007ff9d5c30000 	C:\Windows\System32\WS2_32.dll
0x00007ff9d4350000 - 0x00007ff9d43ae000 	C:\Windows\SYSTEM32\POWRPROF.dll
0x00007ff9bbcc0000 - 0x00007ff9bbccb000 	C:\Windows\SYSTEM32\VERSION.dll
0x00007ff9ba520000 - 0x00007ff9ba556000 	C:\Windows\SYSTEM32\WINMM.dll
0x00007ff9d4330000 - 0x00007ff9d4344000 	C:\Windows\SYSTEM32\UMPDC.dll
0x00007ff9d3240000 - 0x00007ff9d325b000 	C:\Windows\SYSTEM32\kernel.appcore.dll
0x00007ff9b94f0000 - 0x00007ff9b94fa000 	C:\Users\ferch\.jdks\temurin-17.0.17\bin\jimage.dll
0x00007ff9d1f20000 - 0x00007ff9d2162000 	C:\Windows\SYSTEM32\DBGHELP.DLL
0x00007ff9d6dd0000 - 0x00007ff9d7152000 	C:\Windows\System32\combase.dll
0x00007ff9d6880000 - 0x00007ff9d6958000 	C:\Windows\System32\OLEAUT32.dll
0x00007ff9a3470000 - 0x00007ff9a34ab000 	C:\Windows\SYSTEM32\dbgcore.DLL
0x00007ff9d4c60000 - 0x00007ff9d4d05000 	C:\Windows\System32\bcryptPrimitives.dll
0x00007ff9cf670000 - 0x00007ff9cf67e000 	C:\Users\ferch\.jdks\temurin-17.0.17\bin\instrument.dll
0x00007ff9aca90000 - 0x00007ff9acab5000 	C:\Users\ferch\.jdks\temurin-17.0.17\bin\java.dll
0x00007ff98a790000 - 0x00007ff98a867000 	C:\Users\ferch\.jdks\temurin-17.0.17\bin\jsvml.dll
0x00007ff9d7470000 - 0x00007ff9d7bd7000 	C:\Windows\System32\SHELL32.dll
0x00007ff9d44f0000 - 0x00007ff9d465a000 	C:\Windows\System32\wintypes.dll
0x00007ff9d5140000 - 0x00007ff9d59a8000 	C:\Windows\System32\windows.storage.dll
0x00007ff9d6a80000 - 0x00007ff9d6b78000 	C:\Windows\System32\SHCORE.dll
0x00007ff9d7210000 - 0x00007ff9d7276000 	C:\Windows\System32\shlwapi.dll
0x00007ff9d4410000 - 0x00007ff9d4439000 	C:\Windows\SYSTEM32\profapi.dll
0x00007ff9b7ea0000 - 0x00007ff9b7eb8000 	C:\Users\ferch\.jdks\temurin-17.0.17\bin\zip.dll
0x00007ff9b8530000 - 0x00007ff9b854a000 	C:\Users\ferch\.jdks\temurin-17.0.17\bin\net.dll
0x00007ff9cec90000 - 0x00007ff9cedbd000 	C:\Windows\SYSTEM32\WINHTTP.dll
0x00007ff9d3790000 - 0x00007ff9d37fc000 	C:\Windows\system32\mswsock.dll
0x00007ff9b8050000 - 0x00007ff9b8066000 	C:\Users\ferch\.jdks\temurin-17.0.17\bin\nio.dll
0x00007ff9b8b80000 - 0x00007ff9b8b89000 	C:\Users\ferch\.jdks\temurin-17.0.17\bin\extnet.dll
0x00007ff9acc80000 - 0x00007ff9acca7000 	C:\Users\ferch\AppData\Local\Temp\libgdxferch\4c3cbe99\gdx64.dll
0x00007ff9a1c20000 - 0x00007ff9a1c9b000 	C:\Users\ferch\AppData\Local\Temp\lwjgl_ferch\3.3.3-snapshot\x64\lwjgl.dll
0x00007ff967df0000 - 0x00007ff968060000 	C:\Users\ferch\AppData\Local\Temp\lwjgl_ferch\3.3.3-snapshot\x64\jemalloc.dll
0x00007ff9a1970000 - 0x00007ff9a19f2000 	C:\Users\ferch\AppData\Local\Temp\lwjgl_ferch\3.3.3-snapshot\x64\glfw.dll
0x00007ff984c00000 - 0x00007ff984c4b000 	C:\Windows\SYSTEM32\dinput8.dll
0x00007ff986040000 - 0x00007ff98605e000 	C:\Windows\SYSTEM32\xinput1_4.dll
0x00007ff9d4060000 - 0x00007ff9d40b1000 	C:\Windows\SYSTEM32\cfgmgr32.dll
0x00007ff9d4030000 - 0x00007ff9d405d000 	C:\Windows\SYSTEM32\DEVOBJ.dll
0x00007ff9d1b80000 - 0x00007ff9d1baf000 	C:\Windows\SYSTEM32\dwmapi.dll
0x00007ff9b79c0000 - 0x00007ff9b7ba3000 	C:\Windows\SYSTEM32\inputhost.dll
0x00007ff9d1280000 - 0x00007ff9d13a7000 	C:\Windows\SYSTEM32\CoreMessaging.dll
0x00007ff9d1870000 - 0x00007ff9d1919000 	C:\Windows\system32\uxtheme.dll
0x00007ff9d39f0000 - 0x00007ff9d39fc000 	C:\Windows\SYSTEM32\CRYPTBASE.DLL
0x00007ff9d6710000 - 0x00007ff9d686c000 	C:\Windows\System32\MSCTF.dll
0x00007ff959e60000 - 0x00007ff95a027000 	C:\Users\ferch\AppData\Local\Temp\lwjgl_ferch\3.3.3-snapshot\x64\OpenAL.dll
0x00007ff9d6c00000 - 0x00007ff9d6d97000 	C:\Windows\System32\ole32.dll
0x00007ff9d6270000 - 0x00007ff9d631e000 	C:\Windows\System32\clbcatq.dll
0x00007ff9baa40000 - 0x00007ff9baad7000 	C:\Windows\System32\MMDevApi.dll
0x00007ff9bb640000 - 0x00007ff9bb7f2000 	C:\Windows\SYSTEM32\AUDIOSES.DLL
0x00007ff9d25a0000 - 0x00007ff9d25b4000 	C:\Windows\SYSTEM32\resourcepolicyclient.dll
0x00007ff96efe0000 - 0x00007ff96f0ef000 	C:\Windows\SYSTEM32\opengl32.dll
0x00007ff9b90f0000 - 0x00007ff9b911d000 	C:\Windows\SYSTEM32\GLU32.dll
0x00007ff9d1de0000 - 0x00007ff9d1e23000 	C:\Windows\SYSTEM32\dxcore.dll
0x00007ff9cee10000 - 0x00007ff9cee71000 	C:\Windows\SYSTEM32\directxdatabasehelper.dll
0x00007ff9bbb90000 - 0x00007ff9bbbad000 	C:\Windows\SYSTEM32\windows.staterepositorycore.dll
0x00007ff920310000 - 0x00007ff921822000 	C:\Windows\System32\DriverStore\FileRepository\iigd_dch.inf_amd64_341b0ed10e7d04b2\igxelpgicd64.dll
0x00007ff9d19c0000 - 0x00007ff9d1b01000 	C:\Windows\SYSTEM32\dxgi.dll
0x00007ff99b1f0000 - 0x00007ff99b213000 	C:\Windows\SYSTEM32\d3d12.dll
0x00007ff9bd3f0000 - 0x00007ff9bd58b000 	C:\Windows\System32\DriverStore\FileRepository\iigd_dch.inf_amd64_341b0ed10e7d04b2\igdml64.dll
0x00007ff9bdbb0000 - 0x00007ff9bdf36000 	C:\Windows\System32\DriverStore\FileRepository\iigd_dch.inf_amd64_341b0ed10e7d04b2\igdgmm64.dll
0x00007ff9bed10000 - 0x00007ff9c3ea8000 	C:\Windows\System32\DriverStore\FileRepository\iigd_dch.inf_amd64_341b0ed10e7d04b2\igc64.dll
0x00007ff9cdea0000 - 0x00007ff9cdf5f000 	C:\Windows\SYSTEM32\mscms.dll
0x00007ff9bbc40000 - 0x00007ff9bbc89000 	C:\Windows\SYSTEM32\icm32.dll
0x00007ff9a6030000 - 0x00007ff9a608e000 	C:\Users\ferch\AppData\Local\Temp\lwjgl_ferch\3.3.3-snapshot\x64\lwjgl_opengl.dll
0x00007ff9b3810000 - 0x00007ff9b3958000 	C:\Windows\SYSTEM32\textinputframework.dll
0x00007ff9ce2a0000 - 0x00007ff9ce582000 	C:\Windows\SYSTEM32\CoreUIComponents.dll
0x00007ff999a70000 - 0x00007ff999ae6000 	C:\Windows\system32\Oleacc.dll
0x00007ff9a18b0000 - 0x00007ff9a196c000 	C:\Users\ferch\AppData\Local\Temp\libgdxferch\d0673c77\gdx-freetype64.dll
0x00007ff9b8620000 - 0x00007ff9b867e000 	C:\Windows\system32\ApplicationTargetedFeatureDatabase.dll
0x00007ff9bd780000 - 0x00007ff9bd9cd000 	C:\Windows\System32\twinapi.appcore.dll
0x00007ff9a4e80000 - 0x00007ff9a4ed8000 	C:\Users\ferch\AppData\Local\Temp\libgdxferch\e861a04e\gdx-box2d64.dll

dbghelp: loaded successfully - version: 4.0.5 - missing functions: none
symbol engine: initialized successfully - sym options: 0x614 - pdb path: .;C:\Users\ferch\.jdks\temurin-17.0.17\bin;C:\Windows\SYSTEM32;C:\Windows\WinSxS\amd64_microsoft.windows.common-controls_6595b64144ccf1df_6.0.26100.8115_none_3e075c82e3354f9c;C:\Users\ferch\.jdks\temurin-17.0.17\bin\server;C:\Users\ferch\AppData\Local\Temp\libgdxferch\4c3cbe99;C:\Users\ferch\AppData\Local\Temp\lwjgl_ferch\3.3.3-snapshot\x64;C:\Windows\System32\DriverStore\FileRepository\iigd_dch.inf_amd64_341b0ed10e7d04b2;C:\Users\ferch\AppData\Local\Temp\libgdxferch\d0673c77;C:\Users\ferch\AppData\Local\Temp\libgdxferch\e861a04e

VM Arguments:
jvm_args: -javaagent:C:\Program Files\JetBrains\IntelliJ IDEA Community Edition 2025.2.5\lib\idea_rt.jar=54916 -Dfile.encoding=UTF-8 
java_command: ch.hevs.gdx2d.hello.Launch
java_class_path (initial): C:\Users\ferch\IdeaProjects\T2D\out\production\gdx2d-game;C:\Users\ferch\IdeaProjects\T2D\lib\gdx2d-desktop-1.3.0.jar;C:\Users\ferch\IdeaProjects\T2D\lib\accordion-1.2.0-jar-with-dependencies.jar;C:\Users\ferch\.ivy2\cache\org.scala-lang\scala-library\jars\scala-library-2.13.18.jar;C:\Users\ferch\.ivy2\cache\org.scala-lang\scala-reflect\jars\scala-reflect-2.13.18.jar
Launcher Type: SUN_STANDARD

[Global flags]
     intx CICompilerCount                          = 4                                         {product} {ergonomic}
     uint ConcGCThreads                            = 3                                         {product} {ergonomic}
     uint G1ConcRefinementThreads                  = 11                                        {product} {ergonomic}
   size_t G1HeapRegionSize                         = 4194304                                   {product} {ergonomic}
    uintx GCDrainStackTargetSize                   = 64                                        {product} {ergonomic}
   size_t InitialHeapSize                          = 528482304                                 {product} {ergonomic}
   size_t MarkStackSize                            = 4194304                                   {product} {ergonomic}
   size_t MaxHeapSize                              = 8438939648                                {product} {ergonomic}
   size_t MaxNewSize                               = 5062524928                                {product} {ergonomic}
   size_t MinHeapDeltaBytes                        = 4194304                                   {product} {ergonomic}
   size_t MinHeapSize                              = 8388608                                   {product} {ergonomic}
    uintx NonNMethodCodeHeapSize                   = 5839372                                {pd product} {ergonomic}
    uintx NonProfiledCodeHeapSize                  = 122909434                              {pd product} {ergonomic}
    uintx ProfiledCodeHeapSize                     = 122909434                              {pd product} {ergonomic}
    uintx ReservedCodeCacheSize                    = 251658240                              {pd product} {ergonomic}
     bool SegmentedCodeCache                       = true                                      {product} {ergonomic}
   size_t SoftMaxHeapSize                          = 8438939648                             {manageable} {ergonomic}
     bool UseCompressedClassPointers               = true                           {product lp64_product} {ergonomic}
     bool UseCompressedOops                        = true                           {product lp64_product} {ergonomic}
     bool UseG1GC                                  = true                                      {product} {ergonomic}
     bool UseLargePagesIndividualAllocation        = false                                  {pd product} {ergonomic}

Logging:
Log output configuration:
 #0: stdout all=warning uptime,level,tags
 #1: stderr all=off uptime,level,tags

Environment Variables:
PATH=C:\Windows\system32;C:\Windows;C:\Windows\System32\Wbem;C:\Windows\System32\WindowsPowerShell\v1.0\;C:\Windows\System32\OpenSSH\;C:\Program Files\dotnet\;C:\Program Files\Git\cmd;C:\Users\ferch\.local\bin;C:\Users\ferch\scoop\shims;C:\Users\ferch\AppData\Local\Microsoft\WindowsApps;C:\Users\ferch\AppData\Local\Programs\Microsoft VS Code\bin;C:\Users\ferch\AppData\Local\GitHubDesktop\bin;C:\Users\ferch\OneDrive\Documents\win64
USERNAME=ferch
OS=Windows_NT
PROCESSOR_IDENTIFIER=Intel64 Family 6 Model 181 Stepping 0, GenuineIntel
TMP=C:\Users\ferch\AppData\Local\Temp
TEMP=C:\Users\ferch\AppData\Local\Temp



Periodic native trim disabled


---------------  S Y S T E M  ---------------

OS:
 Windows 11 , 64 bit Build 26100 (10.0.26100.8246)
OS uptime: 17 days 0:26 hours
Hyper-V role detected

CPU: total 14 (initial active 14) (7 cores per cpu, 2 threads per core) family 6 model 181 stepping 0 microcode 0xa, cx8, cmov, fxsr, ht, mmx, 3dnowpref, sse, sse2, sse3, ssse3, sse4.1, sse4.2, popcnt, lzcnt, tsc, tscinvbit, avx, avx2, aes, erms, clmul, bmi1, bmi2, adx, sha, fma, vzeroupper, clflush, clflushopt, clwb, hv
Processor Information for processor 0
  Max Mhz: 2000, Current Mhz: 2000, Mhz Limit: 2000
Processor Information for processor 1
  Max Mhz: 2000, Current Mhz: 1500, Mhz Limit: 2000
Processor Information for processor 2
  Max Mhz: 1700, Current Mhz: 1700, Mhz Limit: 1700
Processor Information for processor 3
  Max Mhz: 1700, Current Mhz: 1700, Mhz Limit: 1700
Processor Information for processor 4
  Max Mhz: 1700, Current Mhz: 1700, Mhz Limit: 1700
Processor Information for processor 5
  Max Mhz: 1700, Current Mhz: 1700, Mhz Limit: 1700
Processor Information for processor 6
  Max Mhz: 1700, Current Mhz: 1478, Mhz Limit: 1700
Processor Information for processor 7
  Max Mhz: 1700, Current Mhz: 1700, Mhz Limit: 1700
Processor Information for processor 8
  Max Mhz: 1700, Current Mhz: 1700, Mhz Limit: 1700
Processor Information for processor 9
  Max Mhz: 1700, Current Mhz: 1478, Mhz Limit: 1700
Processor Information for processor 10
  Max Mhz: 2000, Current Mhz: 1500, Mhz Limit: 2000
Processor Information for processor 11
  Max Mhz: 2000, Current Mhz: 1500, Mhz Limit: 2000
Processor Information for processor 12
  Max Mhz: 700, Current Mhz: 700, Mhz Limit: 700
Processor Information for processor 13
  Max Mhz: 700, Current Mhz: 700, Mhz Limit: 700

Memory: 4k page, system-wide physical 32181M (13540M free)
TotalPageFile size 34229M (AvailPageFile size 8716M)
current process WorkingSet (physical memory assigned to process): 213M, peak: 346M
current process commit charge ("private bytes"): 753M, peak: 786M

vm_info: OpenJDK 64-Bit Server VM (17.0.17+10) for windows-amd64 JRE (17.0.17+10), built on Oct 21 2025 23:25:32 by "admin" with unknown MS VC++:1942

END.
