#
# A fatal error has been detected by the Java Runtime Environment:
#
#  EXCEPTION_ACCESS_VIOLATION (0xc0000005) at pc=0x0000022191f90036, pid=20328, tid=33232
#
# JRE version: OpenJDK Runtime Environment Temurin-17.0.17+10 (17.0.17+10) (build 17.0.17+10)
# Java VM: OpenJDK 64-Bit Server VM Temurin-17.0.17+10 (17.0.17+10, mixed mode, sharing, tiered, compressed oops, compressed class ptrs, g1 gc, windows-amd64)
# Problematic frame:
# C  0x0000022191f90036
#
# No core dump will be written. Minidumps are not enabled by default on client versions of Windows
#
# If you would like to submit a bug report, please visit:
#   https://github.com/adoptium/adoptium-support/issues
# The crash happened outside the Java Virtual Machine in native code.
# See problematic frame for where to report the bug.
#

---------------  S U M M A R Y ------------

Command Line: -javaagent:C:\Program Files\JetBrains\IntelliJ IDEA Community Edition 2025.2.5\lib\idea_rt.jar=54002 -Dfile.encoding=UTF-8 ch.hevs.gdx2d.hello.Launch

Host: Intel(R) Core(TM) Ultra 7 255U, 14 cores, 31G,  Windows 11 , 64 bit Build 26100 (10.0.26100.8246)
Time: Thu May 28 10:57:32 2026 Europe de l , 64 bit Build 26100 (10.0.26100.8246) elapsed time: 7.606748 seconds (0d 0h 0m 7s)

---------------  T H R E A D  ---------------

Current thread (0x00000221e1fe9380):  JavaThread "main" [_thread_in_native, id=33232, stack(0x000000d929c00000,0x000000d929d00000)]

Stack: [0x000000d929c00000,0x000000d929d00000],  sp=0x000000d929cfe900,  free space=1018k
Native frames: (J=compiled Java code, j=interpreted, Vv=VM code, C=native code)
C  0x0000022191f90036

Java frames: (J=compiled Java code, j=interpreted, Vv=VM code)
J 1424  org.lwjgl.system.JNI.invokePV(JJ)V (0 bytes) @ 0x00000221f2ca0aec [0x00000221f2ca0aa0+0x000000000000004c]
J 1510 c1 org.lwjgl.glfw.GLFW.glfwSwapBuffers(J)V (21 bytes) @ 0x00000221eb3c7b3c [0x00000221eb3c7a60+0x00000000000000dc]
j  com.badlogic.gdx.backends.lwjgl3.Lwjgl3Window.update()Z+291
j  com.badlogic.gdx.backends.lwjgl3.Lwjgl3Application.loop()V+120
j  com.badlogic.gdx.backends.lwjgl3.Lwjgl3Application.<init>(Lcom/badlogic/gdx/ApplicationListener;Lcom/badlogic/gdx/backends/lwjgl3/Lwjgl3ApplicationConfiguration;)V+269
j  ch.hevs.gdx2d.desktop.DesktopApplication.createLwjglApplication(IIZ)V+34
j  ch.hevs.gdx2d.desktop.DesktopApplication.launch()V+67
j  ch.hevs.gdx2d.hello.Launch$.main([Ljava/lang/String;)V+8
j  ch.hevs.gdx2d.hello.Launch.main([Ljava/lang/String;)V+4
v  ~StubRoutines::call_stub

siginfo: EXCEPTION_ACCESS_VIOLATION (0xc0000005), writing address 0x0000000000010000


Registers:
RAX=0x0000000000010000, RBX=0x0000000000010001, RCX=0x0000000091f90010, RDX=0x000000d929cfe940
RSP=0x000000d929cfe900, RBP=0x000000d929cfea10, RSI=0x0000000000000110, RDI=0x000000000000098d
R8 =0x0000022191cbec10, R9 =0x00007ff9a0571d90, R10=0x00007ff9a1c21380, R11=0x000000d929cfed78
R12=0x0000000000000000, R13=0x000000d929cfee80, R14=0x000000d929cfedd0, R15=0x00000221e1fe9380
RIP=0x0000022191f90036, EFLAGS=0x0000000000010206

XMM[0]=0x7972617262696c20 0x57464c4720656854
XMM[1]=0x696c616974696e69 0x20746f6e20736920
XMM[2]=0x0000000000000000 0x0000000000000000
XMM[3]=0x0000000000000000 0x0000000000000000
XMM[4]=0x0000000000000000 0x0000000000000000
XMM[5]=0x0000000000000000 0x0000000000000000
XMM[6]=0x0000000000000000 0x000000003f000000
XMM[7]=0x0000000000000000 0x0000000043000000
XMM[8]=0x0000000000000000 0x00000000feffffff
XMM[9]=0x0000000000000000 0x0000000000000000
XMM[10]=0x0000000000000000 0x0000000045480000
XMM[11]=0x0000000000000000 0x000000003a72b9d6
XMM[12]=0x0000000000000000 0x0000000000000000
XMM[13]=0x0000000000000000 0x0000000000000000
XMM[14]=0x0000000000000000 0x0000000000000000
XMM[15]=0x0000000000000000 0x0000000000000000
  MXCSR=0x00001fa0


Register to memory mapping:

RIP=0x0000022191f90036 points into unknown readable memory: 00 00
RAX=0x0000000000010000 is an unknown value
RBX=0x0000000000010001 is an unknown value
RCX=0x0000000091f90010 is an unknown value
RDX=0x000000d929cfe940 is pointing into the stack for thread: 0x00000221e1fe9380
RSP=0x000000d929cfe900 is pointing into the stack for thread: 0x00000221e1fe9380
RBP=0x000000d929cfea10 is pointing into the stack for thread: 0x00000221e1fe9380
RSI=0x0000000000000110 is an unknown value
RDI=0x000000000000098d is an unknown value
R8 =0x0000022191cbec10 points into unknown readable memory: 0x0000000000000000 | 00 00 00 00 00 00 00 00
R9 =0x00007ff9a0571d90 glfw.dll
R10=0x00007ff9a1c21380 lwjgl.dll
R11=0x000000d929cfed78 is pointing into the stack for thread: 0x00000221e1fe9380
R12=0x0 is NULL
R13=0x000000d929cfee80 is pointing into the stack for thread: 0x00000221e1fe9380
R14=0x000000d929cfedd0 is pointing into the stack for thread: 0x00000221e1fe9380
R15=0x00000221e1fe9380 is a thread


Top of Stack: (sp=0x000000d929cfe900)
0x000000d929cfe900:   fffffffff9a1c454 00007ff9a05722dc
0x000000d929cfe910:   00000221923e5268 00000221e1fe9380
0x000000d929cfe920:   000000d929cfe9c8 00007ff8e825601b
0x000000d929cfe930:   00000221d37ea058 00000221e1fe9380
0x000000d929cfe940:   57464c4700010000 7972617262696c20
0x000000d929cfe950:   20746f6e20736920 696c616974696e69
0x000000d929cfe960:   000002210064657a 00000000000000b8
0x000000d929cfe970:   00000221e1fe9380 00007ff8e7f374f3
0x000000d929cfe980:   000000d929cfead0 00000221e1fe9380
0x000000d929cfe990:   000000d929cfeb10 00000221923e5268
0x000000d929cfe9a0:   00000221e1fe9380 00000000000000b8
0x000000d929cfe9b0:   00000221e1fe9380 0000000626c2b600
0x000000d929cfe9c0:   000000d929cfeb10 00007ff8e7f37334
0x000000d929cfe9d0:   0000000626c2b600 00007ff8e803ffa2
0x000000d929cfe9e0:   00000221d37ec2b0 000000d929cfea50
0x000000d929cfe9f0:   0000000000000000 00000221e10a0101
0x000000d929cfea00:   00000221e1fe9380 00007ff8e80788c0
0x000000d929cfea10:   00000221923e5268 0000000000000000
0x000000d929cfea20:   000000d929cfeb70 00007ff8e7f37b0e
0x000000d929cfea30:   00000000000000b8 00000221e1fe9380
0x000000d929cfea40:   00000221923e5268 00000221e1fe9380
0x000000d929cfea50:   00000221923e5268 00000221e1fe9380
0x000000d929cfea60:   00000221d37ea058 00000221e1fe9380
0x000000d929cfea70:   000000d929cfec78 00000221f268a5dd
0x000000d929cfea80:   00000221f2678e10 0000022100000000
0x000000d929cfea90:   000000d929cfecd0 000000d929cfec78
0x000000d929cfeaa0:   000000d929cfec78 00000221f268a5dd
0x000000d929cfeab0:   00000221f2678e10 0000022100000000
0x000000d929cfeac0:   000000d929cfecd0 000000d929cfec78
0x000000d929cfead0:   0000022192029330 00000221923e5268
0x000000d929cfeae0:   0000000626ccdf88 000000d929cfeae8
0x000000d929cfeaf0:   00000221d37f4968 000000d929cfeb40 

Instructions: (pc=0x0000022191f90036)
0x0000022191f8ff36:   ?? ?? ?? ?? ?? ?? ?? ?? ?? ?? ?? ?? ?? ?? ?? ??
0x0000022191f8ff46:   ?? ?? ?? ?? ?? ?? ?? ?? ?? ?? ?? ?? ?? ?? ?? ??
0x0000022191f8ff56:   ?? ?? ?? ?? ?? ?? ?? ?? ?? ?? ?? ?? ?? ?? ?? ??
0x0000022191f8ff66:   ?? ?? ?? ?? ?? ?? ?? ?? ?? ?? ?? ?? ?? ?? ?? ??
0x0000022191f8ff76:   ?? ?? ?? ?? ?? ?? ?? ?? ?? ?? ?? ?? ?? ?? ?? ??
0x0000022191f8ff86:   ?? ?? ?? ?? ?? ?? ?? ?? ?? ?? ?? ?? ?? ?? ?? ??
0x0000022191f8ff96:   ?? ?? ?? ?? ?? ?? ?? ?? ?? ?? ?? ?? ?? ?? ?? ??
0x0000022191f8ffa6:   ?? ?? ?? ?? ?? ?? ?? ?? ?? ?? ?? ?? ?? ?? ?? ??
0x0000022191f8ffb6:   ?? ?? ?? ?? ?? ?? ?? ?? ?? ?? ?? ?? ?? ?? ?? ??
0x0000022191f8ffc6:   ?? ?? ?? ?? ?? ?? ?? ?? ?? ?? ?? ?? ?? ?? ?? ??
0x0000022191f8ffd6:   ?? ?? ?? ?? ?? ?? ?? ?? ?? ?? ?? ?? ?? ?? ?? ??
0x0000022191f8ffe6:   ?? ?? ?? ?? ?? ?? ?? ?? ?? ?? ?? ?? ?? ?? ?? ??
0x0000022191f8fff6:   ?? ?? ?? ?? ?? ?? ?? ?? ?? ?? 00 00 00 00 00 00
0x0000022191f90006:   00 00 41 00 00 00 00 00 00 00 00 0b c9 a1 f9 7f
0x0000022191f90016:   00 00 e0 0b c9 a1 f9 7f 00 00 00 0f 1f 80 00 00
0x0000022191f90026:   00 00 68 54 c4 a1 f9 7f 00 00 00 00 fe 91 21 02
0x0000022191f90036:   00 00 c0 12 c2 a1 f9 7f 00 00 40 00 00 00 00 00
0x0000022191f90046:   00 00 42 00 00 00 00 00 00 00 f3 0f 1e fa 4c 8d
0x0000022191f90056:   15 f5 ff ff ff ff 25 07 00 00 00 0f 1f 80 00 00
0x0000022191f90066:   00 00 68 54 c4 a1 f9 7f 00 00 20 00 fe 91 21 02
0x0000022191f90076:   00 00 c0 12 c2 a1 f9 7f 00 00 78 a9 0c fe 21 02
0x0000022191f90086:   00 00 43 00 00 00 00 00 00 00 f3 0f 1e fa 4c 8d
0x0000022191f90096:   15 f5 ff ff ff ff 25 07 00 00 00 0f 1f 80 00 00
0x0000022191f900a6:   00 00 68 54 c4 a1 f9 7f 00 00 40 00 fe 91 21 02
0x0000022191f900b6:   00 00 c0 12 c2 a1 f9 7f 00 00 80 a9 0c fe 21 02
0x0000022191f900c6:   00 00 43 00 00 00 00 00 00 00 f3 0f 1e fa 4c 8d
0x0000022191f900d6:   15 f5 ff ff ff ff 25 07 00 00 00 0f 1f 80 00 00
0x0000022191f900e6:   00 00 68 54 c4 a1 f9 7f 00 00 60 00 fe 91 21 02
0x0000022191f900f6:   00 00 c0 12 c2 a1 f9 7f 00 00 88 a9 0c fe 21 02
0x0000022191f90106:   00 00 43 00 00 00 00 00 00 00 f3 0f 1e fa 4c 8d
0x0000022191f90116:   15 f5 ff ff ff ff 25 07 00 00 00 0f 1f 80 00 00
0x0000022191f90126:   00 00 68 54 c4 a1 f9 7f 00 00 80 00 fe 91 21 02 


Stack slot to memory mapping:
stack at sp + 0 slots: 0xfffffffff9a1c454 is an unknown value
stack at sp + 1 slots: 0x00007ff9a05722dc glfw.dll
stack at sp + 2 slots: {method} {0x00000221923e5270} 'fill' '([Ljava/lang/Object;Ljava/lang/Object;)V' in 'java/util/Arrays'
stack at sp + 3 slots: 0x00000221e1fe9380 is a thread
stack at sp + 4 slots: 0x000000d929cfe9c8 is pointing into the stack for thread: 0x00000221e1fe9380
stack at sp + 5 slots: 0x00007ff8e825601b jvm.dll
stack at sp + 6 slots: 0x00000221d37ea058 is pointing into metadata
stack at sp + 7 slots: 0x00000221e1fe9380 is a thread


Compiled method (n/a) 7635 1424     n 0       org.lwjgl.system.JNI::invokePV (native)
 total in heap  [0x00000221f2ca0910,0x00000221f2ca0cc8] = 952
 relocation     [0x00000221f2ca0a70,0x00000221f2ca0aa0] = 48
 main code      [0x00000221f2ca0aa0,0x00000221f2ca0cc0] = 544
 oops           [0x00000221f2ca0cc0,0x00000221f2ca0cc8] = 8

[Constant Pool (empty)]

[MachCode]
[Entry Point]
  # {method} {0x00000221d3519de8} 'invokePV' '(JJ)V' in 'org/lwjgl/system/JNI'
  # parm0:    rdx:rdx   = long
  # parm1:    r8:r8     = long
  #           [sp+0x70]  (sp of caller)
  0x00000221f2ca0aa0: 448b 5208 | 49bb 0000 | 0092 2102 | 0000 4d03 | d349 3bc2 | 0f84 0600 

  0x00000221f2ca0ab8: ;   {runtime_call ic_miss_stub}
  0x00000221f2ca0ab8: 0000 e9c1 | 05a2 ff90 
[Verified Entry Point]
  0x00000221f2ca0ac0: 8984 2400 | 90ff ff55 | 488b ec48 | 83ec 604d | 8bc8 4c8b 

  0x00000221f2ca0ad4: ;   {oop(a 'java/lang/Class'{0x0000000626c28360} = 'org/lwjgl/system/JNI')}
  0x00000221f2ca0ad4: c249 be60 | 83c2 2606 | 0000 004c | 8974 2450 | 4c8d 7424 | 5049 8bd6 

  0x00000221f2ca0aec: ;   {internal_word}
  0x00000221f2ca0aec: c5f8 7749 | baec 0aca | f221 0200 | 004d 8997 | a002 0000 | 4989 a798 

  0x00000221f2ca0b04: ;   {external_word}
  0x00000221f2ca0b04: 0200 0049 | bad5 c687 | e8f8 7f00 | 0041 803a | 000f 8452 | 0000 0052 | 4150 4151 

  0x00000221f2ca0b20: ;   {metadata({method} {0x00000221d3519de8} 'invokePV' '(JJ)V' in 'org/lwjgl/system/JNI')}
  0x00000221f2ca0b20: 48ba e09d | 51d3 2102 | 0000 498b | cf48 83ec | 20f7 c40f | 0000 000f | 841a 0000 | 0048 83ec 
  0x00000221f2ca0b40: ;   {runtime_call}
  0x00000221f2ca0b40: 0849 ba10 | 993d e8f8 | 7f00 0041 | ffd2 4883 | c408 e90d 

  0x00000221f2ca0b54: ;   {runtime_call}
  0x00000221f2ca0b54: 0000 0049 | ba10 993d | e8f8 7f00 | 0041 ffd2 | 4883 c420 | 4159 4158 | 5a49 8d8f | b802 0000 
  0x00000221f2ca0b74: 41c7 8740 | 0300 0004 

  0x00000221f2ca0b7c: ;   {runtime_call}
  0x00000221f2ca0b7c: 0000 0049 | ba80 13c2 | a1f9 7f00 | 0041 ffd2 | c5f8 7741 | c787 4003 | 0000 0500 | 0000 f083 
  0x00000221f2ca0b9c: 4424 c000 | 493b af48 | 0300 000f | 8711 0000 | 0041 81bf | 3003 0000 | 0000 0000 | 0f84 2400 
  0x00000221f2ca0bbc: 0000 c5f8 | 7749 8bcf | 4c8b e448 | 83ec 2048 

  0x00000221f2ca0bcc: ;   {runtime_call}
  0x00000221f2ca0bcc: 83e4 f049 | ba00 a94d | e8f8 7f00 | 0041 ffd2 | 498b e44d | 33e4 41c7 | 8740 0300 | 0008 0000 
  0x00000221f2ca0bec: 0041 81bf | b003 0000 | 0200 0000 | 0f84 9b00 

  0x00000221f2ca0bfc: ;   {external_word}
  0x00000221f2ca0bfc: 0000 49ba | d5c6 87e8 | f87f 0000 | 4180 3a00 | 0f84 4800 

  0x00000221f2ca0c10: ;   {metadata({method} {0x00000221d3519de8} 'invokePV' '(JJ)V' in 'org/lwjgl/system/JNI')}
  0x00000221f2ca0c10: 0000 48ba | e09d 51d3 | 2102 0000 | 498b cf48 | 83ec 20f7 | c40f 0000 | 000f 841a | 0000 0048 
  0x00000221f2ca0c30: ;   {runtime_call}
  0x00000221f2ca0c30: 83ec 0849 | ba10 993d | e8f8 7f00 | 0041 ffd2 | 4883 c408 | e90d 0000 

  0x00000221f2ca0c48: ;   {runtime_call}
  0x00000221f2ca0c48: 0049 ba10 | 993d e8f8 | 7f00 0041 | ffd2 4883 | c420 49c7 | 8798 0200 | 0000 0000 | 0049 c787 
  0x00000221f2ca0c68: a002 0000 | 0000 0000 | c5f8 7749 | 8b8f d800 | 0000 c781 | 0001 0000 | 0000 0000 | c949 817f 
  0x00000221f2ca0c88: 0800 0000 | 000f 8501 | 0000 00c3 

  0x00000221f2ca0c94: ;   {runtime_call StubRoutines (1)}
  0x00000221f2ca0c94: e967 029d | ffc5 f877 | 4c8b e448 | 83ec 2048 

  0x00000221f2ca0ca4: ;   {runtime_call}
  0x00000221f2ca0ca4: 83e4 f049 | ba00 ca3d | e8f8 7f00 | 0041 ffd2 | 498b e44d | 33e4 e93f | ffff fff4 
[/MachCode]


Compiled method (c1) 7638 1510       3       org.lwjgl.glfw.GLFW::glfwSwapBuffers (21 bytes)
 total in heap  [0x00000221eb3c7890,0x00000221eb3c7e08] = 1400
 relocation     [0x00000221eb3c79f0,0x00000221eb3c7a48] = 88
 main code      [0x00000221eb3c7a60,0x00000221eb3c7ca0] = 576
 stub code      [0x00000221eb3c7ca0,0x00000221eb3c7cf8] = 88
 oops           [0x00000221eb3c7cf8,0x00000221eb3c7d00] = 8
 metadata       [0x00000221eb3c7d00,0x00000221eb3c7d10] = 16
 scopes data    [0x00000221eb3c7d10,0x00000221eb3c7d80] = 112
 scopes pcs     [0x00000221eb3c7d80,0x00000221eb3c7e00] = 128
 dependencies   [0x00000221eb3c7e00,0x00000221eb3c7e08] = 8

[Constant Pool (empty)]

[MachCode]
[Verified Entry Point]
  # {method} {0x00000221d355f200} 'glfwSwapBuffers' '(J)V' in 'org/lwjgl/glfw/GLFW'
  # parm0:    rdx:rdx   = long
  #           [sp+0x80]  (sp of caller)
  0x00000221eb3c7a60: 8984 2400 | 90ff ff55 | 4883 ec70 

  0x00000221eb3c7a6c: ;   {metadata(method data for {method} {0x00000221d355f200} 'glfwSwapBuffers' '(J)V' in 'org/lwjgl/glfw/GLFW')}
  0x00000221eb3c7a6c: 49b8 f8b5 | c6d3 2102 | 0000 418b | b0cc 0000 | 0083 c602 | 4189 b0cc | 0000 0081 | e6fe 0700 
  0x00000221eb3c7a8c: 0083 fe00 | 0f84 5001 

  0x00000221eb3c7a94: ;   {metadata(method data for {method} {0x00000221d355f200} 'glfwSwapBuffers' '(J)V' in 'org/lwjgl/glfw/GLFW')}
  0x00000221eb3c7a94: 0000 49b8 | f8b5 c6d3 | 2102 0000 | 41ff 8020 

  0x00000221eb3c7aa4: ;   {metadata(method data for {method} {0x00000221d355f200} 'glfwSwapBuffers' '(J)V' in 'org/lwjgl/glfw/GLFW')}
  0x00000221eb3c7aa4: 0100 0049 | b8f8 b5c6 | d321 0200 | 0049 8380 | 3001 0000 

  0x00000221eb3c7ab8: ;   {metadata(method data for {method} {0x00000221d34b3ab0} 'check' '(J)J' in 'org/lwjgl/system/Checks')}
  0x00000221eb3c7ab8: 0149 b8d8 | 2160 d321 | 0200 0041 | 8bb0 cc00 | 0000 83c6 | 0241 89b0 | cc00 0000 | 81e6 feff 
  0x00000221eb3c7ad8: 1f00 83fe | 000f 8424 | 0100 004c | 8bc2 4983 

  0x00000221eb3c7ae8: ;   {metadata(method data for {method} {0x00000221d34b3ab0} 'check' '(J)J' in 'org/lwjgl/system/Checks')}
  0x00000221eb3c7ae8: f800 49b8 | d821 60d3 | 2102 0000 | 48c7 c620 | 0100 000f | 8407 0000 | 0048 c7c6 | 1001 0000 
  0x00000221eb3c7b08: 498b 3c30 | 488d 7f01 | 4989 3c30 | 0f84 3500 

  0x00000221eb3c7b18: ;   {metadata(method data for {method} {0x00000221d355f200} 'glfwSwapBuffers' '(J)V' in 'org/lwjgl/glfw/GLFW')}
  0x00000221eb3c7b18: 0000 49b8 | f8b5 c6d3 | 2102 0000 | 4983 8040 | 0100 0001 | 49b8 901d | 57a0 f97f 

  0x00000221eb3c7b34: ;   {static_call}
  0x00000221eb3c7b34: 0000 90e8 

  0x00000221eb3c7b38: ; ImmutableOopMap {}
                      ;*invokestatic invokePV {reexecute=0 rethrow=0 return_oop=0}
                      ; - org.lwjgl.glfw.GLFW::glfwSwapBuffers@17 (line 4937)
  0x00000221eb3c7b38: 848f 8d07 | 4883 c470 

  0x00000221eb3c7b40: ;   {poll_return}
  0x00000221eb3c7b40: 5d49 3ba7 | 4803 0000 | 0f87 da00 | 0000 c348 | 8954 2458 | 0f1f 4000 

  0x00000221eb3c7b58: ;   {no_reloc}
  0x00000221eb3c7b58: e9f0 0000 | 0000 0000 | 0000 498b | 8708 0100 | 0048 8d78 | 3049 3bbf | 1801 0000 | 0f87 dd00 
  0x00000221eb3c7b78: 0000 4989 | bf08 0100 | 0048 c700 | 0100 0000 | 488b ca49 | ba00 0000 | 9221 0200 | 0049 2bca 
  0x00000221eb3c7b98: 8948 0848 | 33c9 8948 | 0c48 33c9 | 4889 4810 | 4889 4818 | 4889 4820 | 4889 4828 

  0x00000221eb3c7bb4: ;   {metadata(method data for {method} {0x00000221d34b3ab0} 'check' '(J)J' in 'org/lwjgl/system/Checks')}
  0x00000221eb3c7bb4: 488b d048 | bed8 2160 | d321 0200 | 0048 8386 | 3001 0000 | 0148 8bd0 | 4889 4424 | 5066 0f1f 
  0x00000221eb3c7bd4: ;   {optimized virtual_call}
  0x00000221eb3c7bd4: 4400 00e8 

  0x00000221eb3c7bd8: ; ImmutableOopMap {[80]=Oop }
                      ;*invokespecial <init> {reexecute=0 rethrow=0 return_oop=0}
                      ; - org.lwjgl.system.Checks::check@10 (line 188)
                      ; - org.lwjgl.glfw.GLFW::glfwSwapBuffers@11 (line 4935)
  0x00000221eb3c7bd8: a497 2f07 | 488b 4424 | 50e9 9d00 

  0x00000221eb3c7be4: ;   {metadata({method} {0x00000221d355f200} 'glfwSwapBuffers' '(J)V' in 'org/lwjgl/glfw/GLFW')}
  0x00000221eb3c7be4: 0000 49ba | f8f1 55d3 | 2102 0000 | 4c89 5424 | 0848 c704 | 24ff ffff 

  0x00000221eb3c7bfc: ;   {runtime_call counter_overflow Runtime1 stub}
  0x00000221eb3c7bfc: ffe8 7e21 

  0x00000221eb3c7c00: ; ImmutableOopMap {}
                      ;*synchronization entry
                      ; - org.lwjgl.glfw.GLFW::glfwSwapBuffers@-1 (line 4933)
  0x00000221eb3c7c00: 3a07 e98f 

  0x00000221eb3c7c04: ;   {metadata({method} {0x00000221d34b3ab0} 'check' '(J)J' in 'org/lwjgl/system/Checks')}
  0x00000221eb3c7c04: feff ff49 | baa8 3a4b | d321 0200 | 004c 8954 | 2408 48c7 | 0424 ffff 

  0x00000221eb3c7c1c: ;   {runtime_call counter_overflow Runtime1 stub}
  0x00000221eb3c7c1c: ffff e85d 

  0x00000221eb3c7c20: ; ImmutableOopMap {}
                      ;*synchronization entry
                      ; - org.lwjgl.system.Checks::check@-1 (line 187)
                      ; - org.lwjgl.glfw.GLFW::glfwSwapBuffers@11 (line 4935)
  0x00000221eb3c7c20: 213a 07e9 | bbfe ffff 

  0x00000221eb3c7c28: ;   {internal_word}
  0x00000221eb3c7c28: 49ba 417b | 3ceb 2102 | 0000 4d89 | 9760 0300 

  0x00000221eb3c7c38: ;   {runtime_call SafepointBlob}
  0x00000221eb3c7c38: 00e9 c2fd 

  0x00000221eb3c7c3c: ;   {metadata(NULL)}
  0x00000221eb3c7c3c: 2f07 48ba | 0000 0000 | 0000 0000 | b800 0f05 

  0x00000221eb3c7c4c: ;   {runtime_call load_klass_patching Runtime1 stub}
  0x00000221eb3c7c4c: 0ae8 ae10 

  0x00000221eb3c7c50: ; ImmutableOopMap {}
                      ;*new {reexecute=1 rethrow=0 return_oop=0}
                      ; - (reexecute) org.lwjgl.system.Checks::check@6 (line 188)
                      ; - org.lwjgl.glfw.GLFW::glfwSwapBuffers@11 (line 4935)
  0x00000221eb3c7c50: 3a07 e901 | ffff ff48 

  0x00000221eb3c7c58: ;   {runtime_call fast_new_instance Runtime1 stub}
  0x00000221eb3c7c58: 8bd2 e821 

  0x00000221eb3c7c5c: ; ImmutableOopMap {}
                      ;*new {reexecute=0 rethrow=0 return_oop=0}
                      ; - org.lwjgl.system.Checks::check@6 (line 188)
                      ; - org.lwjgl.glfw.GLFW::glfwSwapBuffers@11 (line 4935)
  0x00000221eb3c7c5c: d939 07e9 | 50ff ffff | 9090 498b | 87d8 0300 | 0049 c787 | d803 0000 | 0000 0000 | 49c7 87e0 
  0x00000221eb3c7c7c: 0300 0000 | 0000 0048 | 83c4 705d 

  0x00000221eb3c7c88: ;   {runtime_call unwind_exception Runtime1 stub}
  0x00000221eb3c7c88: e9f3 c039 | 07f4 f4f4 | f4f4 f4f4 | f4f4 f4f4 | f4f4 f4f4 | f4f4 f4f4 
[Stub Code]
  0x00000221eb3c7ca0: ;   {no_reloc}
  0x00000221eb3c7ca0: 0f1f 4400 

  0x00000221eb3c7ca4: ;   {static_stub}
  0x00000221eb3c7ca4: 0048 bb00 | 0000 0000 

  0x00000221eb3c7cac: ;   {runtime_call}
  0x00000221eb3c7cac: 0000 00e9 | fbff ffff 

  0x00000221eb3c7cb4: ;   {static_stub}
  0x00000221eb3c7cb4: 9048 bb00 | 0000 0000 

  0x00000221eb3c7cbc: ;   {runtime_call}
  0x00000221eb3c7cbc: 0000 00e9 | fbff ffff 
[Exception Handler]
  0x00000221eb3c7cc4: ;   {runtime_call handle_exception_from_callee Runtime1 stub}
  0x00000221eb3c7cc4: e8b7 ed39 

  0x00000221eb3c7cc8: ;   {external_word}
  0x00000221eb3c7cc8: 0748 b900 | fa61 e8f8 | 7f00 0048 

  0x00000221eb3c7cd4: ;   {runtime_call}
  0x00000221eb3c7cd4: 83e4 f049 | ba00 8f2a | e8f8 7f00 | 0041 ffd2 

  0x00000221eb3c7ce4: ;   {section_word}
  0x00000221eb3c7ce4: f449 bae5 | 7c3c eb21 | 0200 0041 

  0x00000221eb3c7cf0: ;   {runtime_call DeoptimizationBlob}
  0x00000221eb3c7cf0: 52e9 aaef | 2f07 f4f4 
[/MachCode]


---------------  P R O C E S S  ---------------

Threads class SMR info:
_java_thread_list=0x00000221d9a684c0, length=17, elements={
0x00000221e1fe9380, 0x00000221fe0c3210, 0x00000221fe0c5be0, 0x00000221fe0d91d0,
0x00000221fe0d9b90, 0x00000221fe0dab60, 0x00000221fe0db520, 0x0000022191c0a060,
0x00000221fe0dd220, 0x0000022191c16a30, 0x0000022191c008a0, 0x0000022191de3660,
0x0000022191de3b40, 0x00000221d778ec60, 0x00000221d94dfb10, 0x00000221d9b0a590,
0x00000222008405b0
}

Java Threads: ( => current thread )
=>0x00000221e1fe9380 JavaThread "main" [_thread_in_native, id=33232, stack(0x000000d929c00000,0x000000d929d00000)]
  0x00000221fe0c3210 JavaThread "Reference Handler" daemon [_thread_blocked, id=28044, stack(0x000000d92a300000,0x000000d92a400000)]
  0x00000221fe0c5be0 JavaThread "Finalizer" daemon [_thread_blocked, id=46996, stack(0x000000d92a400000,0x000000d92a500000)]
  0x00000221fe0d91d0 JavaThread "Signal Dispatcher" daemon [_thread_blocked, id=36096, stack(0x000000d92a500000,0x000000d92a600000)]
  0x00000221fe0d9b90 JavaThread "Attach Listener" daemon [_thread_blocked, id=46768, stack(0x000000d92a600000,0x000000d92a700000)]
  0x00000221fe0dab60 JavaThread "Service Thread" daemon [_thread_blocked, id=45736, stack(0x000000d92a700000,0x000000d92a800000)]
  0x00000221fe0db520 JavaThread "Monitor Deflation Thread" daemon [_thread_blocked, id=45652, stack(0x000000d92a800000,0x000000d92a900000)]
  0x0000022191c0a060 JavaThread "C2 CompilerThread0" daemon [_thread_blocked, id=44448, stack(0x000000d92a900000,0x000000d92aa00000)]
  0x00000221fe0dd220 JavaThread "C1 CompilerThread0" daemon [_thread_blocked, id=25156, stack(0x000000d92aa00000,0x000000d92ab00000)]
  0x0000022191c16a30 JavaThread "Sweeper thread" daemon [_thread_blocked, id=3536, stack(0x000000d92ab00000,0x000000d92ac00000)]
  0x0000022191c008a0 JavaThread "Common-Cleaner" daemon [_thread_blocked, id=12228, stack(0x000000d92ac00000,0x000000d92ad00000)]
  0x0000022191de3660 JavaThread "Monitor Ctrl-Break" daemon [_thread_in_native, id=8548, stack(0x000000d92ad00000,0x000000d92ae00000)]
  0x0000022191de3b40 JavaThread "Notification Thread" daemon [_thread_blocked, id=46152, stack(0x000000d92ae00000,0x000000d92af00000)]
  0x00000221d778ec60 JavaThread "Thread-0" daemon [_thread_blocked, id=31536, stack(0x000000d92b600000,0x000000d92b700000)]
  0x00000221d94dfb10 JavaThread "LWJGL3 Timer" daemon [_thread_blocked, id=23468, stack(0x000000d92bb00000,0x000000d92bc00000)]
  0x00000221d9b0a590 JavaThread "AssetManager" daemon [_thread_blocked, id=21692, stack(0x000000d92c900000,0x000000d92ca00000)]
  0x00000222008405b0 JavaThread "LWJGL3 Timer" daemon [_thread_blocked, id=36584, stack(0x000000d92cc00000,0x000000d92cd00000)]

Other Threads:
  0x00000221fe0bedd0 VMThread "VM Thread" [stack: 0x000000d92a200000,0x000000d92a300000] [id=29040]
  0x0000022191e2ecf0 WatcherThread [stack: 0x000000d92af00000,0x000000d92b000000] [id=36776]
  0x00000221e2091440 GCTaskThread "GC Thread#0" [stack: 0x000000d929d00000,0x000000d929e00000] [id=34948]
  0x00000221d9a63890 GCTaskThread "GC Thread#1" [stack: 0x000000d92bc00000,0x000000d92bd00000] [id=13396]
  0x00000221d9a63f50 GCTaskThread "GC Thread#2" [stack: 0x000000d92bf00000,0x000000d92c000000] [id=41124]
  0x00000221d9a65240 GCTaskThread "GC Thread#3" [stack: 0x000000d92c000000,0x000000d92c100000] [id=11256]
  0x00000221d9a66050 GCTaskThread "GC Thread#4" [stack: 0x000000d92c100000,0x000000d92c200000] [id=44856]
  0x00000221d9a65d90 GCTaskThread "GC Thread#5" [stack: 0x000000d92c200000,0x000000d92c300000] [id=37620]
  0x00000221d9a65810 GCTaskThread "GC Thread#6" [stack: 0x000000d92c300000,0x000000d92c400000] [id=29500]
  0x00000221d9a65ad0 GCTaskThread "GC Thread#7" [stack: 0x000000d92c400000,0x000000d92c500000] [id=23612]
  0x00000221d9a66310 GCTaskThread "GC Thread#8" [stack: 0x000000d92c500000,0x000000d92c600000] [id=23304]
  0x00000221d9a665d0 GCTaskThread "GC Thread#9" [stack: 0x000000d92c600000,0x000000d92c700000] [id=8684]
  0x00000221d9a66890 GCTaskThread "GC Thread#10" [stack: 0x000000d92c700000,0x000000d92c800000] [id=13256]
  0x00000221fdee3f70 ConcurrentGCThread "G1 Main Marker" [stack: 0x000000d929e00000,0x000000d929f00000] [id=43516]
  0x00000221fdee5500 ConcurrentGCThread "G1 Conc#0" [stack: 0x000000d929f00000,0x000000d92a000000] [id=14340]
  0x00000221fdfea6c0 ConcurrentGCThread "G1 Refine#0" [stack: 0x000000d92a000000,0x000000d92a100000] [id=27368]
  0x00000221fdfeae90 ConcurrentGCThread "G1 Service" [stack: 0x000000d92a100000,0x000000d92a200000] [id=29880]

Threads with active compile tasks:

VM state: not at safepoint (normal execution)

VM Mutex/Monitor currently owned by a thread: None

Heap address: 0x0000000609000000, size: 8048 MB, Compressed Oops mode: Zero based, Oop shift amount: 3

CDS archive(s) mapped at: [0x0000022192000000-0x0000022192bb0000-0x0000022192bb0000), size 12255232, SharedBaseAddress: 0x0000022192000000, ArchiveRelocationMode: 1.
Compressed class space mapped at: 0x0000022193000000-0x00000221d3000000, reserved size: 1073741824
Narrow klass base: 0x0000022192000000, Narrow klass shift: 0, Narrow klass range: 0x100000000

GC Precious Log:
 CPUs: 14 total, 14 available
 Memory: 32181M
 Large Page Support: Disabled
 NUMA Support: Disabled
 Compressed Oops: Enabled (Zero based)
 Heap Region Size: 4M
 Heap Min Capacity: 8M
 Heap Initial Capacity: 504M
 Heap Max Capacity: 8048M
 Pre-touch: Disabled
 Parallel Workers: 11
 Concurrent Workers: 3
 Concurrent Refinement Workers: 11
 Periodic GC: Disabled

Heap:
 garbage-first heap   total 516096K, used 16093K [0x0000000609000000, 0x0000000800000000)
  region size 4096K, 5 young (20480K), 1 survivors (4096K)
 Metaspace       used 12213K, committed 12416K, reserved 1114112K
  class space    used 1223K, committed 1344K, reserved 1048576K

Heap Regions: E=young(eden), S=young(survivor), O=old, HS=humongous(starts), HC=humongous(continues), CS=collection set, F=free, OA=open archive, CA=closed archive, TAMS=top-at-mark-start (previous, next)
|   0|0x0000000609000000, 0x0000000609000000, 0x0000000609400000|  0%| F|  |TAMS 0x0000000609000000, 0x0000000609000000| Untracked 
|   1|0x0000000609400000, 0x0000000609400000, 0x0000000609800000|  0%| F|  |TAMS 0x0000000609400000, 0x0000000609400000| Untracked 
|   2|0x0000000609800000, 0x0000000609800000, 0x0000000609c00000|  0%| F|  |TAMS 0x0000000609800000, 0x0000000609800000| Untracked 
|   3|0x0000000609c00000, 0x0000000609c00000, 0x000000060a000000|  0%| F|  |TAMS 0x0000000609c00000, 0x0000000609c00000| Untracked 
|   4|0x000000060a000000, 0x000000060a000000, 0x000000060a400000|  0%| F|  |TAMS 0x000000060a000000, 0x000000060a000000| Untracked 
|   5|0x000000060a400000, 0x000000060a400000, 0x000000060a800000|  0%| F|  |TAMS 0x000000060a400000, 0x000000060a400000| Untracked 
|   6|0x000000060a800000, 0x000000060a800000, 0x000000060ac00000|  0%| F|  |TAMS 0x000000060a800000, 0x000000060a800000| Untracked 
|   7|0x000000060ac00000, 0x000000060ac00000, 0x000000060b000000|  0%| F|  |TAMS 0x000000060ac00000, 0x000000060ac00000| Untracked 
|   8|0x000000060b000000, 0x000000060b000000, 0x000000060b400000|  0%| F|  |TAMS 0x000000060b000000, 0x000000060b000000| Untracked 
|   9|0x000000060b400000, 0x000000060b400000, 0x000000060b800000|  0%| F|  |TAMS 0x000000060b400000, 0x000000060b400000| Untracked 
|  10|0x000000060b800000, 0x000000060b800000, 0x000000060bc00000|  0%| F|  |TAMS 0x000000060b800000, 0x000000060b800000| Untracked 
|  11|0x000000060bc00000, 0x000000060bc00000, 0x000000060c000000|  0%| F|  |TAMS 0x000000060bc00000, 0x000000060bc00000| Untracked 
|  12|0x000000060c000000, 0x000000060c000000, 0x000000060c400000|  0%| F|  |TAMS 0x000000060c000000, 0x000000060c000000| Untracked 
|  13|0x000000060c400000, 0x000000060c400000, 0x000000060c800000|  0%| F|  |TAMS 0x000000060c400000, 0x000000060c400000| Untracked 
|  14|0x000000060c800000, 0x000000060c800000, 0x000000060cc00000|  0%| F|  |TAMS 0x000000060c800000, 0x000000060c800000| Untracked 
|  15|0x000000060cc00000, 0x000000060cc00000, 0x000000060d000000|  0%| F|  |TAMS 0x000000060cc00000, 0x000000060cc00000| Untracked 
|  16|0x000000060d000000, 0x000000060d000000, 0x000000060d400000|  0%| F|  |TAMS 0x000000060d000000, 0x000000060d000000| Untracked 
|  17|0x000000060d400000, 0x000000060d400000, 0x000000060d800000|  0%| F|  |TAMS 0x000000060d400000, 0x000000060d400000| Untracked 
|  18|0x000000060d800000, 0x000000060d800000, 0x000000060dc00000|  0%| F|  |TAMS 0x000000060d800000, 0x000000060d800000| Untracked 
|  19|0x000000060dc00000, 0x000000060dc00000, 0x000000060e000000|  0%| F|  |TAMS 0x000000060dc00000, 0x000000060dc00000| Untracked 
|  20|0x000000060e000000, 0x000000060e000000, 0x000000060e400000|  0%| F|  |TAMS 0x000000060e000000, 0x000000060e000000| Untracked 
|  21|0x000000060e400000, 0x000000060e400000, 0x000000060e800000|  0%| F|  |TAMS 0x000000060e400000, 0x000000060e400000| Untracked 
|  22|0x000000060e800000, 0x000000060e800000, 0x000000060ec00000|  0%| F|  |TAMS 0x000000060e800000, 0x000000060e800000| Untracked 
|  23|0x000000060ec00000, 0x000000060ec00000, 0x000000060f000000|  0%| F|  |TAMS 0x000000060ec00000, 0x000000060ec00000| Untracked 
|  24|0x000000060f000000, 0x000000060f000000, 0x000000060f400000|  0%| F|  |TAMS 0x000000060f000000, 0x000000060f000000| Untracked 
|  25|0x000000060f400000, 0x000000060f400000, 0x000000060f800000|  0%| F|  |TAMS 0x000000060f400000, 0x000000060f400000| Untracked 
|  26|0x000000060f800000, 0x000000060f800000, 0x000000060fc00000|  0%| F|  |TAMS 0x000000060f800000, 0x000000060f800000| Untracked 
|  27|0x000000060fc00000, 0x000000060fc00000, 0x0000000610000000|  0%| F|  |TAMS 0x000000060fc00000, 0x000000060fc00000| Untracked 
|  28|0x0000000610000000, 0x0000000610000000, 0x0000000610400000|  0%| F|  |TAMS 0x0000000610000000, 0x0000000610000000| Untracked 
|  29|0x0000000610400000, 0x0000000610400000, 0x0000000610800000|  0%| F|  |TAMS 0x0000000610400000, 0x0000000610400000| Untracked 
|  30|0x0000000610800000, 0x0000000610800000, 0x0000000610c00000|  0%| F|  |TAMS 0x0000000610800000, 0x0000000610800000| Untracked 
|  31|0x0000000610c00000, 0x0000000610c00000, 0x0000000611000000|  0%| F|  |TAMS 0x0000000610c00000, 0x0000000610c00000| Untracked 
|  32|0x0000000611000000, 0x0000000611000000, 0x0000000611400000|  0%| F|  |TAMS 0x0000000611000000, 0x0000000611000000| Untracked 
|  33|0x0000000611400000, 0x0000000611400000, 0x0000000611800000|  0%| F|  |TAMS 0x0000000611400000, 0x0000000611400000| Untracked 
|  34|0x0000000611800000, 0x0000000611800000, 0x0000000611c00000|  0%| F|  |TAMS 0x0000000611800000, 0x0000000611800000| Untracked 
|  35|0x0000000611c00000, 0x0000000611c00000, 0x0000000612000000|  0%| F|  |TAMS 0x0000000611c00000, 0x0000000611c00000| Untracked 
|  36|0x0000000612000000, 0x0000000612000000, 0x0000000612400000|  0%| F|  |TAMS 0x0000000612000000, 0x0000000612000000| Untracked 
|  37|0x0000000612400000, 0x0000000612400000, 0x0000000612800000|  0%| F|  |TAMS 0x0000000612400000, 0x0000000612400000| Untracked 
|  38|0x0000000612800000, 0x0000000612800000, 0x0000000612c00000|  0%| F|  |TAMS 0x0000000612800000, 0x0000000612800000| Untracked 
|  39|0x0000000612c00000, 0x0000000612c00000, 0x0000000613000000|  0%| F|  |TAMS 0x0000000612c00000, 0x0000000612c00000| Untracked 
|  40|0x0000000613000000, 0x0000000613000000, 0x0000000613400000|  0%| F|  |TAMS 0x0000000613000000, 0x0000000613000000| Untracked 
|  41|0x0000000613400000, 0x0000000613400000, 0x0000000613800000|  0%| F|  |TAMS 0x0000000613400000, 0x0000000613400000| Untracked 
|  42|0x0000000613800000, 0x0000000613800000, 0x0000000613c00000|  0%| F|  |TAMS 0x0000000613800000, 0x0000000613800000| Untracked 
|  43|0x0000000613c00000, 0x0000000613c00000, 0x0000000614000000|  0%| F|  |TAMS 0x0000000613c00000, 0x0000000613c00000| Untracked 
|  44|0x0000000614000000, 0x0000000614000000, 0x0000000614400000|  0%| F|  |TAMS 0x0000000614000000, 0x0000000614000000| Untracked 
|  45|0x0000000614400000, 0x0000000614400000, 0x0000000614800000|  0%| F|  |TAMS 0x0000000614400000, 0x0000000614400000| Untracked 
|  46|0x0000000614800000, 0x0000000614800000, 0x0000000614c00000|  0%| F|  |TAMS 0x0000000614800000, 0x0000000614800000| Untracked 
|  47|0x0000000614c00000, 0x0000000614c00000, 0x0000000615000000|  0%| F|  |TAMS 0x0000000614c00000, 0x0000000614c00000| Untracked 
|  48|0x0000000615000000, 0x0000000615000000, 0x0000000615400000|  0%| F|  |TAMS 0x0000000615000000, 0x0000000615000000| Untracked 
|  49|0x0000000615400000, 0x0000000615400000, 0x0000000615800000|  0%| F|  |TAMS 0x0000000615400000, 0x0000000615400000| Untracked 
|  50|0x0000000615800000, 0x0000000615800000, 0x0000000615c00000|  0%| F|  |TAMS 0x0000000615800000, 0x0000000615800000| Untracked 
|  51|0x0000000615c00000, 0x0000000615c00000, 0x0000000616000000|  0%| F|  |TAMS 0x0000000615c00000, 0x0000000615c00000| Untracked 
|  52|0x0000000616000000, 0x0000000616000000, 0x0000000616400000|  0%| F|  |TAMS 0x0000000616000000, 0x0000000616000000| Untracked 
|  53|0x0000000616400000, 0x0000000616400000, 0x0000000616800000|  0%| F|  |TAMS 0x0000000616400000, 0x0000000616400000| Untracked 
|  54|0x0000000616800000, 0x0000000616800000, 0x0000000616c00000|  0%| F|  |TAMS 0x0000000616800000, 0x0000000616800000| Untracked 
|  55|0x0000000616c00000, 0x0000000616c00000, 0x0000000617000000|  0%| F|  |TAMS 0x0000000616c00000, 0x0000000616c00000| Untracked 
|  56|0x0000000617000000, 0x0000000617000000, 0x0000000617400000|  0%| F|  |TAMS 0x0000000617000000, 0x0000000617000000| Untracked 
|  57|0x0000000617400000, 0x0000000617400000, 0x0000000617800000|  0%| F|  |TAMS 0x0000000617400000, 0x0000000617400000| Untracked 
|  58|0x0000000617800000, 0x0000000617800000, 0x0000000617c00000|  0%| F|  |TAMS 0x0000000617800000, 0x0000000617800000| Untracked 
|  59|0x0000000617c00000, 0x0000000617c00000, 0x0000000618000000|  0%| F|  |TAMS 0x0000000617c00000, 0x0000000617c00000| Untracked 
|  60|0x0000000618000000, 0x0000000618000000, 0x0000000618400000|  0%| F|  |TAMS 0x0000000618000000, 0x0000000618000000| Untracked 
|  61|0x0000000618400000, 0x0000000618400000, 0x0000000618800000|  0%| F|  |TAMS 0x0000000618400000, 0x0000000618400000| Untracked 
|  62|0x0000000618800000, 0x0000000618800000, 0x0000000618c00000|  0%| F|  |TAMS 0x0000000618800000, 0x0000000618800000| Untracked 
|  63|0x0000000618c00000, 0x0000000618c00000, 0x0000000619000000|  0%| F|  |TAMS 0x0000000618c00000, 0x0000000618c00000| Untracked 
|  64|0x0000000619000000, 0x0000000619000000, 0x0000000619400000|  0%| F|  |TAMS 0x0000000619000000, 0x0000000619000000| Untracked 
|  65|0x0000000619400000, 0x0000000619400000, 0x0000000619800000|  0%| F|  |TAMS 0x0000000619400000, 0x0000000619400000| Untracked 
|  66|0x0000000619800000, 0x0000000619800000, 0x0000000619c00000|  0%| F|  |TAMS 0x0000000619800000, 0x0000000619800000| Untracked 
|  67|0x0000000619c00000, 0x0000000619c00000, 0x000000061a000000|  0%| F|  |TAMS 0x0000000619c00000, 0x0000000619c00000| Untracked 
|  68|0x000000061a000000, 0x000000061a000000, 0x000000061a400000|  0%| F|  |TAMS 0x000000061a000000, 0x000000061a000000| Untracked 
|  69|0x000000061a400000, 0x000000061a400000, 0x000000061a800000|  0%| F|  |TAMS 0x000000061a400000, 0x000000061a400000| Untracked 
|  70|0x000000061a800000, 0x000000061a800000, 0x000000061ac00000|  0%| F|  |TAMS 0x000000061a800000, 0x000000061a800000| Untracked 
|  71|0x000000061ac00000, 0x000000061ac00000, 0x000000061b000000|  0%| F|  |TAMS 0x000000061ac00000, 0x000000061ac00000| Untracked 
|  72|0x000000061b000000, 0x000000061b000000, 0x000000061b400000|  0%| F|  |TAMS 0x000000061b000000, 0x000000061b000000| Untracked 
|  73|0x000000061b400000, 0x000000061b400000, 0x000000061b800000|  0%| F|  |TAMS 0x000000061b400000, 0x000000061b400000| Untracked 
|  74|0x000000061b800000, 0x000000061b800000, 0x000000061bc00000|  0%| F|  |TAMS 0x000000061b800000, 0x000000061b800000| Untracked 
|  75|0x000000061bc00000, 0x000000061bc00000, 0x000000061c000000|  0%| F|  |TAMS 0x000000061bc00000, 0x000000061bc00000| Untracked 
|  76|0x000000061c000000, 0x000000061c000000, 0x000000061c400000|  0%| F|  |TAMS 0x000000061c000000, 0x000000061c000000| Untracked 
|  77|0x000000061c400000, 0x000000061c400000, 0x000000061c800000|  0%| F|  |TAMS 0x000000061c400000, 0x000000061c400000| Untracked 
|  78|0x000000061c800000, 0x000000061c800000, 0x000000061cc00000|  0%| F|  |TAMS 0x000000061c800000, 0x000000061c800000| Untracked 
|  79|0x000000061cc00000, 0x000000061cc00000, 0x000000061d000000|  0%| F|  |TAMS 0x000000061cc00000, 0x000000061cc00000| Untracked 
|  80|0x000000061d000000, 0x000000061d000000, 0x000000061d400000|  0%| F|  |TAMS 0x000000061d000000, 0x000000061d000000| Untracked 
|  81|0x000000061d400000, 0x000000061d400000, 0x000000061d800000|  0%| F|  |TAMS 0x000000061d400000, 0x000000061d400000| Untracked 
|  82|0x000000061d800000, 0x000000061d800000, 0x000000061dc00000|  0%| F|  |TAMS 0x000000061d800000, 0x000000061d800000| Untracked 
|  83|0x000000061dc00000, 0x000000061dc00000, 0x000000061e000000|  0%| F|  |TAMS 0x000000061dc00000, 0x000000061dc00000| Untracked 
|  84|0x000000061e000000, 0x000000061e000000, 0x000000061e400000|  0%| F|  |TAMS 0x000000061e000000, 0x000000061e000000| Untracked 
|  85|0x000000061e400000, 0x000000061e400000, 0x000000061e800000|  0%| F|  |TAMS 0x000000061e400000, 0x000000061e400000| Untracked 
|  86|0x000000061e800000, 0x000000061e800000, 0x000000061ec00000|  0%| F|  |TAMS 0x000000061e800000, 0x000000061e800000| Untracked 
|  87|0x000000061ec00000, 0x000000061ec00000, 0x000000061f000000|  0%| F|  |TAMS 0x000000061ec00000, 0x000000061ec00000| Untracked 
|  88|0x000000061f000000, 0x000000061f000000, 0x000000061f400000|  0%| F|  |TAMS 0x000000061f000000, 0x000000061f000000| Untracked 
|  89|0x000000061f400000, 0x000000061f400000, 0x000000061f800000|  0%| F|  |TAMS 0x000000061f400000, 0x000000061f400000| Untracked 
|  90|0x000000061f800000, 0x000000061f800000, 0x000000061fc00000|  0%| F|  |TAMS 0x000000061f800000, 0x000000061f800000| Untracked 
|  91|0x000000061fc00000, 0x000000061fc00000, 0x0000000620000000|  0%| F|  |TAMS 0x000000061fc00000, 0x000000061fc00000| Untracked 
|  92|0x0000000620000000, 0x0000000620000000, 0x0000000620400000|  0%| F|  |TAMS 0x0000000620000000, 0x0000000620000000| Untracked 
|  93|0x0000000620400000, 0x0000000620400000, 0x0000000620800000|  0%| F|  |TAMS 0x0000000620400000, 0x0000000620400000| Untracked 
|  94|0x0000000620800000, 0x0000000620800000, 0x0000000620c00000|  0%| F|  |TAMS 0x0000000620800000, 0x0000000620800000| Untracked 
|  95|0x0000000620c00000, 0x0000000620c00000, 0x0000000621000000|  0%| F|  |TAMS 0x0000000620c00000, 0x0000000620c00000| Untracked 
|  96|0x0000000621000000, 0x0000000621000000, 0x0000000621400000|  0%| F|  |TAMS 0x0000000621000000, 0x0000000621000000| Untracked 
|  97|0x0000000621400000, 0x0000000621400000, 0x0000000621800000|  0%| F|  |TAMS 0x0000000621400000, 0x0000000621400000| Untracked 
|  98|0x0000000621800000, 0x0000000621800000, 0x0000000621c00000|  0%| F|  |TAMS 0x0000000621800000, 0x0000000621800000| Untracked 
|  99|0x0000000621c00000, 0x0000000621c00000, 0x0000000622000000|  0%| F|  |TAMS 0x0000000621c00000, 0x0000000621c00000| Untracked 
| 100|0x0000000622000000, 0x0000000622000000, 0x0000000622400000|  0%| F|  |TAMS 0x0000000622000000, 0x0000000622000000| Untracked 
| 101|0x0000000622400000, 0x0000000622400000, 0x0000000622800000|  0%| F|  |TAMS 0x0000000622400000, 0x0000000622400000| Untracked 
| 102|0x0000000622800000, 0x0000000622800000, 0x0000000622c00000|  0%| F|  |TAMS 0x0000000622800000, 0x0000000622800000| Untracked 
| 103|0x0000000622c00000, 0x0000000622c00000, 0x0000000623000000|  0%| F|  |TAMS 0x0000000622c00000, 0x0000000622c00000| Untracked 
| 104|0x0000000623000000, 0x0000000623000000, 0x0000000623400000|  0%| F|  |TAMS 0x0000000623000000, 0x0000000623000000| Untracked 
| 105|0x0000000623400000, 0x0000000623400000, 0x0000000623800000|  0%| F|  |TAMS 0x0000000623400000, 0x0000000623400000| Untracked 
| 106|0x0000000623800000, 0x0000000623800000, 0x0000000623c00000|  0%| F|  |TAMS 0x0000000623800000, 0x0000000623800000| Untracked 
| 107|0x0000000623c00000, 0x0000000623c00000, 0x0000000624000000|  0%| F|  |TAMS 0x0000000623c00000, 0x0000000623c00000| Untracked 
| 108|0x0000000624000000, 0x0000000624000000, 0x0000000624400000|  0%| F|  |TAMS 0x0000000624000000, 0x0000000624000000| Untracked 
| 109|0x0000000624400000, 0x0000000624400000, 0x0000000624800000|  0%| F|  |TAMS 0x0000000624400000, 0x0000000624400000| Untracked 
| 110|0x0000000624800000, 0x0000000624800000, 0x0000000624c00000|  0%| F|  |TAMS 0x0000000624800000, 0x0000000624800000| Untracked 
| 111|0x0000000624c00000, 0x0000000624c00000, 0x0000000625000000|  0%| F|  |TAMS 0x0000000624c00000, 0x0000000624c00000| Untracked 
| 112|0x0000000625000000, 0x0000000625000000, 0x0000000625400000|  0%| F|  |TAMS 0x0000000625000000, 0x0000000625000000| Untracked 
| 113|0x0000000625400000, 0x0000000625400000, 0x0000000625800000|  0%| F|  |TAMS 0x0000000625400000, 0x0000000625400000| Untracked 
| 114|0x0000000625800000, 0x0000000625800000, 0x0000000625c00000|  0%| F|  |TAMS 0x0000000625800000, 0x0000000625800000| Untracked 
| 115|0x0000000625c00000, 0x0000000625c00000, 0x0000000626000000|  0%| F|  |TAMS 0x0000000625c00000, 0x0000000625c00000| Untracked 
| 116|0x0000000626000000, 0x0000000626000000, 0x0000000626400000|  0%| F|  |TAMS 0x0000000626000000, 0x0000000626000000| Untracked 
| 117|0x0000000626400000, 0x0000000626400000, 0x0000000626800000|  0%| F|  |TAMS 0x0000000626400000, 0x0000000626400000| Untracked 
| 118|0x0000000626800000, 0x0000000626800000, 0x0000000626c00000|  0%| F|  |TAMS 0x0000000626800000, 0x0000000626800000| Untracked 
| 119|0x0000000626c00000, 0x0000000626fb7728, 0x0000000627000000| 92%| S|CS|TAMS 0x0000000626c00000, 0x0000000626c00000| Complete 
| 120|0x0000000627000000, 0x0000000627000000, 0x0000000627400000|  0%| F|  |TAMS 0x0000000627000000, 0x0000000627000000| Untracked 
| 121|0x0000000627400000, 0x0000000627400000, 0x0000000627800000|  0%| F|  |TAMS 0x0000000627400000, 0x0000000627400000| Untracked 
| 122|0x0000000627800000, 0x0000000627b68718, 0x0000000627c00000| 85%| E|  |TAMS 0x0000000627800000, 0x0000000627800000| Complete 
| 123|0x0000000627c00000, 0x0000000628000000, 0x0000000628000000|100%| E|CS|TAMS 0x0000000627c00000, 0x0000000627c00000| Complete 
| 124|0x0000000628000000, 0x0000000628400000, 0x0000000628400000|100%| E|CS|TAMS 0x0000000628000000, 0x0000000628000000| Complete 
| 125|0x0000000628400000, 0x0000000628800000, 0x0000000628800000|100%| E|CS|TAMS 0x0000000628400000, 0x0000000628400000| Complete 

Card table byte_map: [0x00000221fbe90000,0x00000221fce50000] _byte_map_base: 0x00000221f8e48000

Marking Bits (Prev, Next): (CMBitMap*) 0x00000221e2091970, (CMBitMap*) 0x00000221e20919b0
 Prev Bits: [0x0000022180000000, 0x0000022187dc0000)
 Next Bits: [0x0000022187dc0000, 0x000002218fb80000)

Polling page: 0x00000221e20a0000

Metaspace:

Usage:
  Non-class:     10.73 MB used.
      Class:      1.19 MB used.
       Both:     11.93 MB used.

Virtual space:
  Non-class space:       64.00 MB reserved,      10.81 MB ( 17%) committed,  1 nodes.
      Class space:        1.00 GB reserved,       1.31 MB ( <1%) committed,  1 nodes.
             Both:        1.06 GB reserved,      12.12 MB (  1%) committed. 

Chunk freelists:
   Non-Class:  3.53 MB
       Class:  14.74 MB
        Both:  18.27 MB

MaxMetaspaceSize: unlimited
CompressedClassSpaceSize: 1.00 GB
Initial GC threshold: 21.00 MB
Current GC threshold: 21.00 MB
CDS: on
MetaspaceReclaimPolicy: balanced
 - commit_granule_bytes: 65536.
 - commit_granule_words: 8192.
 - virtual_space_node_default_size: 8388608.
 - enlarge_chunks_in_place: 1.
 - new_chunks_are_fully_committed: 0.
 - uncommit_free_chunks: 1.
 - use_allocation_guard: 0.
 - handle_deallocations: 1.


Internal statistics:

num_allocs_failed_limit: 0.
num_arena_births: 86.
num_arena_deaths: 0.
num_vsnodes_births: 2.
num_vsnodes_deaths: 0.
num_space_committed: 192.
num_space_uncommitted: 0.
num_chunks_returned_to_freelist: 0.
num_chunks_taken_from_freelist: 426.
num_chunk_merges: 0.
num_chunk_splits: 350.
num_chunks_enlarged: 313.
num_inconsistent_stats: 0.

CodeHeap 'non-profiled nmethods': size=120000Kb used=612Kb max_used=612Kb free=119387Kb
 bounds [0x00000221f2c10000, 0x00000221f2e80000, 0x00000221fa140000]
CodeHeap 'profiled nmethods': size=120000Kb used=2647Kb max_used=2647Kb free=117352Kb
 bounds [0x00000221eb140000, 0x00000221eb3e0000, 0x00000221f2670000]
CodeHeap 'non-nmethods': size=5760Kb used=1709Kb max_used=1733Kb free=4051Kb
 bounds [0x00000221f2670000, 0x00000221f28e0000, 0x00000221f2c10000]
 total_blobs=2712 nmethods=1542 adapters=1083
 compilation: enabled
              stopped_count=0, restarted_count=0
 full_count=0

Compilation events (20 events):
Event: 7.263 Thread 0x00000221fe0dd220 1533       3       com.badlogic.gdx.utils.IntArray::addAll (70 bytes)
Event: 7.263 Thread 0x00000221fe0dd220 nmethod 1533 0x00000221eb3d2c10 code [0x00000221eb3d2e00, 0x00000221eb3d3258]
Event: 7.289 Thread 0x00000221fe0dd220 1534       3       com.badlogic.gdx.backends.lwjgl3.DefaultLwjgl3Input::prepareNext (83 bytes)
Event: 7.289 Thread 0x00000221fe0dd220 nmethod 1534 0x00000221eb3d3410 code [0x00000221eb3d35c0, 0x00000221eb3d38d8]
Event: 7.296 Thread 0x00000221fe0dd220 1535       3       com.badlogic.gdx.backends.lwjgl3.Lwjgl3Graphics::update (112 bytes)
Event: 7.296 Thread 0x00000221fe0dd220 nmethod 1535 0x00000221eb3d3a10 code [0x00000221eb3d3be0, 0x00000221eb3d3e38]
Event: 7.322 Thread 0x00000221fe0dd220 1536       3       org.lwjgl.glfw.GLFW::glfwPollEvents (9 bytes)
Event: 7.322 Thread 0x00000221fe0dd220 nmethod 1536 0x00000221eb3d3f10 code [0x00000221eb3d40c0, 0x00000221eb3d41e8]
Event: 7.346 Thread 0x0000022191c0a060 1537       4       com.badlogic.gdx.math.Matrix4::det (444 bytes)
Event: 7.349 Thread 0x0000022191c0a060 nmethod 1537 0x00000221f2ca8710 code [0x00000221f2ca88a0, 0x00000221f2ca8b18]
Event: 7.539 Thread 0x00000221fe0dd220 1538       3       com.badlogic.gdx.physics.box2d.Contact::<init> (34 bytes)
Event: 7.539 Thread 0x00000221fe0dd220 nmethod 1538 0x00000221eb3d4290 code [0x00000221eb3d4460, 0x00000221eb3d4868]
Event: 7.539 Thread 0x00000221fe0dd220 1539       3       com.badlogic.gdx.physics.box2d.WorldManifold::<init> (51 bytes)
Event: 7.539 Thread 0x00000221fe0dd220 nmethod 1539 0x00000221eb3d4990 code [0x00000221eb3d4ba0, 0x00000221eb3d55f8]
Event: 7.554 Thread 0x00000221fe0dd220 1540       3       org.lwjgl.system.MemoryUtil::memAddress (13 bytes)
Event: 7.554 Thread 0x0000022191c0a060 1541       4       java.lang.ThreadLocal::getMap (5 bytes)
Event: 7.554 Thread 0x00000221fe0dd220 nmethod 1540 0x00000221eb3d5890 code [0x00000221eb3d5a40, 0x00000221eb3d5c68]
Event: 7.554 Thread 0x0000022191c0a060 nmethod 1541 0x00000221f2ca8c10 code [0x00000221f2ca8da0, 0x00000221f2ca8e38]
Event: 7.554 Thread 0x0000022191c0a060 1542       4       org.lwjgl.system.MemoryUtil::memAddress0 (11 bytes)
Event: 7.555 Thread 0x0000022191c0a060 nmethod 1542 0x00000221f2ca8f10 code [0x00000221f2ca9080, 0x00000221f2ca90d8]

GC Heap History (2 events):
Event: 1.481 GC heap before
{Heap before GC invocations=0 (full 0):
 garbage-first heap   total 516096K, used 24576K [0x0000000609000000, 0x0000000800000000)
  region size 4096K, 6 young (24576K), 0 survivors (0K)
 Metaspace       used 9112K, committed 9216K, reserved 1114112K
  class space    used 787K, committed 832K, reserved 1048576K
}
Event: 1.486 GC heap after
{Heap after GC invocations=1 (full 0):
 garbage-first heap   total 516096K, used 3805K [0x0000000609000000, 0x0000000800000000)
  region size 4096K, 1 young (4096K), 1 survivors (4096K)
 Metaspace       used 9112K, committed 9216K, reserved 1114112K
  class space    used 787K, committed 832K, reserved 1048576K
}

Dll operation events (14 events):
Event: 0.009 Loaded shared library C:\Users\ferch\.jdks\temurin-17.0.17\bin\java.dll
Event: 0.024 Loaded shared library C:\Users\ferch\.jdks\temurin-17.0.17\bin\jsvml.dll
Event: 0.061 Loaded shared library C:\Users\ferch\.jdks\temurin-17.0.17\bin\zip.dll
Event: 0.063 Loaded shared library C:\Users\ferch\.jdks\temurin-17.0.17\bin\instrument.dll
Event: 0.067 Loaded shared library C:\Users\ferch\.jdks\temurin-17.0.17\bin\net.dll
Event: 0.069 Loaded shared library C:\Users\ferch\.jdks\temurin-17.0.17\bin\nio.dll
Event: 0.073 Loaded shared library C:\Users\ferch\.jdks\temurin-17.0.17\bin\zip.dll
Event: 0.091 Loaded shared library C:\Users\ferch\.jdks\temurin-17.0.17\bin\extnet.dll
Event: 0.091 Loaded shared library C:\Users\ferch\.jdks\temurin-17.0.17\bin\jimage.dll
Event: 0.096 Loaded shared library C:\Users\ferch\AppData\Local\Temp\libgdxferch\4c3cbe99\gdx64.dll
Event: 0.147 Loaded shared library C:\Users\ferch\AppData\Local\Temp\lwjgl_ferch\3.3.3-snapshot\x64\lwjgl.dll
Event: 0.422 Loaded shared library C:\Users\ferch\AppData\Local\Temp\lwjgl_ferch\3.3.3-snapshot\x64\lwjgl_opengl.dll
Event: 0.563 Loaded shared library C:\Users\ferch\AppData\Local\Temp\libgdxferch\d0673c77\gdx-freetype64.dll
Event: 1.618 Loaded shared library C:\Users\ferch\AppData\Local\Temp\libgdxferch\e861a04e\gdx-box2d64.dll

Deoptimization events (20 events):
Event: 1.707 Thread 0x00000221e1fe9380 DEOPT PACKING pc=0x00000221f2c90cb4 sp=0x000000d929cfd800
Event: 1.707 Thread 0x00000221e1fe9380 DEOPT UNPACKING pc=0x00000221f26c69a3 sp=0x000000d929cfd788 mode 2
Event: 1.707 Thread 0x00000221e1fe9380 Uncommon trap: trap_request=0xffffffde fr.pc=0x00000221f2c90cb4 relative=0x0000000000000114
Event: 1.707 Thread 0x00000221e1fe9380 Uncommon trap: reason=class_check action=maybe_recompile pc=0x00000221f2c90cb4 method=jdk.internal.misc.Unsafe.allocateUninitializedArray(Ljava/lang/Class;I)Ljava/lang/Object; @ 51 c2
Event: 1.707 Thread 0x00000221e1fe9380 DEOPT PACKING pc=0x00000221f2c90cb4 sp=0x000000d929cfdbd0
Event: 1.707 Thread 0x00000221e1fe9380 DEOPT UNPACKING pc=0x00000221f26c69a3 sp=0x000000d929cfdb58 mode 2
Event: 1.717 Thread 0x00000221e1fe9380 Uncommon trap: trap_request=0xffffffde fr.pc=0x00000221f2c90cb4 relative=0x0000000000000114
Event: 1.717 Thread 0x00000221e1fe9380 Uncommon trap: reason=class_check action=maybe_recompile pc=0x00000221f2c90cb4 method=jdk.internal.misc.Unsafe.allocateUninitializedArray(Ljava/lang/Class;I)Ljava/lang/Object; @ 51 c2
Event: 1.717 Thread 0x00000221e1fe9380 DEOPT PACKING pc=0x00000221f2c90cb4 sp=0x000000d929cfdb60
Event: 1.717 Thread 0x00000221e1fe9380 DEOPT UNPACKING pc=0x00000221f26c69a3 sp=0x000000d929cfdae8 mode 2
Event: 1.721 Thread 0x00000221e1fe9380 Uncommon trap: trap_request=0xffffff5c fr.pc=0x00000221f2c3ca04 relative=0x0000000000000064
Event: 1.721 Thread 0x00000221e1fe9380 Uncommon trap: reason=speculate_null_check action=make_not_entrant pc=0x00000221f2c3ca04 method=jdk.internal.misc.Unsafe.getIntUnaligned(Ljava/lang/Object;JZ)I @ 5 c2
Event: 1.721 Thread 0x00000221e1fe9380 DEOPT PACKING pc=0x00000221f2c3ca04 sp=0x000000d929cfe3f0
Event: 1.721 Thread 0x00000221e1fe9380 DEOPT UNPACKING pc=0x00000221f26c69a3 sp=0x000000d929cfe370 mode 2
Event: 1.813 Thread 0x00000221e1fe9380 Uncommon trap: trap_request=0xffffff45 fr.pc=0x00000221f2c9927c relative=0x000000000000005c
Event: 1.813 Thread 0x00000221e1fe9380 Uncommon trap: reason=unstable_if action=reinterpret pc=0x00000221f2c9927c method=jdk.internal.misc.Unsafe.convEndian(ZI)I @ 4 c2
Event: 1.813 Thread 0x00000221e1fe9380 DEOPT PACKING pc=0x00000221f2c9927c sp=0x000000d929cfe3f0
Event: 1.813 Thread 0x00000221e1fe9380 DEOPT UNPACKING pc=0x00000221f26c69a3 sp=0x000000d929cfe320 mode 2
Event: 2.230 Thread 0x00000221e1fe9380 DEOPT PACKING pc=0x00000221eb39e975 sp=0x000000d929cfe570
Event: 2.230 Thread 0x00000221e1fe9380 DEOPT UNPACKING pc=0x00000221f26c7143 sp=0x000000d929cfd998 mode 0

Classes loaded (20 events):
Event: 1.599 Loading class java/util/concurrent/locks/AbstractQueuedSynchronizer$ConditionNode
Event: 1.599 Loading class java/util/concurrent/locks/AbstractQueuedSynchronizer$Node
Event: 1.599 Loading class java/util/concurrent/locks/AbstractQueuedSynchronizer$Node done
Event: 1.599 Loading class java/util/concurrent/locks/AbstractQueuedSynchronizer$ConditionNode done
Event: 1.603 Loading class jdk/internal/math/FDBigInteger
Event: 1.603 Loading class jdk/internal/math/FDBigInteger done
Event: 1.604 Loading class java/util/concurrent/locks/AbstractQueuedSynchronizer$ExclusiveNode
Event: 1.604 Loading class java/util/concurrent/locks/AbstractQueuedSynchronizer$ExclusiveNode done
Event: 1.615 Loading class java/lang/AssertionError
Event: 1.615 Loading class java/lang/AssertionError done
Event: 1.618 Loading class java/util/Vector
Event: 1.619 Loading class java/util/Vector done
Event: 1.680 Loading class java/math/MathContext
Event: 1.680 Loading class java/math/MathContext done
Event: 1.706 Loading class java/util/ConcurrentModificationException
Event: 1.706 Loading class java/util/ConcurrentModificationException done
Event: 1.706 Loading class java/lang/InheritableThreadLocal
Event: 1.706 Loading class java/lang/InheritableThreadLocal done
Event: 1.721 Loading class java/util/Vector$Itr
Event: 1.721 Loading class java/util/Vector$Itr done

Classes unloaded (0 events):
No events

Classes redefined (0 events):
No events

Internal exceptions (20 events):
Event: 0.181 Thread 0x00000221e1fe9380 Exception <a 'java/lang/NoSuchMethodError'{0x0000000628319138}: 'int java.lang.invoke.DirectMethodHandle$Holder.invokeStaticInit(java.lang.Object, java.lang.Object, long, long)'> (0x0000000628319138) 
thrown [s\src\hotspot\share\interpreter\linkResolver.cpp, line 759]
Event: 0.181 Thread 0x00000221e1fe9380 Exception <a 'java/lang/NoSuchMethodError'{0x000000062831f248}: 'java.lang.Object java.lang.invoke.DirectMethodHandle$Holder.newInvokeSpecial(java.lang.Object, java.lang.Object, long)'> (0x000000062831f248) 
thrown [s\src\hotspot\share\interpreter\linkResolver.cpp, line 759]
Event: 0.181 Thread 0x00000221e1fe9380 Exception <a 'java/lang/NoSuchMethodError'{0x0000000628323290}: 'java.lang.Object java.lang.invoke.Invokers$Holder.linkToTargetMethod(java.lang.Object, long, java.lang.Object)'> (0x0000000628323290) 
thrown [s\src\hotspot\share\interpreter\linkResolver.cpp, line 759]
Event: 0.182 Thread 0x00000221e1fe9380 Exception <a 'java/lang/NoSuchMethodError'{0x000000062832a9a8}: 'int java.lang.invoke.DirectMethodHandle$Holder.invokeStaticInit(java.lang.Object, java.lang.Object, java.lang.Object, long)'> (0x000000062832a9a8) 
thrown [s\src\hotspot\share\interpreter\linkResolver.cpp, line 759]
Event: 0.193 Thread 0x00000221e1fe9380 Exception <a 'sun/nio/fs/WindowsException'{0x0000000628383870}> (0x0000000628383870) 
thrown [s\src\hotspot\share\prims\jni.cpp, line 516]
Event: 0.193 Thread 0x00000221e1fe9380 Exception <a 'sun/nio/fs/WindowsException'{0x0000000628383c30}> (0x0000000628383c30) 
thrown [s\src\hotspot\share\prims\jni.cpp, line 516]
Event: 0.211 Thread 0x00000221e1fe9380 Exception <a 'sun/nio/fs/WindowsException'{0x0000000627c15480}> (0x0000000627c15480) 
thrown [s\src\hotspot\share\prims\jni.cpp, line 516]
Event: 0.211 Thread 0x00000221e1fe9380 Exception <a 'sun/nio/fs/WindowsException'{0x0000000627c15810}> (0x0000000627c15810) 
thrown [s\src\hotspot\share\prims\jni.cpp, line 516]
Event: 0.252 Thread 0x00000221e1fe9380 Exception <a 'sun/nio/fs/WindowsException'{0x0000000627ca2ed0}> (0x0000000627ca2ed0) 
thrown [s\src\hotspot\share\prims\jni.cpp, line 516]
Event: 0.252 Thread 0x00000221e1fe9380 Exception <a 'sun/nio/fs/WindowsException'{0x0000000627ca3278}> (0x0000000627ca3278) 
thrown [s\src\hotspot\share\prims\jni.cpp, line 516]
Event: 0.305 Thread 0x00000221e1fe9380 Exception <a 'java/lang/NoSuchMethodError'{0x0000000627cd29d0}: 'java.lang.Object java.lang.invoke.DirectMethodHandle$Holder.newInvokeSpecial(java.lang.Object, long)'> (0x0000000627cd29d0) 
thrown [s\src\hotspot\share\interpreter\linkResolver.cpp, line 759]
Event: 0.413 Thread 0x00000221e1fe9380 Exception <a 'java/lang/NoSuchMethodError'{0x0000000627e7b218}: 'void java.lang.invoke.DirectMethodHandle$Holder.invokeStatic(java.lang.Object, long)'> (0x0000000627e7b218) 
thrown [s\src\hotspot\share\interpreter\linkResolver.cpp, line 759]
Event: 0.421 Thread 0x00000221e1fe9380 Exception <a 'sun/nio/fs/WindowsException'{0x0000000627ea2498}> (0x0000000627ea2498) 
thrown [s\src\hotspot\share\prims\jni.cpp, line 516]
Event: 0.421 Thread 0x00000221e1fe9380 Exception <a 'sun/nio/fs/WindowsException'{0x0000000627ea2858}> (0x0000000627ea2858) 
thrown [s\src\hotspot\share\prims\jni.cpp, line 516]
Event: 0.423 Thread 0x00000221e1fe9380 Exception <a 'sun/nio/fs/WindowsException'{0x0000000627eaa0a0}> (0x0000000627eaa0a0) 
thrown [s\src\hotspot\share\prims\jni.cpp, line 516]
Event: 0.423 Thread 0x00000221e1fe9380 Exception <a 'sun/nio/fs/WindowsException'{0x0000000627eaa3a0}> (0x0000000627eaa3a0) 
thrown [s\src\hotspot\share\prims\jni.cpp, line 516]
Event: 0.564 Thread 0x00000221e1fe9380 Exception <a 'java/io/FileNotFoundException'{0x0000000627aecce8}> (0x0000000627aecce8) 
thrown [s\src\hotspot\share\prims\jni.cpp, line 516]
Event: 1.573 Thread 0x00000221e1fe9380 Exception <a 'java/io/FileNotFoundException'{0x000000062848cc90}> (0x000000062848cc90) 
thrown [s\src\hotspot\share\prims\jni.cpp, line 516]
Event: 1.679 Thread 0x00000221e1fe9380 Exception <a 'java/lang/NoSuchMethodError'{0x0000000627df3410}: 'java.lang.Object java.lang.invoke.Invokers$Holder.invokeExact_MT(java.lang.Object, java.lang.Object, java.lang.Object, java.lang.Object, java.lang.Object, java.lang.Object)'> (0x0000000627df3410) 
thrown [s\src\hotspot\share\interpreter\linkResolver.cpp, line 759]
Event: 7.554 Thread 0x00000221d959f7d0 Exception <a 'java/lang/InterruptedException'{0x0000000627b2b9d8}: sleep interrupted> (0x0000000627b2b9d8) 
thrown [s\src\hotspot\share\prims\jvm.cpp, line 3064]

VM Operations (20 events):
Event: 0.054 Executing VM operation: HandshakeAllThreads
Event: 0.054 Executing VM operation: HandshakeAllThreads done
Event: 0.084 Executing VM operation: HandshakeAllThreads
Event: 0.084 Executing VM operation: HandshakeAllThreads done
Event: 0.570 Executing VM operation: HandshakeAllThreads
Event: 0.570 Executing VM operation: HandshakeAllThreads done
Event: 1.480 Executing VM operation: G1CollectForAllocation
Event: 1.486 Executing VM operation: G1CollectForAllocation done
Event: 1.704 Executing VM operation: HandshakeAllThreads
Event: 1.704 Executing VM operation: HandshakeAllThreads done
Event: 1.707 Executing VM operation: HandshakeAllThreads
Event: 1.707 Executing VM operation: HandshakeAllThreads done
Event: 1.719 Executing VM operation: HandshakeAllThreads
Event: 1.719 Executing VM operation: HandshakeAllThreads done
Event: 2.721 Executing VM operation: Cleanup
Event: 2.721 Executing VM operation: Cleanup done
Event: 5.721 Executing VM operation: Cleanup
Event: 5.721 Executing VM operation: Cleanup done
Event: 6.722 Executing VM operation: Cleanup
Event: 6.722 Executing VM operation: Cleanup done

Memory protections (0 events):
No events

Nmethod flushes (0 events):
No events

Events (20 events):
Event: 0.034 Thread 0x00000221e1fe9380 Thread added: 0x00000221fe0d91d0
Event: 0.034 Thread 0x00000221e1fe9380 Thread added: 0x00000221fe0d9b90
Event: 0.034 Thread 0x00000221e1fe9380 Thread added: 0x00000221fe0dab60
Event: 0.034 Thread 0x00000221e1fe9380 Thread added: 0x00000221fe0db520
Event: 0.034 Thread 0x00000221e1fe9380 Thread added: 0x0000022191c0a060
Event: 0.034 Thread 0x00000221e1fe9380 Thread added: 0x00000221fe0dd220
Event: 0.034 Thread 0x00000221e1fe9380 Thread added: 0x0000022191c16a30
Event: 0.049 Thread 0x00000221e1fe9380 Thread added: 0x0000022191c008a0
Event: 0.082 Thread 0x00000221e1fe9380 Thread added: 0x0000022191de3660
Event: 0.082 Thread 0x00000221e1fe9380 Thread added: 0x0000022191de3b40
Event: 0.311 Thread 0x00000221e1fe9380 Thread added: 0x00000221d778ec60
Event: 0.666 Thread 0x00000221e1fe9380 Thread added: 0x00000221d94dfb10
Event: 1.463 Thread 0x00000221e1fe9380 Thread added: 0x00000221d959f7d0
Event: 1.588 Thread 0x00000221e1fe9380 Thread added: 0x00000221d9b0a590
Event: 1.595 Thread 0x0000022191c0a060 Thread added: 0x00000221d9b0fcf0
Event: 1.611 Thread 0x00000221fe0dd220 Thread added: 0x00000221d9ba6940
Event: 1.730 Thread 0x00000221e1fe9380 Thread added: 0x00000222008405b0
Event: 1.930 Thread 0x00000221d9ba6940 Thread exited: 0x00000221d9ba6940
Event: 1.947 Thread 0x00000221d9b0fcf0 Thread exited: 0x00000221d9b0fcf0
Event: 7.554 Thread 0x00000221d959f7d0 Thread exited: 0x00000221d959f7d0


Dynamic libraries:
0x00007ff7aeaa0000 - 0x00007ff7aeaae000 	C:\Users\ferch\.jdks\temurin-17.0.17\bin\java.exe
0x00007ff9d7c20000 - 0x00007ff9d7e87000 	C:\Windows\SYSTEM32\ntdll.dll
0x00007ff9d6330000 - 0x00007ff9d63f9000 	C:\Windows\System32\KERNEL32.DLL
0x00007ff9d4d10000 - 0x00007ff9d5104000 	C:\Windows\System32\KERNELBASE.dll
0x00007ff9d4920000 - 0x00007ff9d4a6b000 	C:\Windows\System32\ucrtbase.dll
0x00007ff9b86d0000 - 0x00007ff9b86ee000 	C:\Users\ferch\.jdks\temurin-17.0.17\bin\VCRUNTIME140.dll
0x00007ff9b85d0000 - 0x00007ff9b85e8000 	C:\Users\ferch\.jdks\temurin-17.0.17\bin\jli.dll
0x00007ff9d6400000 - 0x00007ff9d65c5000 	C:\Windows\System32\USER32.dll
0x00007ff9d5110000 - 0x00007ff9d5137000 	C:\Windows\System32\win32u.dll
0x00007ff9ba260000 - 0x00007ff9ba4f3000 	C:\Windows\WinSxS\amd64_microsoft.windows.common-controls_6595b64144ccf1df_6.0.26100.8115_none_3e075c82e3354f9c\COMCTL32.dll
0x00007ff9d5b20000 - 0x00007ff9d5b4b000 	C:\Windows\System32\GDI32.dll
0x00007ff9d5a70000 - 0x00007ff9d5b19000 	C:\Windows\System32\msvcrt.dll
0x00007ff9d4b30000 - 0x00007ff9d4c5b000 	C:\Windows\System32\gdi32full.dll
0x00007ff9d4870000 - 0x00007ff9d4913000 	C:\Windows\System32\msvcp_win.dll
0x00007ff9d66d0000 - 0x00007ff9d6702000 	C:\Windows\System32\IMM32.DLL
0x00007ff9cf620000 - 0x00007ff9cf62c000 	C:\Users\ferch\.jdks\temurin-17.0.17\bin\vcruntime140_1.dll
0x00007ff99ca50000 - 0x00007ff99cadd000 	C:\Users\ferch\.jdks\temurin-17.0.17\bin\msvcp140.dll
0x00007ff8e7cf0000 - 0x00007ff8e895b000 	C:\Users\ferch\.jdks\temurin-17.0.17\bin\server\jvm.dll
0x00007ff9d59b0000 - 0x00007ff9d5a66000 	C:\Windows\System32\ADVAPI32.dll
0x00007ff9d7160000 - 0x00007ff9d7207000 	C:\Windows\System32\sechost.dll
0x00007ff9d5c40000 - 0x00007ff9d5d58000 	C:\Windows\System32\RPCRT4.dll
0x00007ff9d5bb0000 - 0x00007ff9d5c30000 	C:\Windows\System32\WS2_32.dll
0x00007ff9d4350000 - 0x00007ff9d43ae000 	C:\Windows\SYSTEM32\POWRPROF.dll
0x00007ff9ba520000 - 0x00007ff9ba556000 	C:\Windows\SYSTEM32\WINMM.dll
0x00007ff9bbcc0000 - 0x00007ff9bbccb000 	C:\Windows\SYSTEM32\VERSION.dll
0x00007ff9d4330000 - 0x00007ff9d4344000 	C:\Windows\SYSTEM32\UMPDC.dll
0x00007ff9d3240000 - 0x00007ff9d325b000 	C:\Windows\SYSTEM32\kernel.appcore.dll
0x00007ff9b94f0000 - 0x00007ff9b94fa000 	C:\Users\ferch\.jdks\temurin-17.0.17\bin\jimage.dll
0x00007ff9d1f20000 - 0x00007ff9d2162000 	C:\Windows\SYSTEM32\DBGHELP.DLL
0x00007ff9d6dd0000 - 0x00007ff9d7152000 	C:\Windows\System32\combase.dll
0x00007ff9d6880000 - 0x00007ff9d6958000 	C:\Windows\System32\OLEAUT32.dll
0x00007ff9a3470000 - 0x00007ff9a34ab000 	C:\Windows\SYSTEM32\dbgcore.DLL
0x00007ff9d4c60000 - 0x00007ff9d4d05000 	C:\Windows\System32\bcryptPrimitives.dll
0x00007ff9cf670000 - 0x00007ff9cf67e000 	C:\Users\ferch\.jdks\temurin-17.0.17\bin\instrument.dll
0x00007ff9aca90000 - 0x00007ff9acab5000 	C:\Users\ferch\.jdks\temurin-17.0.17\bin\java.dll
0x00007ff98a790000 - 0x00007ff98a867000 	C:\Users\ferch\.jdks\temurin-17.0.17\bin\jsvml.dll
0x00007ff9d7470000 - 0x00007ff9d7bd7000 	C:\Windows\System32\SHELL32.dll
0x00007ff9d44f0000 - 0x00007ff9d465a000 	C:\Windows\System32\wintypes.dll
0x00007ff9d5140000 - 0x00007ff9d59a8000 	C:\Windows\System32\windows.storage.dll
0x00007ff9d6a80000 - 0x00007ff9d6b78000 	C:\Windows\System32\SHCORE.dll
0x00007ff9d7210000 - 0x00007ff9d7276000 	C:\Windows\System32\shlwapi.dll
0x00007ff9d4410000 - 0x00007ff9d4439000 	C:\Windows\SYSTEM32\profapi.dll
0x00007ff9b7ea0000 - 0x00007ff9b7eb8000 	C:\Users\ferch\.jdks\temurin-17.0.17\bin\zip.dll
0x00007ff9b8530000 - 0x00007ff9b854a000 	C:\Users\ferch\.jdks\temurin-17.0.17\bin\net.dll
0x00007ff9cec90000 - 0x00007ff9cedbd000 	C:\Windows\SYSTEM32\WINHTTP.dll
0x00007ff9d3790000 - 0x00007ff9d37fc000 	C:\Windows\system32\mswsock.dll
0x00007ff9b8050000 - 0x00007ff9b8066000 	C:\Users\ferch\.jdks\temurin-17.0.17\bin\nio.dll
0x00007ff9b8b80000 - 0x00007ff9b8b89000 	C:\Users\ferch\.jdks\temurin-17.0.17\bin\extnet.dll
0x00007ff9acc80000 - 0x00007ff9acca7000 	C:\Users\ferch\AppData\Local\Temp\libgdxferch\4c3cbe99\gdx64.dll
0x00007ff9a1c20000 - 0x00007ff9a1c9b000 	C:\Users\ferch\AppData\Local\Temp\lwjgl_ferch\3.3.3-snapshot\x64\lwjgl.dll
0x00007ff967ff0000 - 0x00007ff968260000 	C:\Users\ferch\AppData\Local\Temp\lwjgl_ferch\3.3.3-snapshot\x64\jemalloc.dll
0x00007ff9a0570000 - 0x00007ff9a05f2000 	C:\Users\ferch\AppData\Local\Temp\lwjgl_ferch\3.3.3-snapshot\x64\glfw.dll
0x00007ff984c00000 - 0x00007ff984c4b000 	C:\Windows\SYSTEM32\dinput8.dll
0x00007ff986040000 - 0x00007ff98605e000 	C:\Windows\SYSTEM32\xinput1_4.dll
0x00007ff9d4060000 - 0x00007ff9d40b1000 	C:\Windows\SYSTEM32\cfgmgr32.dll
0x00007ff9d4030000 - 0x00007ff9d405d000 	C:\Windows\SYSTEM32\DEVOBJ.dll
0x00007ff9d1b80000 - 0x00007ff9d1baf000 	C:\Windows\SYSTEM32\dwmapi.dll
0x00007ff9b79c0000 - 0x00007ff9b7ba3000 	C:\Windows\SYSTEM32\inputhost.dll
0x00007ff9d1280000 - 0x00007ff9d13a7000 	C:\Windows\SYSTEM32\CoreMessaging.dll
0x00007ff9d1870000 - 0x00007ff9d1919000 	C:\Windows\system32\uxtheme.dll
0x00007ff9d39f0000 - 0x00007ff9d39fc000 	C:\Windows\SYSTEM32\CRYPTBASE.DLL
0x00007ff9d6710000 - 0x00007ff9d686c000 	C:\Windows\System32\MSCTF.dll
0x00007ff967e20000 - 0x00007ff967fe7000 	C:\Users\ferch\AppData\Local\Temp\lwjgl_ferch\3.3.3-snapshot\x64\OpenAL.dll
0x00007ff9d6c00000 - 0x00007ff9d6d97000 	C:\Windows\System32\ole32.dll
0x00007ff9d6270000 - 0x00007ff9d631e000 	C:\Windows\System32\clbcatq.dll
0x00007ff9baa40000 - 0x00007ff9baad7000 	C:\Windows\System32\MMDevApi.dll
0x00007ff9bb640000 - 0x00007ff9bb7f2000 	C:\Windows\SYSTEM32\AUDIOSES.DLL
0x00007ff9d25a0000 - 0x00007ff9d25b4000 	C:\Windows\SYSTEM32\resourcepolicyclient.dll
0x00007ff96efe0000 - 0x00007ff96f0ef000 	C:\Windows\SYSTEM32\opengl32.dll
0x00007ff9b90f0000 - 0x00007ff9b911d000 	C:\Windows\SYSTEM32\GLU32.dll
0x00007ff9d1de0000 - 0x00007ff9d1e23000 	C:\Windows\SYSTEM32\dxcore.dll
0x00007ff9cee10000 - 0x00007ff9cee71000 	C:\Windows\SYSTEM32\directxdatabasehelper.dll
0x00007ff9bbb90000 - 0x00007ff9bbbad000 	C:\Windows\SYSTEM32\windows.staterepositorycore.dll
0x00007ff920310000 - 0x00007ff921822000 	C:\Windows\System32\DriverStore\FileRepository\iigd_dch.inf_amd64_341b0ed10e7d04b2\igxelpgicd64.dll
0x00007ff99b1f0000 - 0x00007ff99b213000 	C:\Windows\SYSTEM32\d3d12.dll
0x00007ff9d19c0000 - 0x00007ff9d1b01000 	C:\Windows\SYSTEM32\dxgi.dll
0x00007ff9bd3f0000 - 0x00007ff9bd58b000 	C:\Windows\System32\DriverStore\FileRepository\iigd_dch.inf_amd64_341b0ed10e7d04b2\igdml64.dll
0x00007ff9bdbb0000 - 0x00007ff9bdf36000 	C:\Windows\System32\DriverStore\FileRepository\iigd_dch.inf_amd64_341b0ed10e7d04b2\igdgmm64.dll
0x00007ff9bed10000 - 0x00007ff9c3ea8000 	C:\Windows\System32\DriverStore\FileRepository\iigd_dch.inf_amd64_341b0ed10e7d04b2\igc64.dll
0x00007ff9cdea0000 - 0x00007ff9cdf5f000 	C:\Windows\SYSTEM32\mscms.dll
0x00007ff9bbc40000 - 0x00007ff9bbc89000 	C:\Windows\SYSTEM32\icm32.dll
0x00007ff9a6030000 - 0x00007ff9a608e000 	C:\Users\ferch\AppData\Local\Temp\lwjgl_ferch\3.3.3-snapshot\x64\lwjgl_opengl.dll
0x00007ff9b3810000 - 0x00007ff9b3958000 	C:\Windows\SYSTEM32\textinputframework.dll
0x00007ff9ce2a0000 - 0x00007ff9ce582000 	C:\Windows\SYSTEM32\CoreUIComponents.dll
0x00007ff999a70000 - 0x00007ff999ae6000 	C:\Windows\system32\Oleacc.dll
0x00007ff99ba30000 - 0x00007ff99baec000 	C:\Users\ferch\AppData\Local\Temp\libgdxferch\d0673c77\gdx-freetype64.dll
0x00007ff9b8620000 - 0x00007ff9b867e000 	C:\Windows\system32\ApplicationTargetedFeatureDatabase.dll
0x00007ff9bd780000 - 0x00007ff9bd9cd000 	C:\Windows\System32\twinapi.appcore.dll
0x00007ff9a4e80000 - 0x00007ff9a4ed8000 	C:\Users\ferch\AppData\Local\Temp\libgdxferch\e861a04e\gdx-box2d64.dll

dbghelp: loaded successfully - version: 4.0.5 - missing functions: none
symbol engine: initialized successfully - sym options: 0x614 - pdb path: .;C:\Users\ferch\.jdks\temurin-17.0.17\bin;C:\Windows\SYSTEM32;C:\Windows\WinSxS\amd64_microsoft.windows.common-controls_6595b64144ccf1df_6.0.26100.8115_none_3e075c82e3354f9c;C:\Users\ferch\.jdks\temurin-17.0.17\bin\server;C:\Users\ferch\AppData\Local\Temp\libgdxferch\4c3cbe99;C:\Users\ferch\AppData\Local\Temp\lwjgl_ferch\3.3.3-snapshot\x64;C:\Windows\System32\DriverStore\FileRepository\iigd_dch.inf_amd64_341b0ed10e7d04b2;C:\Users\ferch\AppData\Local\Temp\libgdxferch\d0673c77;C:\Users\ferch\AppData\Local\Temp\libgdxferch\e861a04e

VM Arguments:
jvm_args: -javaagent:C:\Program Files\JetBrains\IntelliJ IDEA Community Edition 2025.2.5\lib\idea_rt.jar=54002 -Dfile.encoding=UTF-8 
java_command: ch.hevs.gdx2d.hello.Launch
java_class_path (initial): C:\Users\ferch\IdeaProjects\T2D\out\production\gdx2d-game;C:\Users\ferch\IdeaProjects\T2D\lib\gdx2d-desktop-1.3.0.jar;C:\Users\ferch\IdeaProjects\T2D\lib\accordion-1.2.0-jar-with-dependencies.jar;C:\Users\ferch\.ivy2\cache\org.scala-lang\scala-library\jars\scala-library-2.13.18.jar;C:\Users\ferch\.ivy2\cache\org.scala-lang\scala-reflect\jars\scala-reflect-2.13.18.jar
Launcher Type: SUN_STANDARD

[Global flags]
     intx CICompilerCount                          = 4                                         {product} {ergonomic}
     uint ConcGCThreads                            = 3                                         {product} {ergonomic}
     uint G1ConcRefinementThreads                  = 11                                        {product} {ergonomic}
   size_t G1HeapRegionSize                         = 4194304                                   {product} {ergonomic}
    uintx GCDrainStackTargetSize                   = 64                                        {product} {ergonomic}
   size_t InitialHeapSize                          = 528482304                                 {product} {ergonomic}
   size_t MarkStackSize                            = 4194304                                   {product} {ergonomic}
   size_t MaxHeapSize                              = 8438939648                                {product} {ergonomic}
   size_t MaxNewSize                               = 5062524928                                {product} {ergonomic}
   size_t MinHeapDeltaBytes                        = 4194304                                   {product} {ergonomic}
   size_t MinHeapSize                              = 8388608                                   {product} {ergonomic}
    uintx NonNMethodCodeHeapSize                   = 5839372                                {pd product} {ergonomic}
    uintx NonProfiledCodeHeapSize                  = 122909434                              {pd product} {ergonomic}
    uintx ProfiledCodeHeapSize                     = 122909434                              {pd product} {ergonomic}
    uintx ReservedCodeCacheSize                    = 251658240                              {pd product} {ergonomic}
     bool SegmentedCodeCache                       = true                                      {product} {ergonomic}
   size_t SoftMaxHeapSize                          = 8438939648                             {manageable} {ergonomic}
     bool UseCompressedClassPointers               = true                           {product lp64_product} {ergonomic}
     bool UseCompressedOops                        = true                           {product lp64_product} {ergonomic}
     bool UseG1GC                                  = true                                      {product} {ergonomic}
     bool UseLargePagesIndividualAllocation        = false                                  {pd product} {ergonomic}

Logging:
Log output configuration:
 #0: stdout all=warning uptime,level,tags
 #1: stderr all=off uptime,level,tags

Environment Variables:
PATH=C:\Windows\system32;C:\Windows;C:\Windows\System32\Wbem;C:\Windows\System32\WindowsPowerShell\v1.0\;C:\Windows\System32\OpenSSH\;C:\Program Files\dotnet\;C:\Program Files\Git\cmd;C:\Users\ferch\.local\bin;C:\Users\ferch\scoop\shims;C:\Users\ferch\AppData\Local\Microsoft\WindowsApps;C:\Users\ferch\AppData\Local\Programs\Microsoft VS Code\bin;C:\Users\ferch\AppData\Local\GitHubDesktop\bin;C:\Users\ferch\OneDrive\Documents\win64
USERNAME=ferch
OS=Windows_NT
PROCESSOR_IDENTIFIER=Intel64 Family 6 Model 181 Stepping 0, GenuineIntel
TMP=C:\Users\ferch\AppData\Local\Temp
TEMP=C:\Users\ferch\AppData\Local\Temp



Periodic native trim disabled


---------------  S Y S T E M  ---------------

OS:
 Windows 11 , 64 bit Build 26100 (10.0.26100.8246)
OS uptime: 17 days 0:03 hours
Hyper-V role detected

CPU: total 14 (initial active 14) (7 cores per cpu, 2 threads per core) family 6 model 181 stepping 0 microcode 0xa, cx8, cmov, fxsr, ht, mmx, 3dnowpref, sse, sse2, sse3, ssse3, sse4.1, sse4.2, popcnt, lzcnt, tsc, tscinvbit, avx, avx2, aes, erms, clmul, bmi1, bmi2, adx, sha, fma, vzeroupper, clflush, clflushopt, clwb, hv
Processor Information for processor 0
  Max Mhz: 2000, Current Mhz: 2000, Mhz Limit: 2000
Processor Information for processor 1
  Max Mhz: 2000, Current Mhz: 1500, Mhz Limit: 2000
Processor Information for processor 2
  Max Mhz: 1700, Current Mhz: 1700, Mhz Limit: 1700
Processor Information for processor 3
  Max Mhz: 1700, Current Mhz: 1478, Mhz Limit: 1700
Processor Information for processor 4
  Max Mhz: 1700, Current Mhz: 1700, Mhz Limit: 1700
Processor Information for processor 5
  Max Mhz: 1700, Current Mhz: 1700, Mhz Limit: 1700
Processor Information for processor 6
  Max Mhz: 1700, Current Mhz: 1700, Mhz Limit: 1700
Processor Information for processor 7
  Max Mhz: 1700, Current Mhz: 1700, Mhz Limit: 1700
Processor Information for processor 8
  Max Mhz: 1700, Current Mhz: 1700, Mhz Limit: 1700
Processor Information for processor 9
  Max Mhz: 1700, Current Mhz: 1478, Mhz Limit: 1700
Processor Information for processor 10
  Max Mhz: 2000, Current Mhz: 2000, Mhz Limit: 2000
Processor Information for processor 11
  Max Mhz: 2000, Current Mhz: 2000, Mhz Limit: 2000
Processor Information for processor 12
  Max Mhz: 700, Current Mhz: 700, Mhz Limit: 700
Processor Information for processor 13
  Max Mhz: 700, Current Mhz: 700, Mhz Limit: 700

Memory: 4k page, system-wide physical 32181M (13802M free)
TotalPageFile size 34229M (AvailPageFile size 8932M)
current process WorkingSet (physical memory assigned to process): 232M, peak: 351M
current process commit charge ("private bytes"): 776M, peak: 793M

vm_info: OpenJDK 64-Bit Server VM (17.0.17+10) for windows-amd64 JRE (17.0.17+10), built on Oct 21 2025 23:25:32 by "admin" with unknown MS VC++:1942

END.
